[ 2018-11-14T09:19:21+08:00 ] 127.0.0.1 /favicon.ico
INFO: [ app_init ] --START--
INFO: Run Behavior\BuildLiteBehavior [ RunTime:0.000000s ]
INFO: [ app_init ] --END-- [ RunTime:0.001000s ]
ERR: 无法加载模块:Favicon

[ 2018-11-14T09:19:25+08:00 ] 127.0.0.1 /Public/angels/js/lrz.all.bundle.js.map
INFO: [ app_init ] --START--
INFO: Run Behavior\BuildLiteBehavior [ RunTime:0.000000s ]
INFO: [ app_init ] --END-- [ RunTime:0.000000s ]
ERR: 无法加载模块:Public

[ 2018-11-14T09:19:55+08:00 ] 127.0.0.1 /favicon.ico
INFO: [ app_init ] --START--
INFO: Run Behavior\BuildLiteBehavior [ RunTime:0.000000s ]
INFO: [ app_init ] --END-- [ RunTime:0.000000s ]
ERR: 无法加载模块:Favicon

[ 2018-11-14T09:29:15+08:00 ] 127.0.0.1 /Public/kedt4110/lang/zh_CN.js
INFO: [ app_init ] --START--
INFO: Run Behavior\BuildLiteBehavior [ RunTime:0.000000s ]
INFO: [ app_init ] --END-- [ RunTime:0.001000s ]
ERR: 无法加载模块:Public

[ 2018-11-14T09:29:16+08:00 ] 127.0.0.1 /Public/kedt4110/themes/default/default.css
INFO: [ app_init ] --START--
INFO: Run Behavior\BuildLiteBehavior [ RunTime:0.000000s ]
INFO: [ app_init ] --END-- [ RunTime:0.001000s ]
ERR: 无法加载模块:Public

[ 2018-11-14T09:29:16+08:00 ] 127.0.0.1 /Public/kedt4110/kindeditor-min.js
INFO: [ app_init ] --START--
INFO: Run Behavior\BuildLiteBehavior [ RunTime:0.000000s ]
INFO: [ app_init ] --END-- [ RunTime:0.001000s ]
ERR: 无法加载模块:Public

[ 2018-11-14T09:29:16+08:00 ] 127.0.0.1 /Public/kedt4110/lang/zh_CN.js
INFO: [ app_init ] --START--
INFO: Run Behavior\BuildLiteBehavior [ RunTime:0.000000s ]
INFO: [ app_init ] --END-- [ RunTime:0.000000s ]
ERR: 无法加载模块:Public

[ 2018-11-14T09:29:17+08:00 ] 127.0.0.1 /Public/kedt4110/kindeditor-min.js
INFO: [ app_init ] --START--
INFO: Run Behavior\BuildLiteBehavior [ RunTime:0.000000s ]
INFO: [ app_init ] --END-- [ RunTime:0.000000s ]
ERR: 无法加载模块:Public

[ 2018-11-14T09:29:17+08:00 ] 127.0.0.1 /Public/kedt4110/lang/zh_CN.js
INFO: [ app_init ] --START--
INFO: Run Behavior\BuildLiteBehavior [ RunTime:0.000000s ]
INFO: [ app_init ] --END-- [ RunTime:0.000000s ]
ERR: 无法加载模块:Public

[ 2018-11-14T09:29:18+08:00 ] 127.0.0.1 /Public/kedt4110/themes/default/default.css
INFO: [ app_init ] --START--
INFO: Run Behavior\BuildLiteBehavior [ RunTime:0.000000s ]
INFO: [ app_init ] --END-- [ RunTime:0.001000s ]
ERR: 无法加载模块:Public

[ 2018-11-14T09:29:18+08:00 ] 127.0.0.1 /Public/kedt4110/lang/zh_CN.js
INFO: [ app_init ] --START--
INFO: Run Behavior\BuildLiteBehavior [ RunTime:0.000000s ]
INFO: [ app_init ] --END-- [ RunTime:0.001000s ]
ERR: 无法加载模块:Public

[ 2018-11-14T09:36:39+08:00 ] 127.0.0.1 /Public/angels/img/%E6%89%AB%E7%A0%81.png
INFO: [ app_init ] --START--
INFO: Run Behavior\BuildLiteBehavior [ RunTime:0.000000s ]
INFO: [ app_init ] --END-- [ RunTime:0.001000s ]
ERR: 无法加载模块:Public

[ 2018-11-14T09:36:45+08:00 ] 127.0.0.1 /Public/angels/img/%E6%89%AB%E7%A0%81.png
INFO: [ app_init ] --START--
INFO: Run Behavior\BuildLiteBehavior [ RunTime:0.000000s ]
INFO: [ app_init ] --END-- [ RunTime:0.000000s ]
ERR: 无法加载模块:Public

[ 2018-11-14T09:36:47+08:00 ] 127.0.0.1 /Public/angels/img/%E6%89%AB%E7%A0%81.png
INFO: [ app_init ] --START--
INFO: Run Behavior\BuildLiteBehavior [ RunTime:0.000000s ]
INFO: [ app_init ] --END-- [ RunTime:0.001000s ]
ERR: 无法加载模块:Public

[ 2018-11-14T09:36:50+08:00 ] 127.0.0.1 /Public/angels/img/%E6%89%AB%E7%A0%81.png
INFO: [ app_init ] --START--
INFO: Run Behavior\BuildLiteBehavior [ RunTime:0.000000s ]
INFO: [ app_init ] --END-- [ RunTime:0.001000s ]
ERR: 无法加载模块:Public

[ 2018-11-14T09:36:55+08:00 ] 127.0.0.1 /Public/angels/img/%E6%89%AB%E7%A0%81.png
INFO: [ app_init ] --START--
INFO: Run Behavior\BuildLiteBehavior [ RunTime:0.000000s ]
INFO: [ app_init ] --END-- [ RunTime:0.001000s ]
ERR: 无法加载模块:Public

[ 2018-11-14T09:36:58+08:00 ] 127.0.0.1 /Public/angels/img/%E6%89%AB%E7%A0%81.png
INFO: [ app_init ] --START--
INFO: Run Behavior\BuildLiteBehavior [ RunTime:0.000000s ]
INFO: [ app_init ] --END-- [ RunTime:0.000000s ]
ERR: 无法加载模块:Public

[ 2018-11-14T09:37:00+08:00 ] 127.0.0.1 /Public/angels/img/%E6%89%AB%E7%A0%81.png
INFO: [ app_init ] --START--
INFO: Run Behavior\BuildLiteBehavior [ RunTime:0.000000s ]
INFO: [ app_init ] --END-- [ RunTime:0.000000s ]
ERR: 无法加载模块:Public

[ 2018-11-14T09:37:02+08:00 ] 127.0.0.1 /Public/angels/img/%E6%89%AB%E7%A0%81.png
INFO: [ app_init ] --START--
INFO: Run Behavior\BuildLiteBehavior [ RunTime:0.000000s ]
INFO: [ app_init ] --END-- [ RunTime:0.001000s ]
ERR: 无法加载模块:Public

[ 2018-11-14T09:37:06+08:00 ] 127.0.0.1 /Public/angels/img/%E6%89%AB%E7%A0%81.png
INFO: [ app_init ] --START--
INFO: Run Behavior\BuildLiteBehavior [ RunTime:0.000000s ]
INFO: [ app_init ] --END-- [ RunTime:0.000000s ]
ERR: 无法加载模块:Public

[ 2018-11-14T09:40:09+08:00 ] 127.0.0.1 /Public/angels/img/%E6%89%AB%E7%A0%81.png
INFO: [ app_init ] --START--
INFO: Run Behavior\BuildLiteBehavior [ RunTime:0.000000s ]
INFO: [ app_init ] --END-- [ RunTime:0.001000s ]
ERR: 无法加载模块:Public

[ 2018-11-14T09:45:08+08:00 ] 127.0.0.1 /Public/kedt4110/themes/default/default.css
INFO: [ app_init ] --START--
INFO: Run Behavior\BuildLiteBehavior [ RunTime:0.000000s ]
INFO: [ app_init ] --END-- [ RunTime:0.000000s ]
ERR: 无法加载模块:Public

[ 2018-11-14T09:45:09+08:00 ] 127.0.0.1 /Public/kedt4110/lang/zh_CN.js
INFO: [ app_init ] --START--
INFO: Run Behavior\BuildLiteBehavior [ RunTime:0.000000s ]
INFO: [ app_init ] --END-- [ RunTime:0.000000s ]
ERR: 无法加载模块:Public

[ 2018-11-14T09:45:09+08:00 ] 127.0.0.1 /Public/kedt4110/kindeditor-min.js
INFO: [ app_init ] --START--
INFO: Run Behavior\BuildLiteBehavior [ RunTime:0.000000s ]
INFO: [ app_init ] --END-- [ RunTime:0.000000s ]
ERR: 无法加载模块:Public

[ 2018-11-14T09:45:09+08:00 ] 127.0.0.1 /Public/kedt4110/lang/zh_CN.js
INFO: [ app_init ] --START--
INFO: Run Behavior\BuildLiteBehavior [ RunTime:0.000000s ]
INFO: [ app_init ] --END-- [ RunTime:0.001000s ]
ERR: 无法加载模块:Public

[ 2018-11-14T09:46:47+08:00 ] 127.0.0.1 /Public/kedt4110/kindeditor-min.js
INFO: [ app_init ] --START--
INFO: Run Behavior\BuildLiteBehavior [ RunTime:0.000000s ]
INFO: [ app_init ] --END-- [ RunTime:0.001000s ]
ERR: 无法加载模块:Public

[ 2018-11-14T09:46:47+08:00 ] 127.0.0.1 /Public/kedt4110/lang/zh_CN.js
INFO: [ app_init ] --START--
INFO: Run Behavior\BuildLiteBehavior [ RunTime:0.000000s ]
INFO: [ app_init ] --END-- [ RunTime:0.001000s ]
ERR: 无法加载模块:Public

[ 2018-11-14T09:46:48+08:00 ] 127.0.0.1 /Public/kedt4110/themes/default/default.css
INFO: [ app_init ] --START--
INFO: Run Behavior\BuildLiteBehavior [ RunTime:0.000000s ]
INFO: [ app_init ] --END-- [ RunTime:0.000000s ]
ERR: 无法加载模块:Public

[ 2018-11-14T09:46:48+08:00 ] 127.0.0.1 /Public/kedt4110/lang/zh_CN.js
INFO: [ app_init ] --START--
INFO: Run Behavior\BuildLiteBehavior [ RunTime:0.000000s ]
INFO: [ app_init ] --END-- [ RunTime:0.000000s ]
ERR: 无法加载模块:Public

[ 2018-11-14T09:50:13+08:00 ] 127.0.0.1 /Public/kedt4110/kindeditor-min.js
INFO: [ app_init ] --START--
INFO: Run Behavior\BuildLiteBehavior [ RunTime:0.000000s ]
INFO: [ app_init ] --END-- [ RunTime:0.000000s ]
ERR: 无法加载模块:Public

[ 2018-11-14T09:50:14+08:00 ] 127.0.0.1 /Public/kedt4110/lang/zh_CN.js
INFO: [ app_init ] --START--
INFO: Run Behavior\BuildLiteBehavior [ RunTime:0.000000s ]
INFO: [ app_init ] --END-- [ RunTime:0.000000s ]
ERR: 无法加载模块:Public

[ 2018-11-14T09:50:14+08:00 ] 127.0.0.1 /Public/kedt4110/themes/default/default.css
INFO: [ app_init ] --START--
INFO: Run Behavior\BuildLiteBehavior [ RunTime:0.000000s ]
INFO: [ app_init ] --END-- [ RunTime:0.000000s ]
ERR: 无法加载模块:Public

[ 2018-11-14T09:50:15+08:00 ] 127.0.0.1 /Public/kedt4110/lang/zh_CN.js
INFO: [ app_init ] --START--
INFO: Run Behavior\BuildLiteBehavior [ RunTime:0.000000s ]
INFO: [ app_init ] --END-- [ RunTime:0.000000s ]
ERR: 无法加载模块:Public

[ 2018-11-14T09:51:23+08:00 ] 127.0.0.1 /Public/kedt4110/lang/zh_CN.js
INFO: [ app_init ] --START--
INFO: Run Behavior\BuildLiteBehavior [ RunTime:0.000000s ]
INFO: [ app_init ] --END-- [ RunTime:0.000000s ]
ERR: 无法加载模块:Public

[ 2018-11-14T09:51:23+08:00 ] 127.0.0.1 /Public/kedt4110/themes/default/default.css
INFO: [ app_init ] --START--
INFO: Run Behavior\BuildLiteBehavior [ RunTime:0.000000s ]
INFO: [ app_init ] --END-- [ RunTime:0.001000s ]
ERR: 无法加载模块:Public

[ 2018-11-14T09:51:24+08:00 ] 127.0.0.1 /Public/kedt4110/kindeditor-min.js
INFO: [ app_init ] --START--
INFO: Run Behavior\BuildLiteBehavior [ RunTime:0.000000s ]
INFO: [ app_init ] --END-- [ RunTime:0.001000s ]
ERR: 无法加载模块:Public

[ 2018-11-14T09:51:24+08:00 ] 127.0.0.1 /Public/kedt4110/lang/zh_CN.js
INFO: [ app_init ] --START--
INFO: Run Behavior\BuildLiteBehavior [ RunTime:0.000000s ]
INFO: [ app_init ] --END-- [ RunTime:0.000000s ]
ERR: 无法加载模块:Public

[ 2018-11-14T09:51:54+08:00 ] 127.0.0.1 /Public/uploads/product/3321/1542160304_1488.jpg
INFO: [ app_init ] --START--
INFO: Run Behavior\BuildLiteBehavior [ RunTime:0.000000s ]
INFO: [ app_init ] --END-- [ RunTime:0.000000s ]
ERR: 无法加载模块:Public

[ 2018-11-14T09:51:58+08:00 ] 127.0.0.1 /Public/uploads/product/3321/1542160304_1488.jpg
INFO: [ app_init ] --START--
INFO: Run Behavior\BuildLiteBehavior [ RunTime:0.000000s ]
INFO: [ app_init ] --END-- [ RunTime:0.000000s ]
ERR: 无法加载模块:Public

[ 2018-11-14T09:52:12+08:00 ] 127.0.0.1 /Public/uploads/product/3321/1542160304_1488.jpg
INFO: [ app_init ] --START--
INFO: Run Behavior\BuildLiteBehavior [ RunTime:0.000000s ]
INFO: [ app_init ] --END-- [ RunTime:0.000000s ]
ERR: 无法加载模块:Public

[ 2018-11-14T09:52:23+08:00 ] 127.0.0.1 /Public/kedt4110/kindeditor-min.js
INFO: [ app_init ] --START--
INFO: Run Behavior\BuildLiteBehavior [ RunTime:0.000000s ]
INFO: [ app_init ] --END-- [ RunTime:0.000000s ]
ERR: 无法加载模块:Public

[ 2018-11-14T09:52:23+08:00 ] 127.0.0.1 /Public/kedt4110/lang/zh_CN.js
INFO: [ app_init ] --START--
INFO: Run Behavior\BuildLiteBehavior [ RunTime:0.000000s ]
INFO: [ app_init ] --END-- [ RunTime:0.000000s ]
ERR: 无法加载模块:Public

[ 2018-11-14T09:52:24+08:00 ] 127.0.0.1 /Public/kedt4110/themes/default/default.css
INFO: [ app_init ] --START--
INFO: Run Behavior\BuildLiteBehavior [ RunTime:0.000000s ]
INFO: [ app_init ] --END-- [ RunTime:0.000000s ]
ERR: 无法加载模块:Public

[ 2018-11-14T09:52:24+08:00 ] 127.0.0.1 /Public/kedt4110/lang/zh_CN.js
INFO: [ app_init ] --START--
INFO: Run Behavior\BuildLiteBehavior [ RunTime:0.000000s ]
INFO: [ app_init ] --END-- [ RunTime:0.000000s ]
ERR: 无法加载模块:Public

[ 2018-11-14T09:53:17+08:00 ] 127.0.0.1 /Public/kedt4110/themes/default/default.css
INFO: [ app_init ] --START--
INFO: Run Behavior\BuildLiteBehavior [ RunTime:0.000000s ]
INFO: [ app_init ] --END-- [ RunTime:0.001000s ]
ERR: 无法加载模块:Public

[ 2018-11-14T09:53:18+08:00 ] 127.0.0.1 /Public/kedt4110/lang/zh_CN.js
INFO: [ app_init ] --START--
INFO: Run Behavior\BuildLiteBehavior [ RunTime:0.000000s ]
INFO: [ app_init ] --END-- [ RunTime:0.000000s ]
ERR: 无法加载模块:Public

[ 2018-11-14T09:53:18+08:00 ] 127.0.0.1 /Public/kedt4110/kindeditor-min.js
INFO: [ app_init ] --START--
INFO: Run Behavior\BuildLiteBehavior [ RunTime:0.000000s ]
INFO: [ app_init ] --END-- [ RunTime:0.000000s ]
ERR: 无法加载模块:Public

[ 2018-11-14T09:53:18+08:00 ] 127.0.0.1 /Public/kedt4110/lang/zh_CN.js
INFO: [ app_init ] --START--
INFO: Run Behavior\BuildLiteBehavior [ RunTime:0.000000s ]
INFO: [ app_init ] --END-- [ RunTime:0.000000s ]
ERR: 无法加载模块:Public

[ 2018-11-14T09:53:45+08:00 ] 127.0.0.1 /Public/kedt4110/kindeditor-min.js
INFO: [ app_init ] --START--
INFO: Run Behavior\BuildLiteBehavior [ RunTime:0.000000s ]
INFO: [ app_init ] --END-- [ RunTime:0.000000s ]
ERR: 无法加载模块:Public

[ 2018-11-14T09:53:45+08:00 ] 127.0.0.1 /Public/kedt4110/themes/default/default.css
INFO: [ app_init ] --START--
INFO: Run Behavior\BuildLiteBehavior [ RunTime:0.000000s ]
INFO: [ app_init ] --END-- [ RunTime:0.001000s ]
ERR: 无法加载模块:Public

[ 2018-11-14T09:53:46+08:00 ] 127.0.0.1 /Public/kedt4110/lang/zh_CN.js
INFO: [ app_init ] --START--
INFO: Run Behavior\BuildLiteBehavior [ RunTime:0.000000s ]
INFO: [ app_init ] --END-- [ RunTime:0.001000s ]
ERR: 无法加载模块:Public

[ 2018-11-14T09:54:11+08:00 ] 127.0.0.1 /Public/uploads/product/3321/1542160304_1488.jpg
INFO: [ app_init ] --START--
INFO: Run Behavior\BuildLiteBehavior [ RunTime:0.000000s ]
INFO: [ app_init ] --END-- [ RunTime:0.001000s ]
ERR: 无法加载模块:Public

[ 2018-11-14T09:54:39+08:00 ] 127.0.0.1 /Public/kedt4110/themes/default/default.css
INFO: [ app_init ] --START--
INFO: Run Behavior\BuildLiteBehavior [ RunTime:0.000000s ]
INFO: [ app_init ] --END-- [ RunTime:0.001000s ]
ERR: 无法加载模块:Public

[ 2018-11-14T09:54:39+08:00 ] 127.0.0.1 /Public/kedt4110/kindeditor-min.js
INFO: [ app_init ] --START--
INFO: Run Behavior\BuildLiteBehavior [ RunTime:0.000000s ]
INFO: [ app_init ] --END-- [ RunTime:0.000000s ]
ERR: 无法加载模块:Public

[ 2018-11-14T09:54:40+08:00 ] 127.0.0.1 /Public/kedt4110/lang/zh_CN.js
INFO: [ app_init ] --START--
INFO: Run Behavior\BuildLiteBehavior [ RunTime:0.000000s ]
INFO: [ app_init ] --END-- [ RunTime:0.001000s ]
ERR: 无法加载模块:Public

[ 2018-11-14T09:55:04+08:00 ] 127.0.0.1 /Public/kedt4110/kindeditor-min.js
INFO: [ app_init ] --START--
INFO: Run Behavior\BuildLiteBehavior [ RunTime:0.000000s ]
INFO: [ app_init ] --END-- [ RunTime:0.001000s ]
ERR: 无法加载模块:Public

[ 2018-11-14T09:55:04+08:00 ] 127.0.0.1 /Public/kedt4110/lang/zh_CN.js
INFO: [ app_init ] --START--
INFO: Run Behavior\BuildLiteBehavior [ RunTime:0.000000s ]
INFO: [ app_init ] --END-- [ RunTime:0.001000s ]
ERR: 无法加载模块:Public

[ 2018-11-14T09:55:14+08:00 ] 127.0.0.1 /Public/kedt4110/lang/zh_CN.js
INFO: [ app_init ] --START--
INFO: Run Behavior\BuildLiteBehavior [ RunTime:0.000000s ]
INFO: [ app_init ] --END-- [ RunTime:0.000000s ]
ERR: 无法加载模块:Public

[ 2018-11-14T09:55:14+08:00 ] 127.0.0.1 /Public/kedt4110/themes/default/default.css
INFO: [ app_init ] --START--
INFO: Run Behavior\BuildLiteBehavior [ RunTime:0.000000s ]
INFO: [ app_init ] --END-- [ RunTime:0.000000s ]
ERR: 无法加载模块:Public

[ 2018-11-14T09:55:15+08:00 ] 127.0.0.1 /Public/kedt4110/kindeditor-min.js
INFO: [ app_init ] --START--
INFO: Run Behavior\BuildLiteBehavior [ RunTime:0.000000s ]
INFO: [ app_init ] --END-- [ RunTime:0.001000s ]
ERR: 无法加载模块:Public

[ 2018-11-14T09:55:15+08:00 ] 127.0.0.1 /Public/kedt4110/lang/zh_CN.js
INFO: [ app_init ] --START--
INFO: Run Behavior\BuildLiteBehavior [ RunTime:0.000000s ]
INFO: [ app_init ] --END-- [ RunTime:0.001000s ]
ERR: 无法加载模块:Public

[ 2018-11-14T09:56:25+08:00 ] 127.0.0.1 /Public/kedt4110/lang/zh_CN.js
INFO: [ app_init ] --START--
INFO: Run Behavior\BuildLiteBehavior [ RunTime:0.000000s ]
INFO: [ app_init ] --END-- [ RunTime:0.000000s ]
ERR: 无法加载模块:Public

[ 2018-11-14T09:56:25+08:00 ] 127.0.0.1 /Public/kedt4110/themes/default/default.css
INFO: [ app_init ] --START--
INFO: Run Behavior\BuildLiteBehavior [ RunTime:0.000000s ]
INFO: [ app_init ] --END-- [ RunTime:0.000000s ]
ERR: 无法加载模块:Public

[ 2018-11-14T09:56:26+08:00 ] 127.0.0.1 /Public/kedt4110/kindeditor-min.js
INFO: [ app_init ] --START--
INFO: Run Behavior\BuildLiteBehavior [ RunTime:0.000000s ]
INFO: [ app_init ] --END-- [ RunTime:0.001000s ]
ERR: 无法加载模块:Public

[ 2018-11-14T09:56:26+08:00 ] 127.0.0.1 /Public/kedt4110/lang/zh_CN.js
INFO: [ app_init ] --START--
INFO: Run Behavior\BuildLiteBehavior [ RunTime:0.000000s ]
INFO: [ app_init ] --END-- [ RunTime:0.000000s ]
ERR: 无法加载模块:Public

[ 2018-11-14T09:59:17+08:00 ] 127.0.0.1 /Public/kedt4110/lang/zh_CN.js
INFO: [ app_init ] --START--
INFO: Run Behavior\BuildLiteBehavior [ RunTime:0.000000s ]
INFO: [ app_init ] --END-- [ RunTime:0.000000s ]
ERR: 无法加载模块:Public

[ 2018-11-14T09:59:18+08:00 ] 127.0.0.1 /Public/kedt4110/themes/default/default.css
INFO: [ app_init ] --START--
INFO: Run Behavior\BuildLiteBehavior [ RunTime:0.000000s ]
INFO: [ app_init ] --END-- [ RunTime:0.000000s ]
ERR: 无法加载模块:Public

[ 2018-11-14T09:59:18+08:00 ] 127.0.0.1 /Public/kedt4110/kindeditor-min.js
INFO: [ app_init ] --START--
INFO: Run Behavior\BuildLiteBehavior [ RunTime:0.000000s ]
INFO: [ app_init ] --END-- [ RunTime:0.000000s ]
ERR: 无法加载模块:Public

[ 2018-11-14T09:59:18+08:00 ] 127.0.0.1 /Public/kedt4110/lang/zh_CN.js
INFO: [ app_init ] --START--
INFO: Run Behavior\BuildLiteBehavior [ RunTime:0.000000s ]
INFO: [ app_init ] --END-- [ RunTime:0.000000s ]
ERR: 无法加载模块:Public

[ 2018-11-14T09:59:25+08:00 ] 127.0.0.1 /Public/kedt4110/kindeditor-min.js
INFO: [ app_init ] --START--
INFO: Run Behavior\BuildLiteBehavior [ RunTime:0.000000s ]
INFO: [ app_init ] --END-- [ RunTime:0.000000s ]
ERR: 无法加载模块:Public

[ 2018-11-14T09:59:25+08:00 ] 127.0.0.1 /Public/kedt4110/themes/default/default.css
INFO: [ app_init ] --START--
INFO: Run Behavior\BuildLiteBehavior [ RunTime:0.000000s ]
INFO: [ app_init ] --END-- [ RunTime:0.000000s ]
ERR: 无法加载模块:Public

[ 2018-11-14T09:59:26+08:00 ] 127.0.0.1 /Public/kedt4110/lang/zh_CN.js
INFO: [ app_init ] --START--
INFO: Run Behavior\BuildLiteBehavior [ RunTime:0.000000s ]
INFO: [ app_init ] --END-- [ RunTime:0.001000s ]
ERR: 无法加载模块:Public

[ 2018-11-14T09:59:28+08:00 ] 127.0.0.1 /Public/kedt4110/themes/default/default.css
INFO: [ app_init ] --START--
INFO: Run Behavior\BuildLiteBehavior [ RunTime:0.000000s ]
INFO: [ app_init ] --END-- [ RunTime:0.000000s ]
ERR: 无法加载模块:Public

[ 2018-11-14T09:59:28+08:00 ] 127.0.0.1 /Public/kedt4110/kindeditor-min.js
INFO: [ app_init ] --START--
INFO: Run Behavior\BuildLiteBehavior [ RunTime:0.000000s ]
INFO: [ app_init ] --END-- [ RunTime:0.000000s ]
ERR: 无法加载模块:Public

[ 2018-11-14T09:59:29+08:00 ] 127.0.0.1 /Public/kedt4110/lang/zh_CN.js
INFO: [ app_init ] --START--
INFO: Run Behavior\BuildLiteBehavior [ RunTime:0.000000s ]
INFO: [ app_init ] --END-- [ RunTime:0.001000s ]
ERR: 无法加载模块:Public

[ 2018-11-14T10:00:13+08:00 ] 127.0.0.1 /Public/angels/img/%E6%89%AB%E7%A0%81.png
INFO: [ app_init ] --START--
INFO: Run Behavior\BuildLiteBehavior [ RunTime:0.000000s ]
INFO: [ app_init ] --END-- [ RunTime:0.000000s ]
ERR: 无法加载模块:Public

[ 2018-11-14T10:00:19+08:00 ] 127.0.0.1 /Public/angels/img/%E6%89%AB%E7%A0%81.png
INFO: [ app_init ] --START--
INFO: Run Behavior\BuildLiteBehavior [ RunTime:0.000000s ]
INFO: [ app_init ] --END-- [ RunTime:0.000000s ]
ERR: 无法加载模块:Public

[ 2018-11-14T10:00:22+08:00 ] 127.0.0.1 /Public/angels/img/%E6%89%AB%E7%A0%81.png
INFO: [ app_init ] --START--
INFO: Run Behavior\BuildLiteBehavior [ RunTime:0.000000s ]
INFO: [ app_init ] --END-- [ RunTime:0.001000s ]
ERR: 无法加载模块:Public

[ 2018-11-14T10:11:53+08:00 ] 127.0.0.1 /Public/Kangli/static/chuanshu_min.png
INFO: [ app_init ] --START--
INFO: Run Behavior\BuildLiteBehavior [ RunTime:0.000000s ]
INFO: [ app_init ] --END-- [ RunTime:0.000000s ]
ERR: 无法加载模块:Public

[ 2018-11-14T10:21:56+08:00 ] 127.0.0.1 /Public/uploads/product/3321/1542160304_1488.jpg
INFO: [ app_init ] --START--
INFO: Run Behavior\BuildLiteBehavior [ RunTime:0.000000s ]
INFO: [ app_init ] --END-- [ RunTime:0.000000s ]
ERR: 无法加载模块:Public

[ 2018-11-14T10:25:18+08:00 ] 127.0.0.1 /Public/uploads/product/3321/1542160304_1488.jpg
INFO: [ app_init ] --START--
INFO: Run Behavior\BuildLiteBehavior [ RunTime:0.000000s ]
INFO: [ app_init ] --END-- [ RunTime:0.001000s ]
ERR: 无法加载模块:Public

[ 2018-11-14T10:25:22+08:00 ] 127.0.0.1 /Public/angels/img/%E6%89%AB%E7%A0%81.png
INFO: [ app_init ] --START--
INFO: Run Behavior\BuildLiteBehavior [ RunTime:0.000000s ]
INFO: [ app_init ] --END-- [ RunTime:0.000000s ]
ERR: 无法加载模块:Public

[ 2018-11-14T10:28:33+08:00 ] 127.0.0.1 /Public/angels/img/%E6%89%AB%E7%A0%81.png
INFO: [ app_init ] --START--
INFO: Run Behavior\BuildLiteBehavior [ RunTime:0.000000s ]
INFO: [ app_init ] --END-- [ RunTime:0.001000s ]
ERR: 无法加载模块:Public

[ 2018-11-14T10:28:35+08:00 ] 127.0.0.1 /Public/angels/img/%E6%89%AB%E7%A0%81.png
INFO: [ app_init ] --START--
INFO: Run Behavior\BuildLiteBehavior [ RunTime:0.000000s ]
INFO: [ app_init ] --END-- [ RunTime:0.001000s ]
ERR: 无法加载模块:Public

[ 2018-11-14T10:28:44+08:00 ] 127.0.0.1 /Public/angels/img/%E6%89%AB%E7%A0%81.png
INFO: [ app_init ] --START--
INFO: Run Behavior\BuildLiteBehavior [ RunTime:0.000000s ]
INFO: [ app_init ] --END-- [ RunTime:0.001000s ]
ERR: 无法加载模块:Public

[ 2018-11-14T10:48:06+08:00 ] 127.0.0.1 /Public/angels/img/%E6%89%AB%E7%A0%81.png
INFO: [ app_init ] --START--
INFO: Run Behavior\BuildLiteBehavior [ RunTime:0.000000s ]
INFO: [ app_init ] --END-- [ RunTime:0.001000s ]
ERR: 无法加载模块:Public

[ 2018-11-14T10:52:39+08:00 ] 127.0.0.1 /Public/angels/img/%E6%89%AB%E7%A0%81.png
INFO: [ app_init ] --START--
INFO: Run Behavior\BuildLiteBehavior [ RunTime:0.000000s ]
INFO: [ app_init ] --END-- [ RunTime:0.000000s ]
ERR: 无法加载模块:Public

[ 2018-11-14T10:52:43+08:00 ] 127.0.0.1 /Public/angels/img/%E6%89%AB%E7%A0%81.png
INFO: [ app_init ] --START--
INFO: Run Behavior\BuildLiteBehavior [ RunTime:0.000000s ]
INFO: [ app_init ] --END-- [ RunTime:0.001000s ]
ERR: 无法加载模块:Public

[ 2018-11-14T10:52:46+08:00 ] 127.0.0.1 /Public/angels/img/%E6%89%AB%E7%A0%81.png
INFO: [ app_init ] --START--
INFO: Run Behavior\BuildLiteBehavior [ RunTime:0.000000s ]
INFO: [ app_init ] --END-- [ RunTime:0.001000s ]
ERR: 无法加载模块:Public

[ 2018-11-14T10:52:48+08:00 ] 127.0.0.1 /Public/angels/img/%E6%89%AB%E7%A0%81.png
INFO: [ app_init ] --START--
INFO: Run Behavior\BuildLiteBehavior [ RunTime:0.000000s ]
INFO: [ app_init ] --END-- [ RunTime:0.001000s ]
ERR: 无法加载模块:Public

[ 2018-11-14T10:52:52+08:00 ] 127.0.0.1 /Public/angels/js/lrz.all.bundle.js.map
INFO: [ app_init ] --START--
INFO: Run Behavior\BuildLiteBehavior [ RunTime:0.000000s ]
INFO: [ app_init ] --END-- [ RunTime:0.000000s ]
ERR: 无法加载模块:Public

[ 2018-11-14T10:53:09+08:00 ] 127.0.0.1 /Public/angels/img/%E6%89%AB%E7%A0%81.png
INFO: [ app_init ] --START--
INFO: Run Behavior\BuildLiteBehavior [ RunTime:0.000000s ]
INFO: [ app_init ] --END-- [ RunTime:0.000000s ]
ERR: 无法加载模块:Public

[ 2018-11-14T11:03:47+08:00 ] 127.0.0.1 /Public/angels/js/lrz.all.bundle.js.map
INFO: [ app_init ] --START--
INFO: Run Behavior\BuildLiteBehavior [ RunTime:0.000000s ]
INFO: [ app_init ] --END-- [ RunTime:0.000000s ]
ERR: 无法加载模块:Public

[ 2018-11-14T11:03:54+08:00 ] 127.0.0.1 /Public/uploads/product/3321/1542160304_1488.jpg
INFO: [ app_init ] --START--
INFO: Run Behavior\BuildLiteBehavior [ RunTime:0.000000s ]
INFO: [ app_init ] --END-- [ RunTime:0.000000s ]
ERR: 无法加载模块:Public

[ 2018-11-14T11:03:59+08:00 ] 127.0.0.1 /Public/angels/img/%E6%89%AB%E7%A0%81.png
INFO: [ app_init ] --START--
INFO: Run Behavior\BuildLiteBehavior [ RunTime:0.000000s ]
INFO: [ app_init ] --END-- [ RunTime:0.000000s ]
ERR: 无法加载模块:Public

[ 2018-11-14T11:04:17+08:00 ] 127.0.0.1 /Public/angels/img/%E6%89%AB%E7%A0%81.png
INFO: [ app_init ] --START--
INFO: Run Behavior\BuildLiteBehavior [ RunTime:0.000000s ]
INFO: [ app_init ] --END-- [ RunTime:0.001000s ]
ERR: 无法加载模块:Public

[ 2018-11-14T11:06:08+08:00 ] 127.0.0.1 /Public/angels/img/%E6%89%AB%E7%A0%81.png
INFO: [ app_init ] --START--
INFO: Run Behavior\BuildLiteBehavior [ RunTime:0.000000s ]
INFO: [ app_init ] --END-- [ RunTime:0.000000s ]
ERR: 无法加载模块:Public

[ 2018-11-14T11:07:00+08:00 ] 127.0.0.1 /Public/angels/img/%E6%89%AB%E7%A0%81.png
INFO: [ app_init ] --START--
INFO: Run Behavior\BuildLiteBehavior [ RunTime:0.000000s ]
INFO: [ app_init ] --END-- [ RunTime:0.001000s ]
ERR: 无法加载模块:Public

[ 2018-11-14T11:08:07+08:00 ] 127.0.0.1 /Public/angels/img/%E6%89%AB%E7%A0%81.png
INFO: [ app_init ] --START--
INFO: Run Behavior\BuildLiteBehavior [ RunTime:0.000000s ]
INFO: [ app_init ] --END-- [ RunTime:0.001000s ]
ERR: 无法加载模块:Public

[ 2018-11-14T11:08:13+08:00 ] 127.0.0.1 /Public/angels/img/%E6%89%AB%E7%A0%81.png
INFO: [ app_init ] --START--
INFO: Run Behavior\BuildLiteBehavior [ RunTime:0.000000s ]
INFO: [ app_init ] --END-- [ RunTime:0.000000s ]
ERR: 无法加载模块:Public

[ 2018-11-14T11:08:17+08:00 ] 127.0.0.1 /Public/angels/img/%E6%89%AB%E7%A0%81.png
INFO: [ app_init ] --START--
INFO: Run Behavior\BuildLiteBehavior [ RunTime:0.000000s ]
INFO: [ app_init ] --END-- [ RunTime:0.000000s ]
ERR: 无法加载模块:Public

[ 2018-11-14T11:18:51+08:00 ] 127.0.0.1 /Public/angels/img/%E6%89%AB%E7%A0%81.png
INFO: [ app_init ] --START--
INFO: Run Behavior\BuildLiteBehavior [ RunTime:0.000000s ]
INFO: [ app_init ] --END-- [ RunTime:0.001000s ]
ERR: 无法加载模块:Public

[ 2018-11-14T11:19:56+08:00 ] 127.0.0.1 /Public/angels/img/%E6%89%AB%E7%A0%81.png
INFO: [ app_init ] --START--
INFO: Run Behavior\BuildLiteBehavior [ RunTime:0.000000s ]
INFO: [ app_init ] --END-- [ RunTime:0.001000s ]
ERR: 无法加载模块:Public

[ 2018-11-14T11:20:59+08:00 ] 127.0.0.1 /Public/angels/img/%E6%89%AB%E7%A0%81.png
INFO: [ app_init ] --START--
INFO: Run Behavior\BuildLiteBehavior [ RunTime:0.000000s ]
INFO: [ app_init ] --END-- [ RunTime:0.000000s ]
ERR: 无法加载模块:Public

[ 2018-11-14T11:22:43+08:00 ] 127.0.0.1 /Public/angels/img/%E6%89%AB%E7%A0%81.png
INFO: [ app_init ] --START--
INFO: Run Behavior\BuildLiteBehavior [ RunTime:0.000000s ]
INFO: [ app_init ] --END-- [ RunTime:0.000000s ]
ERR: 无法加载模块:Public

[ 2018-11-14T11:22:49+08:00 ] 127.0.0.1 /Public/uploads/product/3321/1542160304_1488.jpg
INFO: [ app_init ] --START--
INFO: Run Behavior\BuildLiteBehavior [ RunTime:0.000000s ]
INFO: [ app_init ] --END-- [ RunTime:0.000000s ]
ERR: 无法加载模块:Public

[ 2018-11-14T12:06:33+08:00 ] 127.0.0.1 /Public/angels/img/%E6%89%AB%E7%A0%81.png
INFO: [ app_init ] --START--
INFO: Run Behavior\BuildLiteBehavior [ RunTime:0.000000s ]
INFO: [ app_init ] --END-- [ RunTime:0.001000s ]
ERR: 无法加载模块:Public

[ 2018-11-14T14:14:39+08:00 ] 127.0.0.1 /Public/uploads/product/3321/1542160304_1488.jpg
INFO: [ app_init ] --START--
INFO: Run Behavior\BuildLiteBehavior [ RunTime:0.000000s ]
INFO: [ app_init ] --END-- [ RunTime:0.001000s ]
ERR: 无法加载模块:Public

[ 2018-11-14T14:14:42+08:00 ] 127.0.0.1 /Public/angels/img/%E6%89%AB%E7%A0%81.png
INFO: [ app_init ] --START--
INFO: Run Behavior\BuildLiteBehavior [ RunTime:0.000000s ]
INFO: [ app_init ] --END-- [ RunTime:0.000000s ]
ERR: 无法加载模块:Public

[ 2018-11-14T14:16:39+08:00 ] 127.0.0.1 /Public/angels/img/%E6%89%AB%E7%A0%81.png
INFO: [ app_init ] --START--
INFO: Run Behavior\BuildLiteBehavior [ RunTime:0.000000s ]
INFO: [ app_init ] --END-- [ RunTime:0.000000s ]
ERR: 无法加载模块:Public

[ 2018-11-14T14:16:40+08:00 ] 127.0.0.1 /public/uploads/dealer/3321/1542176200_1_4431.jpg
INFO: [ app_init ] --START--
INFO: Run Behavior\BuildLiteBehavior [ RunTime:0.000000s ]
INFO: [ app_init ] --END-- [ RunTime:0.000000s ]
ERR: 无法加载模块:Public

[ 2018-11-14T14:17:45+08:00 ] 127.0.0.1 /Public/angels/img/%E6%89%AB%E7%A0%81.png
INFO: [ app_init ] --START--
INFO: Run Behavior\BuildLiteBehavior [ RunTime:0.000000s ]
INFO: [ app_init ] --END-- [ RunTime:0.000000s ]
ERR: 无法加载模块:Public

[ 2018-11-14T14:45:21+08:00 ] 127.0.0.1 /Public/angels/img/%E5%85%AC%E5%8F%B8%E4%BB%8B%E7%BB%8D@3x.png
INFO: [ app_init ] --START--
INFO: Run Behavior\BuildLiteBehavior [ RunTime:0.000000s ]
INFO: [ app_init ] --END-- [ RunTime:0.000000s ]
ERR: 无法加载模块:Public

[ 2018-11-14T14:45:21+08:00 ] 127.0.0.1 /Public/angels/img/%E4%BA%A7%E5%93%81%E4%B8%AD%E5%BF%83@3x.png
INFO: [ app_init ] --START--
INFO: Run Behavior\BuildLiteBehavior [ RunTime:0.000000s ]
INFO: [ app_init ] --END-- [ RunTime:0.000000s ]
ERR: 无法加载模块:Public

[ 2018-11-14T14:45:21+08:00 ] 127.0.0.1 /Public/angels/img/%E4%BB%A3%E7%90%86%E6%9F%A5%E8%AF%A2@3x.png
INFO: [ app_init ] --START--
INFO: Run Behavior\BuildLiteBehavior [ RunTime:0.000000s ]
INFO: [ app_init ] --END-- [ RunTime:0.000000s ]
ERR: 无法加载模块:Public

[ 2018-11-14T14:45:21+08:00 ] 127.0.0.1 /Public/angels/img/%E6%8A%95%E8%AF%89%E5%BB%BA%E8%AE%AE@2x.png
INFO: [ app_init ] --START--
INFO: Run Behavior\BuildLiteBehavior [ RunTime:0.000000s ]
INFO: [ app_init ] --END-- [ RunTime:0.000000s ]
ERR: 无法加载模块:Public

[ 2018-11-14T14:45:21+08:00 ] 127.0.0.1 /Public/angels/img/%E6%88%91%E8%A6%81%E4%BB%A3%E7%90%86@3x.png
INFO: [ app_init ] --START--
INFO: Run Behavior\BuildLiteBehavior [ RunTime:0.000000s ]
INFO: [ app_init ] --END-- [ RunTime:0.000000s ]
ERR: 无法加载模块:Public

[ 2018-11-14T14:45:22+08:00 ] 127.0.0.1 /Public/angels/img/%E4%B9%B0%E5%AE%B6%E7%A7%80@3x.png
INFO: [ app_init ] --START--
INFO: Run Behavior\BuildLiteBehavior [ RunTime:0.000000s ]
INFO: [ app_init ] --END-- [ RunTime:0.000000s ]
ERR: 无法加载模块:Public

[ 2018-11-14T14:45:23+08:00 ] 127.0.0.1 /Public/angels/img/%E5%85%B3%E6%B3%A8%E5%BE%AE%E4%BF%A1@3x.png
INFO: [ app_init ] --START--
INFO: Run Behavior\BuildLiteBehavior [ RunTime:0.000000s ]
INFO: [ app_init ] --END-- [ RunTime:0.000000s ]
ERR: 无法加载模块:Public

[ 2018-11-14T14:45:23+08:00 ] 127.0.0.1 /Public/angels/img/%E9%98%B2%E4%BC%AA%E6%9F%A5%E8%AF%A2@3x.png
INFO: [ app_init ] --START--
INFO: Run Behavior\BuildLiteBehavior [ RunTime:0.000000s ]
INFO: [ app_init ] --END-- [ RunTime:0.000000s ]
ERR: 无法加载模块:Public

[ 2018-11-14T14:45:23+08:00 ] 127.0.0.1 /Public/angels/img/%E4%BC%81%E4%B8%9A%E5%8A%A8%E6%80%81@3x.png
INFO: [ app_init ] --START--
INFO: Run Behavior\BuildLiteBehavior [ RunTime:0.000000s ]
INFO: [ app_init ] --END-- [ RunTime:0.000000s ]
ERR: 无法加载模块:Public

[ 2018-11-14T14:45:25+08:00 ] 127.0.0.1 /Public/angels/img/%E5%85%AC%E5%8F%B8%E4%BB%8B%E7%BB%8D@3x.png
INFO: [ app_init ] --START--
INFO: Run Behavior\BuildLiteBehavior [ RunTime:0.000000s ]
INFO: [ app_init ] --END-- [ RunTime:0.001000s ]
ERR: 无法加载模块:Public

[ 2018-11-14T14:45:25+08:00 ] 127.0.0.1 /Public/angels/img/%E4%BA%A7%E5%93%81%E4%B8%AD%E5%BF%83@3x.png
INFO: [ app_init ] --START--
INFO: Run Behavior\BuildLiteBehavior [ RunTime:0.000000s ]
INFO: [ app_init ] --END-- [ RunTime:0.000000s ]
ERR: 无法加载模块:Public

[ 2018-11-14T14:45:25+08:00 ] 127.0.0.1 /Public/angels/img/%E4%B9%B0%E5%AE%B6%E7%A7%80@3x.png
INFO: [ app_init ] --START--
INFO: Run Behavior\BuildLiteBehavior [ RunTime:0.000000s ]
INFO: [ app_init ] --END-- [ RunTime:0.001000s ]
ERR: 无法加载模块:Public

[ 2018-11-14T14:45:25+08:00 ] 127.0.0.1 /Public/angels/img/%E9%98%B2%E4%BC%AA%E6%9F%A5%E8%AF%A2@3x.png
INFO: [ app_init ] --START--
INFO: Run Behavior\BuildLiteBehavior [ RunTime:0.000000s ]
INFO: [ app_init ] --END-- [ RunTime:0.001000s ]
ERR: 无法加载模块:Public

[ 2018-11-14T14:45:25+08:00 ] 127.0.0.1 /Public/angels/img/%E4%BB%A3%E7%90%86%E6%9F%A5%E8%AF%A2@3x.png
INFO: [ app_init ] --START--
INFO: Run Behavior\BuildLiteBehavior [ RunTime:0.000000s ]
INFO: [ app_init ] --END-- [ RunTime:0.000000s ]
ERR: 无法加载模块:Public

[ 2018-11-14T14:45:25+08:00 ] 127.0.0.1 /Public/angels/img/%E5%85%B3%E6%B3%A8%E5%BE%AE%E4%BF%A1@3x.png
INFO: [ app_init ] --START--
INFO: Run Behavior\BuildLiteBehavior [ RunTime:0.000000s ]
INFO: [ app_init ] --END-- [ RunTime:0.000000s ]
ERR: 无法加载模块:Public

[ 2018-11-14T14:45:25+08:00 ] 127.0.0.1 /Public/angels/img/%E4%BC%81%E4%B8%9A%E5%8A%A8%E6%80%81@3x.png
INFO: [ app_init ] --START--
INFO: Run Behavior\BuildLiteBehavior [ RunTime:0.000000s ]
INFO: [ app_init ] --END-- [ RunTime:0.000000s ]
ERR: 无法加载模块:Public

[ 2018-11-14T14:45:25+08:00 ] 127.0.0.1 /Public/angels/img/%E6%8A%95%E8%AF%89%E5%BB%BA%E8%AE%AE@2x.png
INFO: [ app_init ] --START--
INFO: Run Behavior\BuildLiteBehavior [ RunTime:0.000000s ]
INFO: [ app_init ] --END-- [ RunTime:0.000000s ]
ERR: 无法加载模块:Public

[ 2018-11-14T14:45:25+08:00 ] 127.0.0.1 /Public/angels/img/%E6%88%91%E8%A6%81%E4%BB%A3%E7%90%86@3x.png
INFO: [ app_init ] --START--
INFO: Run Behavior\BuildLiteBehavior [ RunTime:0.000000s ]
INFO: [ app_init ] --END-- [ RunTime:0.000000s ]
ERR: 无法加载模块:Public

[ 2018-11-14T14:45:29+08:00 ] 127.0.0.1 /Public/uploads/product/3321/1542160304_1488.jpg
INFO: [ app_init ] --START--
INFO: Run Behavior\BuildLiteBehavior [ RunTime:0.000000s ]
INFO: [ app_init ] --END-- [ RunTime:0.000000s ]
ERR: 无法加载模块:Public

[ 2018-11-14T14:45:32+08:00 ] 127.0.0.1 /Public/uploads/product/3321/1542160304_1488.jpg
INFO: [ app_init ] --START--
INFO: Run Behavior\BuildLiteBehavior [ RunTime:0.000000s ]
INFO: [ app_init ] --END-- [ RunTime:0.001000s ]
ERR: 无法加载模块:Public

[ 2018-11-14T14:45:32+08:00 ] 127.0.0.1 /Public/angels/img/%E5%85%AC%E5%8F%B8%E4%BB%8B%E7%BB%8D@3x.png
INFO: [ app_init ] --START--
INFO: Run Behavior\BuildLiteBehavior [ RunTime:0.000000s ]
INFO: [ app_init ] --END-- [ RunTime:0.000000s ]
ERR: 无法加载模块:Public

[ 2018-11-14T14:45:32+08:00 ] 127.0.0.1 /Public/angels/img/%E4%BA%A7%E5%93%81%E4%B8%AD%E5%BF%83@3x.png
INFO: [ app_init ] --START--
INFO: Run Behavior\BuildLiteBehavior [ RunTime:0.000000s ]
INFO: [ app_init ] --END-- [ RunTime:0.001000s ]
ERR: 无法加载模块:Public

[ 2018-11-14T14:45:32+08:00 ] 127.0.0.1 /Public/angels/img/%E4%B9%B0%E5%AE%B6%E7%A7%80@3x.png
INFO: [ app_init ] --START--
INFO: Run Behavior\BuildLiteBehavior [ RunTime:0.000000s ]
INFO: [ app_init ] --END-- [ RunTime:0.001000s ]
ERR: 无法加载模块:Public

[ 2018-11-14T14:45:32+08:00 ] 127.0.0.1 /Public/angels/img/%E9%98%B2%E4%BC%AA%E6%9F%A5%E8%AF%A2@3x.png
INFO: [ app_init ] --START--
INFO: Run Behavior\BuildLiteBehavior [ RunTime:0.000000s ]
INFO: [ app_init ] --END-- [ RunTime:0.000000s ]
ERR: 无法加载模块:Public

[ 2018-11-14T14:45:32+08:00 ] 127.0.0.1 /Public/angels/img/%E4%BB%A3%E7%90%86%E6%9F%A5%E8%AF%A2@3x.png
INFO: [ app_init ] --START--
INFO: Run Behavior\BuildLiteBehavior [ RunTime:0.000000s ]
INFO: [ app_init ] --END-- [ RunTime:0.000000s ]
ERR: 无法加载模块:Public

[ 2018-11-14T14:45:33+08:00 ] 127.0.0.1 /Public/angels/img/%E5%85%B3%E6%B3%A8%E5%BE%AE%E4%BF%A1@3x.png
INFO: [ app_init ] --START--
INFO: Run Behavior\BuildLiteBehavior [ RunTime:0.000000s ]
INFO: [ app_init ] --END-- [ RunTime:0.000000s ]
ERR: 无法加载模块:Public

[ 2018-11-14T14:45:33+08:00 ] 127.0.0.1 /Public/angels/img/%E6%8A%95%E8%AF%89%E5%BB%BA%E8%AE%AE@2x.png
INFO: [ app_init ] --START--
INFO: Run Behavior\BuildLiteBehavior [ RunTime:0.000000s ]
INFO: [ app_init ] --END-- [ RunTime:0.000000s ]
ERR: 无法加载模块:Public

[ 2018-11-14T14:45:33+08:00 ] 127.0.0.1 /Public/angels/img/%E4%BC%81%E4%B8%9A%E5%8A%A8%E6%80%81@3x.png
INFO: [ app_init ] --START--
INFO: Run Behavior\BuildLiteBehavior [ RunTime:0.000000s ]
INFO: [ app_init ] --END-- [ RunTime:0.000000s ]
ERR: 无法加载模块:Public

[ 2018-11-14T14:45:33+08:00 ] 127.0.0.1 /Public/angels/img/%E6%88%91%E8%A6%81%E4%BB%A3%E7%90%86@3x.png
INFO: [ app_init ] --START--
INFO: Run Behavior\BuildLiteBehavior [ RunTime:0.000000s ]
INFO: [ app_init ] --END-- [ RunTime:0.000000s ]
ERR: 无法加载模块:Public

[ 2018-11-14T14:45:36+08:00 ] 127.0.0.1 /Public/angels/img/%E5%85%AC%E5%8F%B8%E4%BB%8B%E7%BB%8D@3x.png
INFO: [ app_init ] --START--
INFO: Run Behavior\BuildLiteBehavior [ RunTime:0.000000s ]
INFO: [ app_init ] --END-- [ RunTime:0.001000s ]
ERR: 无法加载模块:Public

[ 2018-11-14T14:45:36+08:00 ] 127.0.0.1 /Public/angels/img/%E4%BA%A7%E5%93%81%E4%B8%AD%E5%BF%83@3x.png
INFO: [ app_init ] --START--
INFO: Run Behavior\BuildLiteBehavior [ RunTime:0.000000s ]
INFO: [ app_init ] --END-- [ RunTime:0.000000s ]
ERR: 无法加载模块:Public

[ 2018-11-14T14:45:36+08:00 ] 127.0.0.1 /Public/angels/img/%E4%B9%B0%E5%AE%B6%E7%A7%80@3x.png
INFO: [ app_init ] --START--
INFO: Run Behavior\BuildLiteBehavior [ RunTime:0.000000s ]
INFO: [ app_init ] --END-- [ RunTime:0.001000s ]
ERR: 无法加载模块:Public

[ 2018-11-14T14:45:36+08:00 ] 127.0.0.1 /Public/angels/img/%E9%98%B2%E4%BC%AA%E6%9F%A5%E8%AF%A2@3x.png
INFO: [ app_init ] --START--
INFO: Run Behavior\BuildLiteBehavior [ RunTime:0.000000s ]
INFO: [ app_init ] --END-- [ RunTime:0.000000s ]
ERR: 无法加载模块:Public

[ 2018-11-14T14:45:36+08:00 ] 127.0.0.1 /Public/angels/img/%E4%BB%A3%E7%90%86%E6%9F%A5%E8%AF%A2@3x.png
INFO: [ app_init ] --START--
INFO: Run Behavior\BuildLiteBehavior [ RunTime:0.000000s ]
INFO: [ app_init ] --END-- [ RunTime:0.001000s ]
ERR: 无法加载模块:Public

[ 2018-11-14T14:45:36+08:00 ] 127.0.0.1 /Public/angels/img/%E5%85%B3%E6%B3%A8%E5%BE%AE%E4%BF%A1@3x.png
INFO: [ app_init ] --START--
INFO: Run Behavior\BuildLiteBehavior [ RunTime:0.000000s ]
INFO: [ app_init ] --END-- [ RunTime:0.000000s ]
ERR: 无法加载模块:Public

[ 2018-11-14T14:45:36+08:00 ] 127.0.0.1 /Public/angels/img/%E4%BC%81%E4%B8%9A%E5%8A%A8%E6%80%81@3x.png
INFO: [ app_init ] --START--
INFO: Run Behavior\BuildLiteBehavior [ RunTime:0.000000s ]
INFO: [ app_init ] --END-- [ RunTime:0.000000s ]
ERR: 无法加载模块:Public

[ 2018-11-14T14:45:36+08:00 ] 127.0.0.1 /Public/angels/img/%E6%88%91%E8%A6%81%E4%BB%A3%E7%90%86@3x.png
INFO: [ app_init ] --START--
INFO: Run Behavior\BuildLiteBehavior [ RunTime:0.000000s ]
INFO: [ app_init ] --END-- [ RunTime:0.000000s ]
ERR: 无法加载模块:Public

[ 2018-11-14T14:45:36+08:00 ] 127.0.0.1 /Public/angels/img/%E6%8A%95%E8%AF%89%E5%BB%BA%E8%AE%AE@2x.png
INFO: [ app_init ] --START--
INFO: Run Behavior\BuildLiteBehavior [ RunTime:0.000000s ]
INFO: [ app_init ] --END-- [ RunTime:0.001000s ]
ERR: 无法加载模块:Public

[ 2018-11-14T14:45:39+08:00 ] 127.0.0.1 /Public/angels/img/%E6%89%AB%E7%A0%81.png
INFO: [ app_init ] --START--
INFO: Run Behavior\BuildLiteBehavior [ RunTime:0.000000s ]
INFO: [ app_init ] --END-- [ RunTime:0.000000s ]
ERR: 无法加载模块:Public

[ 2018-11-14T14:45:40+08:00 ] 127.0.0.1 /Public/angels/img/%E5%85%AC%E5%8F%B8%E4%BB%8B%E7%BB%8D@3x.png
INFO: [ app_init ] --START--
INFO: Run Behavior\BuildLiteBehavior [ RunTime:0.000000s ]
INFO: [ app_init ] --END-- [ RunTime:0.001000s ]
ERR: 无法加载模块:Public

[ 2018-11-14T14:45:40+08:00 ] 127.0.0.1 /Public/angels/img/%E4%BA%A7%E5%93%81%E4%B8%AD%E5%BF%83@3x.png
INFO: [ app_init ] --START--
INFO: Run Behavior\BuildLiteBehavior [ RunTime:0.000000s ]
INFO: [ app_init ] --END-- [ RunTime:0.000000s ]
ERR: 无法加载模块:Public

[ 2018-11-14T14:45:40+08:00 ] 127.0.0.1 /Public/angels/img/%E4%B9%B0%E5%AE%B6%E7%A7%80@3x.png
INFO: [ app_init ] --START--
INFO: Run Behavior\BuildLiteBehavior [ RunTime:0.000000s ]
INFO: [ app_init ] --END-- [ RunTime:0.001000s ]
ERR: 无法加载模块:Public

[ 2018-11-14T14:45:40+08:00 ] 127.0.0.1 /Public/angels/img/%E9%98%B2%E4%BC%AA%E6%9F%A5%E8%AF%A2@3x.png
INFO: [ app_init ] --START--
INFO: Run Behavior\BuildLiteBehavior [ RunTime:0.000000s ]
INFO: [ app_init ] --END-- [ RunTime:0.001000s ]
ERR: 无法加载模块:Public

[ 2018-11-14T14:45:40+08:00 ] 127.0.0.1 /Public/angels/img/%E4%BB%A3%E7%90%86%E6%9F%A5%E8%AF%A2@3x.png
INFO: [ app_init ] --START--
INFO: Run Behavior\BuildLiteBehavior [ RunTime:0.000000s ]
INFO: [ app_init ] --END-- [ RunTime:0.001000s ]
ERR: 无法加载模块:Public

[ 2018-11-14T14:45:40+08:00 ] 127.0.0.1 /Public/angels/img/%E5%85%B3%E6%B3%A8%E5%BE%AE%E4%BF%A1@3x.png
INFO: [ app_init ] --START--
INFO: Run Behavior\BuildLiteBehavior [ RunTime:0.000000s ]
INFO: [ app_init ] --END-- [ RunTime:0.000000s ]
ERR: 无法加载模块:Public

[ 2018-11-14T14:45:40+08:00 ] 127.0.0.1 /Public/angels/img/%E4%BC%81%E4%B8%9A%E5%8A%A8%E6%80%81@3x.png
INFO: [ app_init ] --START--
INFO: Run Behavior\BuildLiteBehavior [ RunTime:0.000000s ]
INFO: [ app_init ] --END-- [ RunTime:0.000000s ]
ERR: 无法加载模块:Public

[ 2018-11-14T14:45:40+08:00 ] 127.0.0.1 /Public/angels/img/%E6%8A%95%E8%AF%89%E5%BB%BA%E8%AE%AE@2x.png
INFO: [ app_init ] --START--
INFO: Run Behavior\BuildLiteBehavior [ RunTime:0.000000s ]
INFO: [ app_init ] --END-- [ RunTime:0.001000s ]
ERR: 无法加载模块:Public

[ 2018-11-14T14:45:40+08:00 ] 127.0.0.1 /Public/angels/img/%E6%88%91%E8%A6%81%E4%BB%A3%E7%90%86@3x.png
INFO: [ app_init ] --START--
INFO: Run Behavior\BuildLiteBehavior [ RunTime:0.000000s ]
INFO: [ app_init ] --END-- [ RunTime:0.000000s ]
ERR: 无法加载模块:Public

[ 2018-11-14T14:45:43+08:00 ] 127.0.0.1 /Public/angels/img/%E5%85%AC%E5%8F%B8%E4%BB%8B%E7%BB%8D@3x.png
INFO: [ app_init ] --START--
INFO: Run Behavior\BuildLiteBehavior [ RunTime:0.000000s ]
INFO: [ app_init ] --END-- [ RunTime:0.000000s ]
ERR: 无法加载模块:Public

[ 2018-11-14T14:45:43+08:00 ] 127.0.0.1 /Public/angels/img/%E4%BA%A7%E5%93%81%E4%B8%AD%E5%BF%83@3x.png
INFO: [ app_init ] --START--
INFO: Run Behavior\BuildLiteBehavior [ RunTime:0.000000s ]
INFO: [ app_init ] --END-- [ RunTime:0.000000s ]
ERR: 无法加载模块:Public

[ 2018-11-14T14:45:43+08:00 ] 127.0.0.1 /Public/angels/img/%E4%B9%B0%E5%AE%B6%E7%A7%80@3x.png
INFO: [ app_init ] --START--
INFO: Run Behavior\BuildLiteBehavior [ RunTime:0.000000s ]
INFO: [ app_init ] --END-- [ RunTime:0.001000s ]
ERR: 无法加载模块:Public

[ 2018-11-14T14:45:43+08:00 ] 127.0.0.1 /Public/angels/img/%E9%98%B2%E4%BC%AA%E6%9F%A5%E8%AF%A2@3x.png
INFO: [ app_init ] --START--
INFO: Run Behavior\BuildLiteBehavior [ RunTime:0.000000s ]
INFO: [ app_init ] --END-- [ RunTime:0.000000s ]
ERR: 无法加载模块:Public

[ 2018-11-14T14:45:43+08:00 ] 127.0.0.1 /Public/angels/img/%E4%BB%A3%E7%90%86%E6%9F%A5%E8%AF%A2@3x.png
INFO: [ app_init ] --START--
INFO: Run Behavior\BuildLiteBehavior [ RunTime:0.000000s ]
INFO: [ app_init ] --END-- [ RunTime:0.001000s ]
ERR: 无法加载模块:Public

[ 2018-11-14T14:45:43+08:00 ] 127.0.0.1 /Public/angels/img/%E4%BC%81%E4%B8%9A%E5%8A%A8%E6%80%81@3x.png
INFO: [ app_init ] --START--
INFO: Run Behavior\BuildLiteBehavior [ RunTime:0.000000s ]
INFO: [ app_init ] --END-- [ RunTime:0.000000s ]
ERR: 无法加载模块:Public

[ 2018-11-14T14:45:43+08:00 ] 127.0.0.1 /Public/angels/img/%E6%8A%95%E8%AF%89%E5%BB%BA%E8%AE%AE@2x.png
INFO: [ app_init ] --START--
INFO: Run Behavior\BuildLiteBehavior [ RunTime:0.001000s ]
INFO: [ app_init ] --END-- [ RunTime:0.001000s ]
ERR: 无法加载模块:Public

[ 2018-11-14T14:45:43+08:00 ] 127.0.0.1 /Public/angels/img/%E6%88%91%E8%A6%81%E4%BB%A3%E7%90%86@3x.png
INFO: [ app_init ] --START--
INFO: Run Behavior\BuildLiteBehavior [ RunTime:0.000000s ]
INFO: [ app_init ] --END-- [ RunTime:0.000000s ]
ERR: 无法加载模块:Public

[ 2018-11-14T14:45:43+08:00 ] 127.0.0.1 /Public/angels/img/%E5%85%B3%E6%B3%A8%E5%BE%AE%E4%BF%A1@3x.png
INFO: [ app_init ] --START--
INFO: Run Behavior\BuildLiteBehavior [ RunTime:0.000000s ]
INFO: [ app_init ] --END-- [ RunTime:0.000000s ]
ERR: 无法加载模块:Public

[ 2018-11-14T14:45:45+08:00 ] 127.0.0.1 /Public/angels/js/lrz.all.bundle.js.map
INFO: [ app_init ] --START--
INFO: Run Behavior\BuildLiteBehavior [ RunTime:0.000000s ]
INFO: [ app_init ] --END-- [ RunTime:0.000000s ]
ERR: 无法加载模块:Public

[ 2018-11-14T14:45:46+08:00 ] 127.0.0.1 /Public/angels/img/%E5%85%AC%E5%8F%B8%E4%BB%8B%E7%BB%8D@3x.png
INFO: [ app_init ] --START--
INFO: Run Behavior\BuildLiteBehavior [ RunTime:0.000000s ]
INFO: [ app_init ] --END-- [ RunTime:0.001000s ]
ERR: 无法加载模块:Public

[ 2018-11-14T14:45:46+08:00 ] 127.0.0.1 /Public/angels/img/%E4%BA%A7%E5%93%81%E4%B8%AD%E5%BF%83@3x.png
INFO: [ app_init ] --START--
INFO: Run Behavior\BuildLiteBehavior [ RunTime:0.000000s ]
INFO: [ app_init ] --END-- [ RunTime:0.000000s ]
ERR: 无法加载模块:Public

[ 2018-11-14T14:45:46+08:00 ] 127.0.0.1 /Public/angels/img/%E4%B9%B0%E5%AE%B6%E7%A7%80@3x.png
INFO: [ app_init ] --START--
INFO: Run Behavior\BuildLiteBehavior [ RunTime:0.000000s ]
INFO: [ app_init ] --END-- [ RunTime:0.001000s ]
ERR: 无法加载模块:Public

[ 2018-11-14T14:45:46+08:00 ] 127.0.0.1 /Public/angels/img/%E9%98%B2%E4%BC%AA%E6%9F%A5%E8%AF%A2@3x.png
INFO: [ app_init ] --START--
INFO: Run Behavior\BuildLiteBehavior [ RunTime:0.000000s ]
INFO: [ app_init ] --END-- [ RunTime:0.000000s ]
ERR: 无法加载模块:Public

[ 2018-11-14T14:45:46+08:00 ] 127.0.0.1 /Public/angels/img/%E4%BB%A3%E7%90%86%E6%9F%A5%E8%AF%A2@3x.png
INFO: [ app_init ] --START--
INFO: Run Behavior\BuildLiteBehavior [ RunTime:0.000000s ]
INFO: [ app_init ] --END-- [ RunTime:0.000000s ]
ERR: 无法加载模块:Public

[ 2018-11-14T14:45:46+08:00 ] 127.0.0.1 /Public/angels/img/%E6%88%91%E8%A6%81%E4%BB%A3%E7%90%86@3x.png
INFO: [ app_init ] --START--
INFO: Run Behavior\BuildLiteBehavior [ RunTime:0.000000s ]
INFO: [ app_init ] --END-- [ RunTime:0.000000s ]
ERR: 无法加载模块:Public

[ 2018-11-14T14:45:46+08:00 ] 127.0.0.1 /Public/angels/img/%E5%85%B3%E6%B3%A8%E5%BE%AE%E4%BF%A1@3x.png
INFO: [ app_init ] --START--
INFO: Run Behavior\BuildLiteBehavior [ RunTime:0.000000s ]
INFO: [ app_init ] --END-- [ RunTime:0.000000s ]
ERR: 无法加载模块:Public

[ 2018-11-14T14:45:46+08:00 ] 127.0.0.1 /Public/angels/img/%E6%8A%95%E8%AF%89%E5%BB%BA%E8%AE%AE@2x.png
INFO: [ app_init ] --START--
INFO: Run Behavior\BuildLiteBehavior [ RunTime:0.000000s ]
INFO: [ app_init ] --END-- [ RunTime:0.001000s ]
ERR: 无法加载模块:Public

[ 2018-11-14T14:45:47+08:00 ] 127.0.0.1 /Public/angels/img/%E4%BC%81%E4%B8%9A%E5%8A%A8%E6%80%81@3x.png
INFO: [ app_init ] --START--
INFO: Run Behavior\BuildLiteBehavior [ RunTime:0.000000s ]
INFO: [ app_init ] --END-- [ RunTime:0.000000s ]
ERR: 无法加载模块:Public

[ 2018-11-14T14:45:49+08:00 ] 127.0.0.1 /Public/angels/img/%E5%85%AC%E5%8F%B8%E4%BB%8B%E7%BB%8D@3x.png
INFO: [ app_init ] --START--
INFO: Run Behavior\BuildLiteBehavior [ RunTime:0.000000s ]
INFO: [ app_init ] --END-- [ RunTime:0.000000s ]
ERR: 无法加载模块:Public

[ 2018-11-14T14:45:49+08:00 ] 127.0.0.1 /Public/angels/img/%E4%BA%A7%E5%93%81%E4%B8%AD%E5%BF%83@3x.png
INFO: [ app_init ] --START--
INFO: Run Behavior\BuildLiteBehavior [ RunTime:0.000000s ]
INFO: [ app_init ] --END-- [ RunTime:0.000000s ]
ERR: 无法加载模块:Public

[ 2018-11-14T14:45:49+08:00 ] 127.0.0.1 /Public/angels/img/%E4%B9%B0%E5%AE%B6%E7%A7%80@3x.png
INFO: [ app_init ] --START--
INFO: Run Behavior\BuildLiteBehavior [ RunTime:0.000000s ]
INFO: [ app_init ] --END-- [ RunTime:0.000000s ]
ERR: 无法加载模块:Public

[ 2018-11-14T14:45:49+08:00 ] 127.0.0.1 /Public/angels/img/%E9%98%B2%E4%BC%AA%E6%9F%A5%E8%AF%A2@3x.png
INFO: [ app_init ] --START--
INFO: Run Behavior\BuildLiteBehavior [ RunTime:0.000000s ]
INFO: [ app_init ] --END-- [ RunTime:0.001000s ]
ERR: 无法加载模块:Public

[ 2018-11-14T14:45:49+08:00 ] 127.0.0.1 /Public/angels/img/%E4%BB%A3%E7%90%86%E6%9F%A5%E8%AF%A2@3x.png
INFO: [ app_init ] --START--
INFO: Run Behavior\BuildLiteBehavior [ RunTime:0.000000s ]
INFO: [ app_init ] --END-- [ RunTime:0.001000s ]
ERR: 无法加载模块:Public

[ 2018-11-14T14:45:49+08:00 ] 127.0.0.1 /Public/angels/img/%E5%85%B3%E6%B3%A8%E5%BE%AE%E4%BF%A1@3x.png
INFO: [ app_init ] --START--
INFO: Run Behavior\BuildLiteBehavior [ RunTime:0.000000s ]
INFO: [ app_init ] --END-- [ RunTime:0.000000s ]
ERR: 无法加载模块:Public

[ 2018-11-14T14:45:49+08:00 ] 127.0.0.1 /Public/angels/img/%E4%BC%81%E4%B8%9A%E5%8A%A8%E6%80%81@3x.png
INFO: [ app_init ] --START--
INFO: Run Behavior\BuildLiteBehavior [ RunTime:0.000000s ]
INFO: [ app_init ] --END-- [ RunTime:0.000000s ]
ERR: 无法加载模块:Public

[ 2018-11-14T14:45:49+08:00 ] 127.0.0.1 /Public/angels/img/%E6%8A%95%E8%AF%89%E5%BB%BA%E8%AE%AE@2x.png
INFO: [ app_init ] --START--
INFO: Run Behavior\BuildLiteBehavior [ RunTime:0.000000s ]
INFO: [ app_init ] --END-- [ RunTime:0.001000s ]
ERR: 无法加载模块:Public

[ 2018-11-14T14:45:49+08:00 ] 127.0.0.1 /Public/angels/img/%E6%88%91%E8%A6%81%E4%BB%A3%E7%90%86@3x.png
INFO: [ app_init ] --START--
INFO: Run Behavior\BuildLiteBehavior [ RunTime:0.000000s ]
INFO: [ app_init ] --END-- [ RunTime:0.000000s ]
ERR: 无法加载模块:Public

[ 2018-11-14T14:49:41+08:00 ] 127.0.0.1 /Public/angels/img/%E4%BB%A3%E7%90%86%E6%9F%A5%E8%AF%A2@3x.png
INFO: [ app_init ] --START--
INFO: Run Behavior\BuildLiteBehavior [ RunTime:0.000000s ]
INFO: [ app_init ] --END-- [ RunTime:0.001000s ]
ERR: 无法加载模块:Public

[ 2018-11-14T14:49:41+08:00 ] 127.0.0.1 /Public/angels/img/%E5%85%B3%E6%B3%A8%E5%BE%AE%E4%BF%A1@3x.png
INFO: [ app_init ] --START--
INFO: Run Behavior\BuildLiteBehavior [ RunTime:0.000000s ]
INFO: [ app_init ] --END-- [ RunTime:0.001000s ]
ERR: 无法加载模块:Public

[ 2018-11-14T14:49:41+08:00 ] 127.0.0.1 /Public/angels/img/%E4%B9%B0%E5%AE%B6%E7%A7%80@3x.png
INFO: [ app_init ] --START--
INFO: Run Behavior\BuildLiteBehavior [ RunTime:0.000000s ]
INFO: [ app_init ] --END-- [ RunTime:0.001000s ]
ERR: 无法加载模块:Public

[ 2018-11-14T14:49:41+08:00 ] 127.0.0.1 /Public/angels/img/%E9%98%B2%E4%BC%AA%E6%9F%A5%E8%AF%A2@3x.png
INFO: [ app_init ] --START--
INFO: Run Behavior\BuildLiteBehavior [ RunTime:0.000000s ]
INFO: [ app_init ] --END-- [ RunTime:0.001000s ]
ERR: 无法加载模块:Public

[ 2018-11-14T14:49:41+08:00 ] 127.0.0.1 /Public/angels/img/%E4%BC%81%E4%B8%9A%E5%8A%A8%E6%80%81@3x.png
INFO: [ app_init ] --START--
INFO: Run Behavior\BuildLiteBehavior [ RunTime:0.000000s ]
INFO: [ app_init ] --END-- [ RunTime:0.001000s ]
ERR: 无法加载模块:Public

[ 2018-11-14T14:49:41+08:00 ] 127.0.0.1 /Public/angels/img/%E6%8A%95%E8%AF%89%E5%BB%BA%E8%AE%AE@2x.png
INFO: [ app_init ] --START--
INFO: Run Behavior\BuildLiteBehavior [ RunTime:0.000000s ]
INFO: [ app_init ] --END-- [ RunTime:0.000000s ]
ERR: 无法加载模块:Public

[ 2018-11-14T14:49:41+08:00 ] 127.0.0.1 /Public/angels/img/%E6%88%91%E8%A6%81%E4%BB%A3%E7%90%86@3x.png
INFO: [ app_init ] --START--
INFO: Run Behavior\BuildLiteBehavior [ RunTime:0.000000s ]
INFO: [ app_init ] --END-- [ RunTime:0.001000s ]
ERR: 无法加载模块:Public

[ 2018-11-14T14:49:42+08:00 ] 127.0.0.1 /Public/angels/img/%E5%85%AC%E5%8F%B8%E4%BB%8B%E7%BB%8D@3x.png
INFO: [ app_init ] --START--
INFO: Run Behavior\BuildLiteBehavior [ RunTime:0.000000s ]
INFO: [ app_init ] --END-- [ RunTime:0.001000s ]
ERR: 无法加载模块:Public

[ 2018-11-14T14:49:42+08:00 ] 127.0.0.1 /Public/angels/img/%E4%BA%A7%E5%93%81%E4%B8%AD%E5%BF%83@3x.png
INFO: [ app_init ] --START--
INFO: Run Behavior\BuildLiteBehavior [ RunTime:0.000000s ]
INFO: [ app_init ] --END-- [ RunTime:0.000000s ]
ERR: 无法加载模块:Public

[ 2018-11-14T14:49:52+08:00 ] 127.0.0.1 /Public/uploads/product/3321/1542160304_1488.jpg
INFO: [ app_init ] --START--
INFO: Run Behavior\BuildLiteBehavior [ RunTime:0.000000s ]
INFO: [ app_init ] --END-- [ RunTime:0.000000s ]
ERR: 无法加载模块:Public

[ 2018-11-14T14:49:53+08:00 ] 127.0.0.1 /Public/angels/img/%E5%85%AC%E5%8F%B8%E4%BB%8B%E7%BB%8D@3x.png
INFO: [ app_init ] --START--
INFO: Run Behavior\BuildLiteBehavior [ RunTime:0.000000s ]
INFO: [ app_init ] --END-- [ RunTime:0.001000s ]
ERR: 无法加载模块:Public

[ 2018-11-14T14:49:53+08:00 ] 127.0.0.1 /Public/angels/img/%E4%BA%A7%E5%93%81%E4%B8%AD%E5%BF%83@3x.png
INFO: [ app_init ] --START--
INFO: Run Behavior\BuildLiteBehavior [ RunTime:0.000000s ]
INFO: [ app_init ] --END-- [ RunTime:0.000000s ]
ERR: 无法加载模块:Public

[ 2018-11-14T14:49:53+08:00 ] 127.0.0.1 /Public/angels/img/%E4%B9%B0%E5%AE%B6%E7%A7%80@3x.png
INFO: [ app_init ] --START--
INFO: Run Behavior\BuildLiteBehavior [ RunTime:0.000000s ]
INFO: [ app_init ] --END-- [ RunTime:0.000000s ]
ERR: 无法加载模块:Public

[ 2018-11-14T14:49:53+08:00 ] 127.0.0.1 /Public/angels/img/%E9%98%B2%E4%BC%AA%E6%9F%A5%E8%AF%A2@3x.png
INFO: [ app_init ] --START--
INFO: Run Behavior\BuildLiteBehavior [ RunTime:0.000000s ]
INFO: [ app_init ] --END-- [ RunTime:0.001000s ]
ERR: 无法加载模块:Public

[ 2018-11-14T14:49:53+08:00 ] 127.0.0.1 /Public/angels/img/%E4%BB%A3%E7%90%86%E6%9F%A5%E8%AF%A2@3x.png
INFO: [ app_init ] --START--
INFO: Run Behavior\BuildLiteBehavior [ RunTime:0.000000s ]
INFO: [ app_init ] --END-- [ RunTime:0.000000s ]
ERR: 无法加载模块:Public

[ 2018-11-14T14:49:53+08:00 ] 127.0.0.1 /Public/angels/img/%E5%85%B3%E6%B3%A8%E5%BE%AE%E4%BF%A1@3x.png
INFO: [ app_init ] --START--
INFO: Run Behavior\BuildLiteBehavior [ RunTime:0.000000s ]
INFO: [ app_init ] --END-- [ RunTime:0.001001s ]
ERR: 无法加载模块:Public

[ 2018-11-14T14:49:53+08:00 ] 127.0.0.1 /Public/angels/img/%E4%BC%81%E4%B8%9A%E5%8A%A8%E6%80%81@3x.png
INFO: [ app_init ] --START--
INFO: Run Behavior\BuildLiteBehavior [ RunTime:0.000000s ]
INFO: [ app_init ] --END-- [ RunTime:0.000000s ]
ERR: 无法加载模块:Public

[ 2018-11-14T14:49:53+08:00 ] 127.0.0.1 /Public/angels/img/%E6%8A%95%E8%AF%89%E5%BB%BA%E8%AE%AE@2x.png
INFO: [ app_init ] --START--
INFO: Run Behavior\BuildLiteBehavior [ RunTime:0.000000s ]
INFO: [ app_init ] --END-- [ RunTime:0.000000s ]
ERR: 无法加载模块:Public

[ 2018-11-14T14:49:53+08:00 ] 127.0.0.1 /Public/angels/img/%E6%88%91%E8%A6%81%E4%BB%A3%E7%90%86@3x.png
INFO: [ app_init ] --START--
INFO: Run Behavior\BuildLiteBehavior [ RunTime:0.000000s ]
INFO: [ app_init ] --END-- [ RunTime:0.000000s ]
ERR: 无法加载模块:Public

[ 2018-11-14T14:49:56+08:00 ] 127.0.0.1 /Public/angels/img/%E5%85%AC%E5%8F%B8%E4%BB%8B%E7%BB%8D@3x.png
INFO: [ app_init ] --START--
INFO: Run Behavior\BuildLiteBehavior [ RunTime:0.001000s ]
INFO: [ app_init ] --END-- [ RunTime:0.001000s ]
ERR: 无法加载模块:Public

[ 2018-11-14T14:49:56+08:00 ] 127.0.0.1 /Public/angels/img/%E4%BA%A7%E5%93%81%E4%B8%AD%E5%BF%83@3x.png
INFO: [ app_init ] --START--
INFO: Run Behavior\BuildLiteBehavior [ RunTime:0.000000s ]
INFO: [ app_init ] --END-- [ RunTime:0.000000s ]
ERR: 无法加载模块:Public

[ 2018-11-14T14:49:56+08:00 ] 127.0.0.1 /Public/angels/img/%E4%BC%81%E4%B8%9A%E5%8A%A8%E6%80%81@3x.png
INFO: [ app_init ] --START--
INFO: Run Behavior\BuildLiteBehavior [ RunTime:0.000000s ]
INFO: [ app_init ] --END-- [ RunTime:0.000000s ]
ERR: 无法加载模块:Public

[ 2018-11-14T14:49:56+08:00 ] 127.0.0.1 /Public/angels/img/%E6%88%91%E8%A6%81%E4%BB%A3%E7%90%86@3x.png
INFO: [ app_init ] --START--
INFO: Run Behavior\BuildLiteBehavior [ RunTime:0.000000s ]
INFO: [ app_init ] --END-- [ RunTime:0.000000s ]
ERR: 无法加载模块:Public

[ 2018-11-14T14:49:56+08:00 ] 127.0.0.1 /Public/angels/img/%E4%B9%B0%E5%AE%B6%E7%A7%80@3x.png
INFO: [ app_init ] --START--
INFO: Run Behavior\BuildLiteBehavior [ RunTime:0.000000s ]
INFO: [ app_init ] --END-- [ RunTime:0.000000s ]
ERR: 无法加载模块:Public

[ 2018-11-14T14:49:56+08:00 ] 127.0.0.1 /Public/angels/img/%E9%98%B2%E4%BC%AA%E6%9F%A5%E8%AF%A2@3x.png
INFO: [ app_init ] --START--
INFO: Run Behavior\BuildLiteBehavior [ RunTime:0.001001s ]
INFO: [ app_init ] --END-- [ RunTime:0.001001s ]
ERR: 无法加载模块:Public

[ 2018-11-14T14:49:56+08:00 ] 127.0.0.1 /Public/angels/img/%E4%BB%A3%E7%90%86%E6%9F%A5%E8%AF%A2@3x.png
INFO: [ app_init ] --START--
INFO: Run Behavior\BuildLiteBehavior [ RunTime:0.000000s ]
INFO: [ app_init ] --END-- [ RunTime:0.000000s ]
ERR: 无法加载模块:Public

[ 2018-11-14T14:49:57+08:00 ] 127.0.0.1 /Public/angels/img/%E6%8A%95%E8%AF%89%E5%BB%BA%E8%AE%AE@2x.png
INFO: [ app_init ] --START--
INFO: Run Behavior\BuildLiteBehavior [ RunTime:0.000000s ]
INFO: [ app_init ] --END-- [ RunTime:0.000000s ]
ERR: 无法加载模块:Public

[ 2018-11-14T14:49:57+08:00 ] 127.0.0.1 /Public/angels/img/%E5%85%B3%E6%B3%A8%E5%BE%AE%E4%BF%A1@3x.png
INFO: [ app_init ] --START--
INFO: Run Behavior\BuildLiteBehavior [ RunTime:0.000000s ]
INFO: [ app_init ] --END-- [ RunTime:0.001000s ]
ERR: 无法加载模块:Public

[ 2018-11-14T14:50:00+08:00 ] 127.0.0.1 /Public/angels/img/%E6%89%AB%E7%A0%81.png
INFO: [ app_init ] --START--
INFO: Run Behavior\BuildLiteBehavior [ RunTime:0.000000s ]
INFO: [ app_init ] --END-- [ RunTime:0.000000s ]
ERR: 无法加载模块:Public

[ 2018-11-14T14:59:03+08:00 ] 127.0.0.1 /Public/angels/img/%E6%89%AB%E7%A0%81.png
INFO: [ app_init ] --START--
INFO: Run Behavior\BuildLiteBehavior [ RunTime:0.000000s ]
INFO: [ app_init ] --END-- [ RunTime:0.001000s ]
ERR: 无法加载模块:Public

[ 2018-11-14T15:09:55+08:00 ] 127.0.0.1 /Public/angels/img/%E6%89%AB%E7%A0%81.png
INFO: [ app_init ] --START--
INFO: Run Behavior\BuildLiteBehavior [ RunTime:0.000000s ]
INFO: [ app_init ] --END-- [ RunTime:0.001000s ]
ERR: 无法加载模块:Public

[ 2018-11-14T15:10:22+08:00 ] 127.0.0.1 /Public/angels/img/%E5%85%AC%E5%8F%B8%E4%BB%8B%E7%BB%8D@3x.png
INFO: [ app_init ] --START--
INFO: Run Behavior\BuildLiteBehavior [ RunTime:0.000000s ]
INFO: [ app_init ] --END-- [ RunTime:0.000000s ]
ERR: 无法加载模块:Public

[ 2018-11-14T15:10:23+08:00 ] 127.0.0.1 /Public/angels/img/%E4%BA%A7%E5%93%81%E4%B8%AD%E5%BF%83@3x.png
INFO: [ app_init ] --START--
INFO: Run Behavior\BuildLiteBehavior [ RunTime:0.000000s ]
INFO: [ app_init ] --END-- [ RunTime:0.000000s ]
ERR: 无法加载模块:Public

[ 2018-11-14T15:10:23+08:00 ] 127.0.0.1 /Public/angels/img/%E4%B9%B0%E5%AE%B6%E7%A7%80@3x.png
INFO: [ app_init ] --START--
INFO: Run Behavior\BuildLiteBehavior [ RunTime:0.000000s ]
INFO: [ app_init ] --END-- [ RunTime:0.000000s ]
ERR: 无法加载模块:Public

[ 2018-11-14T15:10:23+08:00 ] 127.0.0.1 /Public/angels/img/%E9%98%B2%E4%BC%AA%E6%9F%A5%E8%AF%A2@3x.png
INFO: [ app_init ] --START--
INFO: Run Behavior\BuildLiteBehavior [ RunTime:0.000000s ]
INFO: [ app_init ] --END-- [ RunTime:0.000000s ]
ERR: 无法加载模块:Public

[ 2018-11-14T15:10:23+08:00 ] 127.0.0.1 /Public/angels/img/%E4%BB%A3%E7%90%86%E6%9F%A5%E8%AF%A2@3x.png
INFO: [ app_init ] --START--
INFO: Run Behavior\BuildLiteBehavior [ RunTime:0.000000s ]
INFO: [ app_init ] --END-- [ RunTime:0.000000s ]
ERR: 无法加载模块:Public

[ 2018-11-14T15:10:23+08:00 ] 127.0.0.1 /Public/angels/img/%E4%BC%81%E4%B8%9A%E5%8A%A8%E6%80%81@3x.png
INFO: [ app_init ] --START--
INFO: Run Behavior\BuildLiteBehavior [ RunTime:0.000000s ]
INFO: [ app_init ] --END-- [ RunTime:0.000000s ]
ERR: 无法加载模块:Public

[ 2018-11-14T15:10:24+08:00 ] 127.0.0.1 /Public/angels/img/%E5%85%B3%E6%B3%A8%E5%BE%AE%E4%BF%A1@3x.png
INFO: [ app_init ] --START--
INFO: Run Behavior\BuildLiteBehavior [ RunTime:0.000000s ]
INFO: [ app_init ] --END-- [ RunTime:0.002000s ]
ERR: 无法加载模块:Public

[ 2018-11-14T15:10:24+08:00 ] 127.0.0.1 /Public/angels/img/%E6%8A%95%E8%AF%89%E5%BB%BA%E8%AE%AE@2x.png
INFO: [ app_init ] --START--
INFO: Run Behavior\BuildLiteBehavior [ RunTime:0.000000s ]
INFO: [ app_init ] --END-- [ RunTime:0.001000s ]
ERR: 无法加载模块:Public

[ 2018-11-14T15:10:24+08:00 ] 127.0.0.1 /Public/angels/img/%E6%88%91%E8%A6%81%E4%BB%A3%E7%90%86@3x.png
INFO: [ app_init ] --START--
INFO: Run Behavior\BuildLiteBehavior [ RunTime:0.000000s ]
INFO: [ app_init ] --END-- [ RunTime:0.000000s ]
ERR: 无法加载模块:Public

[ 2018-11-14T15:10:50+08:00 ] 127.0.0.1 /Public/angels/img/%E5%85%AC%E5%8F%B8%E4%BB%8B%E7%BB%8D@3x.png
INFO: [ app_init ] --START--
INFO: Run Behavior\BuildLiteBehavior [ RunTime:0.000000s ]
INFO: [ app_init ] --END-- [ RunTime:0.000000s ]
ERR: 无法加载模块:Public

[ 2018-11-14T15:10:50+08:00 ] 127.0.0.1 /Public/angels/img/%E4%BA%A7%E5%93%81%E4%B8%AD%E5%BF%83@3x.png
INFO: [ app_init ] --START--
INFO: Run Behavior\BuildLiteBehavior [ RunTime:0.000000s ]
INFO: [ app_init ] --END-- [ RunTime:0.000000s ]
ERR: 无法加载模块:Public

[ 2018-11-14T15:10:50+08:00 ] 127.0.0.1 /Public/angels/img/%E4%B9%B0%E5%AE%B6%E7%A7%80@3x.png
INFO: [ app_init ] --START--
INFO: Run Behavior\BuildLiteBehavior [ RunTime:0.000000s ]
INFO: [ app_init ] --END-- [ RunTime:0.001001s ]
ERR: 无法加载模块:Public

[ 2018-11-14T15:10:50+08:00 ] 127.0.0.1 /Public/angels/img/%E9%98%B2%E4%BC%AA%E6%9F%A5%E8%AF%A2@3x.png
INFO: [ app_init ] --START--
INFO: Run Behavior\BuildLiteBehavior [ RunTime:0.000000s ]
INFO: [ app_init ] --END-- [ RunTime:0.000000s ]
ERR: 无法加载模块:Public

[ 2018-11-14T15:10:50+08:00 ] 127.0.0.1 /Public/angels/img/%E4%BB%A3%E7%90%86%E6%9F%A5%E8%AF%A2@3x.png
INFO: [ app_init ] --START--
INFO: Run Behavior\BuildLiteBehavior [ RunTime:0.000000s ]
INFO: [ app_init ] --END-- [ RunTime:0.000000s ]
ERR: 无法加载模块:Public

[ 2018-11-14T15:10:50+08:00 ] 127.0.0.1 /Public/angels/img/%E6%8A%95%E8%AF%89%E5%BB%BA%E8%AE%AE@2x.png
INFO: [ app_init ] --START--
INFO: Run Behavior\BuildLiteBehavior [ RunTime:0.000000s ]
INFO: [ app_init ] --END-- [ RunTime:0.000000s ]
ERR: 无法加载模块:Public

[ 2018-11-14T15:10:50+08:00 ] 127.0.0.1 /Public/angels/img/%E4%BC%81%E4%B8%9A%E5%8A%A8%E6%80%81@3x.png
INFO: [ app_init ] --START--
INFO: Run Behavior\BuildLiteBehavior [ RunTime:0.000000s ]
INFO: [ app_init ] --END-- [ RunTime:0.000000s ]
ERR: 无法加载模块:Public

[ 2018-11-14T15:10:50+08:00 ] 127.0.0.1 /Public/angels/img/%E5%85%B3%E6%B3%A8%E5%BE%AE%E4%BF%A1@3x.png
INFO: [ app_init ] --START--
INFO: Run Behavior\BuildLiteBehavior [ RunTime:0.000000s ]
INFO: [ app_init ] --END-- [ RunTime:0.000000s ]
ERR: 无法加载模块:Public

[ 2018-11-14T15:10:51+08:00 ] 127.0.0.1 /Public/uploads/product/3321/1542160304_1488.jpg
INFO: [ app_init ] --START--
INFO: Run Behavior\BuildLiteBehavior [ RunTime:0.000000s ]
INFO: [ app_init ] --END-- [ RunTime:0.001000s ]
ERR: 无法加载模块:Public

[ 2018-11-14T15:10:51+08:00 ] 127.0.0.1 /Public/angels/img/%E6%88%91%E8%A6%81%E4%BB%A3%E7%90%86@3x.png
INFO: [ app_init ] --START--
INFO: Run Behavior\BuildLiteBehavior [ RunTime:0.000000s ]
INFO: [ app_init ] --END-- [ RunTime:0.000000s ]
ERR: 无法加载模块:Public

[ 2018-11-14T15:10:52+08:00 ] 127.0.0.1 /Public/angels/img/%E5%85%AC%E5%8F%B8%E4%BB%8B%E7%BB%8D@3x.png
INFO: [ app_init ] --START--
INFO: Run Behavior\BuildLiteBehavior [ RunTime:0.000000s ]
INFO: [ app_init ] --END-- [ RunTime:0.000000s ]
ERR: 无法加载模块:Public

[ 2018-11-14T15:10:52+08:00 ] 127.0.0.1 /Public/angels/img/%E4%BA%A7%E5%93%81%E4%B8%AD%E5%BF%83@3x.png
INFO: [ app_init ] --START--
INFO: Run Behavior\BuildLiteBehavior [ RunTime:0.000000s ]
INFO: [ app_init ] --END-- [ RunTime:0.001000s ]
ERR: 无法加载模块:Public

[ 2018-11-14T15:10:52+08:00 ] 127.0.0.1 /Public/angels/img/%E4%B9%B0%E5%AE%B6%E7%A7%80@3x.png
INFO: [ app_init ] --START--
INFO: Run Behavior\BuildLiteBehavior [ RunTime:0.000000s ]
INFO: [ app_init ] --END-- [ RunTime:0.000000s ]
ERR: 无法加载模块:Public

[ 2018-11-14T15:10:52+08:00 ] 127.0.0.1 /Public/angels/img/%E9%98%B2%E4%BC%AA%E6%9F%A5%E8%AF%A2@3x.png
INFO: [ app_init ] --START--
INFO: Run Behavior\BuildLiteBehavior [ RunTime:0.000000s ]
INFO: [ app_init ] --END-- [ RunTime:0.000000s ]
ERR: 无法加载模块:Public

[ 2018-11-14T15:10:52+08:00 ] 127.0.0.1 /Public/angels/img/%E6%88%91%E8%A6%81%E4%BB%A3%E7%90%86@3x.png
INFO: [ app_init ] --START--
INFO: Run Behavior\BuildLiteBehavior [ RunTime:0.000000s ]
INFO: [ app_init ] --END-- [ RunTime:0.000000s ]
ERR: 无法加载模块:Public

[ 2018-11-14T15:10:52+08:00 ] 127.0.0.1 /Public/angels/img/%E4%BC%81%E4%B8%9A%E5%8A%A8%E6%80%81@3x.png
INFO: [ app_init ] --START--
INFO: Run Behavior\BuildLiteBehavior [ RunTime:0.000000s ]
INFO: [ app_init ] --END-- [ RunTime:0.000000s ]
ERR: 无法加载模块:Public

[ 2018-11-14T15:10:52+08:00 ] 127.0.0.1 /Public/angels/img/%E4%BB%A3%E7%90%86%E6%9F%A5%E8%AF%A2@3x.png
INFO: [ app_init ] --START--
INFO: Run Behavior\BuildLiteBehavior [ RunTime:0.000000s ]
INFO: [ app_init ] --END-- [ RunTime:0.000000s ]
ERR: 无法加载模块:Public

[ 2018-11-14T15:10:53+08:00 ] 127.0.0.1 /Public/angels/img/%E6%8A%95%E8%AF%89%E5%BB%BA%E8%AE%AE@2x.png
INFO: [ app_init ] --START--
INFO: Run Behavior\BuildLiteBehavior [ RunTime:0.000000s ]
INFO: [ app_init ] --END-- [ RunTime:0.000000s ]
ERR: 无法加载模块:Public

[ 2018-11-14T15:10:53+08:00 ] 127.0.0.1 /Public/angels/img/%E5%85%B3%E6%B3%A8%E5%BE%AE%E4%BF%A1@3x.png
INFO: [ app_init ] --START--
INFO: Run Behavior\BuildLiteBehavior [ RunTime:0.000000s ]
INFO: [ app_init ] --END-- [ RunTime:0.000000s ]
ERR: 无法加载模块:Public

[ 2018-11-14T15:10:57+08:00 ] 127.0.0.1 /Public/angels/img/%E5%85%AC%E5%8F%B8%E4%BB%8B%E7%BB%8D@3x.png
INFO: [ app_init ] --START--
INFO: Run Behavior\BuildLiteBehavior [ RunTime:0.000000s ]
INFO: [ app_init ] --END-- [ RunTime:0.001000s ]
ERR: 无法加载模块:Public

[ 2018-11-14T15:10:57+08:00 ] 127.0.0.1 /Public/angels/img/%E4%BA%A7%E5%93%81%E4%B8%AD%E5%BF%83@3x.png
INFO: [ app_init ] --START--
INFO: Run Behavior\BuildLiteBehavior [ RunTime:0.000000s ]
INFO: [ app_init ] --END-- [ RunTime:0.000000s ]
ERR: 无法加载模块:Public

[ 2018-11-14T15:10:57+08:00 ] 127.0.0.1 /Public/angels/img/%E4%B9%B0%E5%AE%B6%E7%A7%80@3x.png
INFO: [ app_init ] --START--
INFO: Run Behavior\BuildLiteBehavior [ RunTime:0.000000s ]
INFO: [ app_init ] --END-- [ RunTime:0.000000s ]
ERR: 无法加载模块:Public

[ 2018-11-14T15:10:57+08:00 ] 127.0.0.1 /Public/angels/img/%E9%98%B2%E4%BC%AA%E6%9F%A5%E8%AF%A2@3x.png
INFO: [ app_init ] --START--
INFO: Run Behavior\BuildLiteBehavior [ RunTime:0.000000s ]
INFO: [ app_init ] --END-- [ RunTime:0.000000s ]
ERR: 无法加载模块:Public

[ 2018-11-14T15:10:57+08:00 ] 127.0.0.1 /Public/angels/img/%E4%BB%A3%E7%90%86%E6%9F%A5%E8%AF%A2@3x.png
INFO: [ app_init ] --START--
INFO: Run Behavior\BuildLiteBehavior [ RunTime:0.000000s ]
INFO: [ app_init ] --END-- [ RunTime:0.000000s ]
ERR: 无法加载模块:Public

[ 2018-11-14T15:10:57+08:00 ] 127.0.0.1 /Public/angels/img/%E5%85%B3%E6%B3%A8%E5%BE%AE%E4%BF%A1@3x.png
INFO: [ app_init ] --START--
INFO: Run Behavior\BuildLiteBehavior [ RunTime:0.000000s ]
INFO: [ app_init ] --END-- [ RunTime:0.000000s ]
ERR: 无法加载模块:Public

[ 2018-11-14T15:10:57+08:00 ] 127.0.0.1 /Public/angels/img/%E6%8A%95%E8%AF%89%E5%BB%BA%E8%AE%AE@2x.png
INFO: [ app_init ] --START--
INFO: Run Behavior\BuildLiteBehavior [ RunTime:0.000000s ]
INFO: [ app_init ] --END-- [ RunTime:0.000000s ]
ERR: 无法加载模块:Public

[ 2018-11-14T15:10:57+08:00 ] 127.0.0.1 /Public/angels/img/%E4%BC%81%E4%B8%9A%E5%8A%A8%E6%80%81@3x.png
INFO: [ app_init ] --START--
INFO: Run Behavior\BuildLiteBehavior [ RunTime:0.000000s ]
INFO: [ app_init ] --END-- [ RunTime:0.000000s ]
ERR: 无法加载模块:Public

[ 2018-11-14T15:10:57+08:00 ] 127.0.0.1 /Public/angels/img/%E6%88%91%E8%A6%81%E4%BB%A3%E7%90%86@3x.png
INFO: [ app_init ] --START--
INFO: Run Behavior\BuildLiteBehavior [ RunTime:0.000000s ]
INFO: [ app_init ] --END-- [ RunTime:0.000000s ]
ERR: 无法加载模块:Public

[ 2018-11-14T15:11:00+08:00 ] 127.0.0.1 /Public/angels/img/%E6%89%AB%E7%A0%81.png
INFO: [ app_init ] --START--
INFO: Run Behavior\BuildLiteBehavior [ RunTime:0.000000s ]
INFO: [ app_init ] --END-- [ RunTime:0.001000s ]
ERR: 无法加载模块:Public

[ 2018-11-14T15:11:03+08:00 ] 127.0.0.1 /Public/angels/img/%E5%85%AC%E5%8F%B8%E4%BB%8B%E7%BB%8D@3x.png
INFO: [ app_init ] --START--
INFO: Run Behavior\BuildLiteBehavior [ RunTime:0.000000s ]
INFO: [ app_init ] --END-- [ RunTime:0.000000s ]
ERR: 无法加载模块:Public

[ 2018-11-14T15:11:03+08:00 ] 127.0.0.1 /Public/angels/img/%E4%BA%A7%E5%93%81%E4%B8%AD%E5%BF%83@3x.png
INFO: [ app_init ] --START--
INFO: Run Behavior\BuildLiteBehavior [ RunTime:0.000000s ]
INFO: [ app_init ] --END-- [ RunTime:0.000000s ]
ERR: 无法加载模块:Public

[ 2018-11-14T15:11:03+08:00 ] 127.0.0.1 /Public/angels/img/%E4%B9%B0%E5%AE%B6%E7%A7%80@3x.png
INFO: [ app_init ] --START--
INFO: Run Behavior\BuildLiteBehavior [ RunTime:0.000000s ]
INFO: [ app_init ] --END-- [ RunTime:0.000000s ]
ERR: 无法加载模块:Public

[ 2018-11-14T15:11:03+08:00 ] 127.0.0.1 /Public/angels/img/%E9%98%B2%E4%BC%AA%E6%9F%A5%E8%AF%A2@3x.png
INFO: [ app_init ] --START--
INFO: Run Behavior\BuildLiteBehavior [ RunTime:0.000000s ]
INFO: [ app_init ] --END-- [ RunTime:0.000000s ]
ERR: 无法加载模块:Public

[ 2018-11-14T15:11:03+08:00 ] 127.0.0.1 /Public/angels/img/%E4%BB%A3%E7%90%86%E6%9F%A5%E8%AF%A2@3x.png
INFO: [ app_init ] --START--
INFO: Run Behavior\BuildLiteBehavior [ RunTime:0.000000s ]
INFO: [ app_init ] --END-- [ RunTime:0.001000s ]
ERR: 无法加载模块:Public

[ 2018-11-14T15:11:03+08:00 ] 127.0.0.1 /Public/angels/img/%E5%85%B3%E6%B3%A8%E5%BE%AE%E4%BF%A1@3x.png
INFO: [ app_init ] --START--
INFO: Run Behavior\BuildLiteBehavior [ RunTime:0.000000s ]
INFO: [ app_init ] --END-- [ RunTime:0.000000s ]
ERR: 无法加载模块:Public

[ 2018-11-14T15:11:03+08:00 ] 127.0.0.1 /Public/angels/img/%E4%BC%81%E4%B8%9A%E5%8A%A8%E6%80%81@3x.png
INFO: [ app_init ] --START--
INFO: Run Behavior\BuildLiteBehavior [ RunTime:0.000000s ]
INFO: [ app_init ] --END-- [ RunTime:0.000000s ]
ERR: 无法加载模块:Public

[ 2018-11-14T15:11:03+08:00 ] 127.0.0.1 /Public/angels/img/%E6%8A%95%E8%AF%89%E5%BB%BA%E8%AE%AE@2x.png
INFO: [ app_init ] --START--
INFO: Run Behavior\BuildLiteBehavior [ RunTime:0.000000s ]
INFO: [ app_init ] --END-- [ RunTime:0.000000s ]
ERR: 无法加载模块:Public

[ 2018-11-14T15:11:04+08:00 ] 127.0.0.1 /Public/angels/img/%E6%88%91%E8%A6%81%E4%BB%A3%E7%90%86@3x.png
INFO: [ app_init ] --START--
INFO: Run Behavior\BuildLiteBehavior [ RunTime:0.000000s ]
INFO: [ app_init ] --END-- [ RunTime:0.001000s ]
ERR: 无法加载模块:Public

[ 2018-11-14T15:11:23+08:00 ] 127.0.0.1 /Public/angels/img/%E5%85%AC%E5%8F%B8%E4%BB%8B%E7%BB%8D@3x.png
INFO: [ app_init ] --START--
INFO: Run Behavior\BuildLiteBehavior [ RunTime:0.000000s ]
INFO: [ app_init ] --END-- [ RunTime:0.000000s ]
ERR: 无法加载模块:Public

[ 2018-11-14T15:11:23+08:00 ] 127.0.0.1 /Public/angels/img/%E4%BA%A7%E5%93%81%E4%B8%AD%E5%BF%83@3x.png
INFO: [ app_init ] --START--
INFO: Run Behavior\BuildLiteBehavior [ RunTime:0.000000s ]
INFO: [ app_init ] --END-- [ RunTime:0.001000s ]
ERR: 无法加载模块:Public

[ 2018-11-14T15:11:23+08:00 ] 127.0.0.1 /Public/angels/img/%E4%B9%B0%E5%AE%B6%E7%A7%80@3x.png
INFO: [ app_init ] --START--
INFO: Run Behavior\BuildLiteBehavior [ RunTime:0.000000s ]
INFO: [ app_init ] --END-- [ RunTime:0.000000s ]
ERR: 无法加载模块:Public

[ 2018-11-14T15:11:23+08:00 ] 127.0.0.1 /Public/angels/img/%E9%98%B2%E4%BC%AA%E6%9F%A5%E8%AF%A2@3x.png
INFO: [ app_init ] --START--
INFO: Run Behavior\BuildLiteBehavior [ RunTime:0.000000s ]
INFO: [ app_init ] --END-- [ RunTime:0.000000s ]
ERR: 无法加载模块:Public

[ 2018-11-14T15:11:23+08:00 ] 127.0.0.1 /Public/angels/img/%E4%BB%A3%E7%90%86%E6%9F%A5%E8%AF%A2@3x.png
INFO: [ app_init ] --START--
INFO: Run Behavior\BuildLiteBehavior [ RunTime:0.000000s ]
INFO: [ app_init ] --END-- [ RunTime:0.000000s ]
ERR: 无法加载模块:Public

[ 2018-11-14T15:11:23+08:00 ] 127.0.0.1 /Public/angels/img/%E6%8A%95%E8%AF%89%E5%BB%BA%E8%AE%AE@2x.png
INFO: [ app_init ] --START--
INFO: Run Behavior\BuildLiteBehavior [ RunTime:0.000000s ]
INFO: [ app_init ] --END-- [ RunTime:0.000000s ]
ERR: 无法加载模块:Public

[ 2018-11-14T15:11:23+08:00 ] 127.0.0.1 /Public/angels/img/%E6%88%91%E8%A6%81%E4%BB%A3%E7%90%86@3x.png
INFO: [ app_init ] --START--
INFO: Run Behavior\BuildLiteBehavior [ RunTime:0.000000s ]
INFO: [ app_init ] --END-- [ RunTime:0.000000s ]
ERR: 无法加载模块:Public

[ 2018-11-14T15:11:23+08:00 ] 127.0.0.1 /Public/angels/img/%E4%BC%81%E4%B8%9A%E5%8A%A8%E6%80%81@3x.png
INFO: [ app_init ] --START--
INFO: Run Behavior\BuildLiteBehavior [ RunTime:0.000000s ]
INFO: [ app_init ] --END-- [ RunTime:0.000000s ]
ERR: 无法加载模块:Public

[ 2018-11-14T15:11:23+08:00 ] 127.0.0.1 /Public/angels/img/%E5%85%B3%E6%B3%A8%E5%BE%AE%E4%BF%A1@3x.png
INFO: [ app_init ] --START--
INFO: Run Behavior\BuildLiteBehavior [ RunTime:0.000000s ]
INFO: [ app_init ] --END-- [ RunTime:0.001000s ]
ERR: 无法加载模块:Public

[ 2018-11-14T15:11:28+08:00 ] 127.0.0.1 /Public/angels/img/%E5%85%AC%E5%8F%B8%E4%BB%8B%E7%BB%8D@3x.png
INFO: [ app_init ] --START--
INFO: Run Behavior\BuildLiteBehavior [ RunTime:0.000000s ]
INFO: [ app_init ] --END-- [ RunTime:0.000000s ]
ERR: 无法加载模块:Public

[ 2018-11-14T15:11:28+08:00 ] 127.0.0.1 /Public/angels/img/%E9%98%B2%E4%BC%AA%E6%9F%A5%E8%AF%A2@3x.png
INFO: [ app_init ] --START--
INFO: Run Behavior\BuildLiteBehavior [ RunTime:0.000000s ]
INFO: [ app_init ] --END-- [ RunTime:0.000000s ]
ERR: 无法加载模块:Public

[ 2018-11-14T15:11:28+08:00 ] 127.0.0.1 /Public/angels/img/%E4%B9%B0%E5%AE%B6%E7%A7%80@3x.png
INFO: [ app_init ] --START--
INFO: Run Behavior\BuildLiteBehavior [ RunTime:0.000000s ]
INFO: [ app_init ] --END-- [ RunTime:0.001000s ]
ERR: 无法加载模块:Public

[ 2018-11-14T15:11:28+08:00 ] 127.0.0.1 /Public/angels/img/%E4%BB%A3%E7%90%86%E6%9F%A5%E8%AF%A2@3x.png
INFO: [ app_init ] --START--
INFO: Run Behavior\BuildLiteBehavior [ RunTime:0.000000s ]
INFO: [ app_init ] --END-- [ RunTime:0.000000s ]
ERR: 无法加载模块:Public

[ 2018-11-14T15:11:28+08:00 ] 127.0.0.1 /Public/angels/img/%E4%BC%81%E4%B8%9A%E5%8A%A8%E6%80%81@3x.png
INFO: [ app_init ] --START--
INFO: Run Behavior\BuildLiteBehavior [ RunTime:0.000000s ]
INFO: [ app_init ] --END-- [ RunTime:0.001000s ]
ERR: 无法加载模块:Public

[ 2018-11-14T15:11:28+08:00 ] 127.0.0.1 /Public/angels/img/%E6%88%91%E8%A6%81%E4%BB%A3%E7%90%86@3x.png
INFO: [ app_init ] --START--
INFO: Run Behavior\BuildLiteBehavior [ RunTime:0.000000s ]
INFO: [ app_init ] --END-- [ RunTime:0.000000s ]
ERR: 无法加载模块:Public

[ 2018-11-14T15:11:28+08:00 ] 127.0.0.1 /Public/angels/img/%E6%8A%95%E8%AF%89%E5%BB%BA%E8%AE%AE@2x.png
INFO: [ app_init ] --START--
INFO: Run Behavior\BuildLiteBehavior [ RunTime:0.000000s ]
INFO: [ app_init ] --END-- [ RunTime:0.001000s ]
ERR: 无法加载模块:Public

[ 2018-11-14T15:11:29+08:00 ] 127.0.0.1 /Public/angels/img/%E4%BA%A7%E5%93%81%E4%B8%AD%E5%BF%83@3x.png
INFO: [ app_init ] --START--
INFO: Run Behavior\BuildLiteBehavior [ RunTime:0.000000s ]
INFO: [ app_init ] --END-- [ RunTime:0.001000s ]
ERR: 无法加载模块:Public

[ 2018-11-14T15:11:29+08:00 ] 127.0.0.1 /Public/angels/img/%E5%85%B3%E6%B3%A8%E5%BE%AE%E4%BF%A1@3x.png
INFO: [ app_init ] --START--
INFO: Run Behavior\BuildLiteBehavior [ RunTime:0.000000s ]
INFO: [ app_init ] --END-- [ RunTime:0.001000s ]
ERR: 无法加载模块:Public

[ 2018-11-14T15:15:00+08:00 ] 127.0.0.1 /Public/angels/img/%E5%85%AC%E5%8F%B8%E4%BB%8B%E7%BB%8D@3x.png
INFO: [ app_init ] --START--
INFO: Run Behavior\BuildLiteBehavior [ RunTime:0.000000s ]
INFO: [ app_init ] --END-- [ RunTime:0.000000s ]
ERR: 无法加载模块:Public

[ 2018-11-14T15:15:00+08:00 ] 127.0.0.1 /Public/angels/img/%E4%BA%A7%E5%93%81%E4%B8%AD%E5%BF%83@3x.png
INFO: [ app_init ] --START--
INFO: Run Behavior\BuildLiteBehavior [ RunTime:0.000000s ]
INFO: [ app_init ] --END-- [ RunTime:0.001000s ]
ERR: 无法加载模块:Public

[ 2018-11-14T15:15:00+08:00 ] 127.0.0.1 /Public/angels/img/%E4%B9%B0%E5%AE%B6%E7%A7%80@3x.png
INFO: [ app_init ] --START--
INFO: Run Behavior\BuildLiteBehavior [ RunTime:0.000000s ]
INFO: [ app_init ] --END-- [ RunTime:0.001000s ]
ERR: 无法加载模块:Public

[ 2018-11-14T15:15:00+08:00 ] 127.0.0.1 /Public/angels/img/%E9%98%B2%E4%BC%AA%E6%9F%A5%E8%AF%A2@3x.png
INFO: [ app_init ] --START--
INFO: Run Behavior\BuildLiteBehavior [ RunTime:0.000000s ]
INFO: [ app_init ] --END-- [ RunTime:0.000000s ]
ERR: 无法加载模块:Public

[ 2018-11-14T15:15:00+08:00 ] 127.0.0.1 /Public/angels/img/%E4%BB%A3%E7%90%86%E6%9F%A5%E8%AF%A2@3x.png
INFO: [ app_init ] --START--
INFO: Run Behavior\BuildLiteBehavior [ RunTime:0.000000s ]
INFO: [ app_init ] --END-- [ RunTime:0.000000s ]
ERR: 无法加载模块:Public

[ 2018-11-14T15:15:00+08:00 ] 127.0.0.1 /Public/angels/img/%E5%85%B3%E6%B3%A8%E5%BE%AE%E4%BF%A1@3x.png
INFO: [ app_init ] --START--
INFO: Run Behavior\BuildLiteBehavior [ RunTime:0.000000s ]
INFO: [ app_init ] --END-- [ RunTime:0.000000s ]
ERR: 无法加载模块:Public

[ 2018-11-14T15:15:01+08:00 ] 127.0.0.1 /Public/angels/img/%E6%89%AB%E7%A0%81.png
INFO: [ app_init ] --START--
INFO: Run Behavior\BuildLiteBehavior [ RunTime:0.000000s ]
INFO: [ app_init ] --END-- [ RunTime:0.001000s ]
ERR: 无法加载模块:Public

[ 2018-11-14T15:15:01+08:00 ] 127.0.0.1 /Public/angels/img/%E4%BC%81%E4%B8%9A%E5%8A%A8%E6%80%81@3x.png
INFO: [ app_init ] --START--
INFO: Run Behavior\BuildLiteBehavior [ RunTime:0.000000s ]
INFO: [ app_init ] --END-- [ RunTime:0.000000s ]
ERR: 无法加载模块:Public

[ 2018-11-14T15:15:01+08:00 ] 127.0.0.1 /Public/angels/img/%E6%88%91%E8%A6%81%E4%BB%A3%E7%90%86@3x.png
INFO: [ app_init ] --START--
INFO: Run Behavior\BuildLiteBehavior [ RunTime:0.000000s ]
INFO: [ app_init ] --END-- [ RunTime:0.000000s ]
ERR: 无法加载模块:Public

[ 2018-11-14T15:15:01+08:00 ] 127.0.0.1 /Public/angels/img/%E6%8A%95%E8%AF%89%E5%BB%BA%E8%AE%AE@2x.png
INFO: [ app_init ] --START--
INFO: Run Behavior\BuildLiteBehavior [ RunTime:0.000000s ]
INFO: [ app_init ] --END-- [ RunTime:0.000000s ]
ERR: 无法加载模块:Public

[ 2018-11-14T15:15:05+08:00 ] 127.0.0.1 /Public/angels/img/%E6%89%AB%E7%A0%81.png
INFO: [ app_init ] --START--
INFO: Run Behavior\BuildLiteBehavior [ RunTime:0.000000s ]
INFO: [ app_init ] --END-- [ RunTime:0.001000s ]
ERR: 无法加载模块:Public

[ 2018-11-14T15:15:06+08:00 ] 127.0.0.1 /Public/angels/img/%E5%85%AC%E5%8F%B8%E4%BB%8B%E7%BB%8D@3x.png
INFO: [ app_init ] --START--
INFO: Run Behavior\BuildLiteBehavior [ RunTime:0.000000s ]
INFO: [ app_init ] --END-- [ RunTime:0.000000s ]
ERR: 无法加载模块:Public

[ 2018-11-14T15:15:06+08:00 ] 127.0.0.1 /Public/angels/img/%E4%BA%A7%E5%93%81%E4%B8%AD%E5%BF%83@3x.png
INFO: [ app_init ] --START--
INFO: Run Behavior\BuildLiteBehavior [ RunTime:0.000000s ]
INFO: [ app_init ] --END-- [ RunTime:0.000000s ]
ERR: 无法加载模块:Public

[ 2018-11-14T15:15:06+08:00 ] 127.0.0.1 /Public/angels/img/%E4%B9%B0%E5%AE%B6%E7%A7%80@3x.png
INFO: [ app_init ] --START--
INFO: Run Behavior\BuildLiteBehavior [ RunTime:0.000000s ]
INFO: [ app_init ] --END-- [ RunTime:0.000000s ]
ERR: 无法加载模块:Public

[ 2018-11-14T15:15:06+08:00 ] 127.0.0.1 /Public/angels/img/%E9%98%B2%E4%BC%AA%E6%9F%A5%E8%AF%A2@3x.png
INFO: [ app_init ] --START--
INFO: Run Behavior\BuildLiteBehavior [ RunTime:0.000000s ]
INFO: [ app_init ] --END-- [ RunTime:0.001000s ]
ERR: 无法加载模块:Public

[ 2018-11-14T15:15:06+08:00 ] 127.0.0.1 /Public/angels/img/%E4%BB%A3%E7%90%86%E6%9F%A5%E8%AF%A2@3x.png
INFO: [ app_init ] --START--
INFO: Run Behavior\BuildLiteBehavior [ RunTime:0.000000s ]
INFO: [ app_init ] --END-- [ RunTime:0.000000s ]
ERR: 无法加载模块:Public

[ 2018-11-14T15:15:06+08:00 ] 127.0.0.1 /Public/angels/img/%E5%85%B3%E6%B3%A8%E5%BE%AE%E4%BF%A1@3x.png
INFO: [ app_init ] --START--
INFO: Run Behavior\BuildLiteBehavior [ RunTime:0.000000s ]
INFO: [ app_init ] --END-- [ RunTime:0.000000s ]
ERR: 无法加载模块:Public

[ 2018-11-14T15:15:06+08:00 ] 127.0.0.1 /Public/angels/img/%E4%BC%81%E4%B8%9A%E5%8A%A8%E6%80%81@3x.png
INFO: [ app_init ] --START--
INFO: Run Behavior\BuildLiteBehavior [ RunTime:0.000000s ]
INFO: [ app_init ] --END-- [ RunTime:0.000000s ]
ERR: 无法加载模块:Public

[ 2018-11-14T15:15:07+08:00 ] 127.0.0.1 /Public/angels/img/%E6%88%91%E8%A6%81%E4%BB%A3%E7%90%86@3x.png
INFO: [ app_init ] --START--
INFO: Run Behavior\BuildLiteBehavior [ RunTime:0.000000s ]
INFO: [ app_init ] --END-- [ RunTime:0.001000s ]
ERR: 无法加载模块:Public

[ 2018-11-14T15:15:07+08:00 ] 127.0.0.1 /Public/angels/img/%E6%8A%95%E8%AF%89%E5%BB%BA%E8%AE%AE@2x.png
INFO: [ app_init ] --START--
INFO: Run Behavior\BuildLiteBehavior [ RunTime:0.000000s ]
INFO: [ app_init ] --END-- [ RunTime:0.001000s ]
ERR: 无法加载模块:Public

[ 2018-11-14T15:24:20+08:00 ] 127.0.0.1 /Public/uploads/product/3321/1542160304_1488.jpg
INFO: [ app_init ] --START--
INFO: Run Behavior\BuildLiteBehavior [ RunTime:0.000000s ]
INFO: [ app_init ] --END-- [ RunTime:0.000000s ]
ERR: 无法加载模块:Public

[ 2018-11-14T15:26:54+08:00 ] 127.0.0.1 /Public/angels/js/lrz.all.bundle.js.map
INFO: [ app_init ] --START--
INFO: Run Behavior\BuildLiteBehavior [ RunTime:0.000000s ]
INFO: [ app_init ] --END-- [ RunTime:0.001000s ]
ERR: 无法加载模块:Public

[ 2018-11-14T15:35:17+08:00 ] 127.0.0.1 /Public/angels/js/lrz.all.bundle.js.map
INFO: [ app_init ] --START--
INFO: Run Behavior\BuildLiteBehavior [ RunTime:0.000000s ]
INFO: [ app_init ] --END-- [ RunTime:0.000000s ]
ERR: 无法加载模块:Public

[ 2018-11-14T15:38:40+08:00 ] 127.0.0.1 /Public/uploads/product/3321/1542160304_1488.jpg
INFO: [ app_init ] --START--
INFO: Run Behavior\BuildLiteBehavior [ RunTime:0.000000s ]
INFO: [ app_init ] --END-- [ RunTime:0.001000s ]
ERR: 无法加载模块:Public

[ 2018-11-14T15:38:48+08:00 ] 127.0.0.1 /Public/uploads/product/3321/1542160304_1488.jpg
INFO: [ app_init ] --START--
INFO: Run Behavior\BuildLiteBehavior [ RunTime:0.000000s ]
INFO: [ app_init ] --END-- [ RunTime:0.000000s ]
ERR: 无法加载模块:Public

[ 2018-11-14T15:38:53+08:00 ] 127.0.0.1 /Public/uploads/product/3321/1542160304_1488.jpg
INFO: [ app_init ] --START--
INFO: Run Behavior\BuildLiteBehavior [ RunTime:0.000000s ]
INFO: [ app_init ] --END-- [ RunTime:0.000000s ]
ERR: 无法加载模块:Public

[ 2018-11-14T15:38:55+08:00 ] 127.0.0.1 /Public/uploads/product/3321/1542160304_1488.jpg
INFO: [ app_init ] --START--
INFO: Run Behavior\BuildLiteBehavior [ RunTime:0.000000s ]
INFO: [ app_init ] --END-- [ RunTime:0.000000s ]
ERR: 无法加载模块:Public

[ 2018-11-14T15:39:09+08:00 ] 127.0.0.1 /Public/angels/js/lrz.all.bundle.js.map
INFO: [ app_init ] --START--
INFO: Run Behavior\BuildLiteBehavior [ RunTime:0.000000s ]
INFO: [ app_init ] --END-- [ RunTime:0.000000s ]
ERR: 无法加载模块:Public

[ 2018-11-14T15:39:16+08:00 ] 127.0.0.1 /Public/uploads/product/3321/1542160304_1488.jpg
INFO: [ app_init ] --START--
INFO: Run Behavior\BuildLiteBehavior [ RunTime:0.000000s ]
INFO: [ app_init ] --END-- [ RunTime:0.001000s ]
ERR: 无法加载模块:Public

[ 2018-11-14T15:43:25+08:00 ] 127.0.0.1 /Public/uploads/product/3321/1542160304_1488.jpg
INFO: [ app_init ] --START--
INFO: Run Behavior\BuildLiteBehavior [ RunTime:0.001000s ]
INFO: [ app_init ] --END-- [ RunTime:0.001000s ]
ERR: 无法加载模块:Public

[ 2018-11-14T15:43:31+08:00 ] 127.0.0.1 /Public/uploads/product/3321/1542160304_1488.jpg
INFO: [ app_init ] --START--
INFO: Run Behavior\BuildLiteBehavior [ RunTime:0.000000s ]
INFO: [ app_init ] --END-- [ RunTime:0.001000s ]
ERR: 无法加载模块:Public

[ 2018-11-14T15:44:33+08:00 ] 127.0.0.1 /Public/uploads/product/3321/1542160304_1488.jpg
INFO: [ app_init ] --START--
INFO: Run Behavior\BuildLiteBehavior [ RunTime:0.000000s ]
INFO: [ app_init ] --END-- [ RunTime:0.001000s ]
ERR: 无法加载模块:Public

[ 2018-11-14T15:45:08+08:00 ] 127.0.0.1 /Public/mobi/product/3321/1542160304_1488.jpg
INFO: [ app_init ] --START--
INFO: Run Behavior\BuildLiteBehavior [ RunTime:0.000000s ]
INFO: [ app_init ] --END-- [ RunTime:0.001000s ]
ERR: 无法加载模块:Public

[ 2018-11-14T15:45:09+08:00 ] 127.0.0.1 /Public/mobi/product/3321/1542160304_1488.jpg
INFO: [ app_init ] --START--
INFO: Run Behavior\BuildLiteBehavior [ RunTime:0.000000s ]
INFO: [ app_init ] --END-- [ RunTime:0.001000s ]
ERR: 无法加载模块:Public

[ 2018-11-14T15:52:08+08:00 ] 127.0.0.1 /Public/angels/js/lrz.all.bundle.js.map
INFO: [ app_init ] --START--
INFO: Run Behavior\BuildLiteBehavior [ RunTime:0.000000s ]
INFO: [ app_init ] --END-- [ RunTime:0.001000s ]
ERR: 无法加载模块:Public

[ 2018-11-14T15:58:37+08:00 ] 127.0.0.1 /Public/kedt4110/themes/default/default.css
INFO: [ app_init ] --START--
INFO: Run Behavior\BuildLiteBehavior [ RunTime:0.000000s ]
INFO: [ app_init ] --END-- [ RunTime:0.001000s ]
ERR: 无法加载模块:Public

[ 2018-11-14T15:58:38+08:00 ] 127.0.0.1 /Public/kedt4110/kindeditor-min.js
INFO: [ app_init ] --START--
INFO: Run Behavior\BuildLiteBehavior [ RunTime:0.001000s ]
INFO: [ app_init ] --END-- [ RunTime:0.001000s ]
ERR: 无法加载模块:Public

[ 2018-11-14T15:58:38+08:00 ] 127.0.0.1 /Public/kedt4110/lang/zh_CN.js
INFO: [ app_init ] --START--
INFO: Run Behavior\BuildLiteBehavior [ RunTime:0.000000s ]
INFO: [ app_init ] --END-- [ RunTime:0.000000s ]
ERR: 无法加载模块:Public

[ 2018-11-14T15:58:39+08:00 ] 127.0.0.1 /Public/kedt4110/themes/default/default.css
INFO: [ app_init ] --START--
INFO: Run Behavior\BuildLiteBehavior [ RunTime:0.000000s ]
INFO: [ app_init ] --END-- [ RunTime:0.001000s ]
ERR: 无法加载模块:Public

[ 2018-11-14T15:58:39+08:00 ] 127.0.0.1 /Public/kedt4110/kindeditor-min.js
INFO: [ app_init ] --START--
INFO: Run Behavior\BuildLiteBehavior [ RunTime:0.000000s ]
INFO: [ app_init ] --END-- [ RunTime:0.000000s ]
ERR: 无法加载模块:Public

[ 2018-11-14T15:58:40+08:00 ] 127.0.0.1 /Public/kedt4110/lang/zh_CN.js
INFO: [ app_init ] --START--
INFO: Run Behavior\BuildLiteBehavior [ RunTime:0.000000s ]
INFO: [ app_init ] --END-- [ RunTime:0.001000s ]
ERR: 无法加载模块:Public

