[ 2018-11-17T11:18:56+08:00 ] 127.0.0.1 /mp
INFO: [ app_init ] --START--
INFO: Run Behavior\BuildLiteBehavior [ RunTime:0.000000s ]
INFO: [ app_init ] --END-- [ RunTime:0.000000s ]
INFO: [ app_begin ] --START--
INFO: Run Behavior\ReadHtmlCacheBehavior [ RunTime:0.000000s ]
INFO: [ app_begin ] --END-- [ RunTime:0.000000s ]
INFO: [ action_begin ] --START--
SQL: SHOW COLUMNS FROM `fw_denyip` [ RunTime:0.0120s ]
SQL: SELECT * FROM `fw_denyip`  [ RunTime:0.0000s ]
INFO: Run Home\Behaviors\DenyipsBehavior [ RunTime:0.030002s ]
INFO: [ action_begin ] --END-- [ RunTime:0.030002s ]

[ 2018-11-17T11:18:56+08:00 ] 127.0.0.1 /Mp/Login/index
INFO: [ app_init ] --START--
INFO: Run Behavior\BuildLiteBehavior [ RunTime:0.000000s ]
INFO: [ app_init ] --END-- [ RunTime:0.002000s ]
INFO: [ app_begin ] --START--
INFO: Run Behavior\ReadHtmlCacheBehavior [ RunTime:0.000000s ]
INFO: [ app_begin ] --END-- [ RunTime:0.000000s ]
INFO: [ action_begin ] --START--
SQL: SHOW COLUMNS FROM `fw_denyip` [ RunTime:0.0100s ]
SQL: SELECT * FROM `fw_denyip`  [ RunTime:0.0010s ]
INFO: Run Home\Behaviors\DenyipsBehavior [ RunTime:0.039002s ]
INFO: [ action_begin ] --END-- [ RunTime:0.039002s ]
INFO: [ view_parse ] --START--
INFO: [ template_filter ] --START--
INFO: Run Behavior\ContentReplaceBehavior [ RunTime:0.000000s ]
INFO: [ template_filter ] --END-- [ RunTime:0.001000s ]
NOTIC: [8] Undefined variable: qyuser D:\Aroot\myphp_www\PHPTutorial\WWW\angels\Runtime\Cache\Mp\fe86c1cc2cc73e15aeea860bc99bd042.php 第 25 行.
INFO: Run Behavior\ParseTemplateBehavior [ RunTime:0.155009s ]
INFO: [ view_parse ] --END-- [ RunTime:0.155009s ]
INFO: [ view_filter ] --START--
INFO: Run Behavior\WriteHtmlCacheBehavior [ RunTime:0.001000s ]
INFO: [ view_filter ] --END-- [ RunTime:0.001000s ]
INFO: [ app_end ] --START--
INFO: Run Behavior\ShowPageTraceBehavior [ RunTime:0.001000s ]
INFO: [ app_end ] --END-- [ RunTime:0.001000s ]

[ 2018-11-17T11:18:57+08:00 ] 127.0.0.1 /Mp/Login/verify
INFO: [ app_init ] --START--
INFO: Run Behavior\BuildLiteBehavior [ RunTime:0.000000s ]
INFO: [ app_init ] --END-- [ RunTime:0.000000s ]
INFO: [ app_begin ] --START--
INFO: Run Behavior\ReadHtmlCacheBehavior [ RunTime:0.000000s ]
INFO: [ app_begin ] --END-- [ RunTime:0.000000s ]
INFO: [ action_begin ] --START--
SQL: SHOW COLUMNS FROM `fw_denyip` [ RunTime:0.0060s ]
SQL: SELECT * FROM `fw_denyip`  [ RunTime:0.0010s ]
INFO: Run Home\Behaviors\DenyipsBehavior [ RunTime:0.018001s ]
INFO: [ action_begin ] --END-- [ RunTime:0.018001s ]

[ 2018-11-17T11:18:57+08:00 ] 127.0.0.1 /mp
INFO: [ app_init ] --START--
INFO: Run Behavior\BuildLiteBehavior [ RunTime:0.000000s ]
INFO: [ app_init ] --END-- [ RunTime:0.001000s ]
INFO: [ app_begin ] --START--
INFO: Run Behavior\ReadHtmlCacheBehavior [ RunTime:0.001000s ]
INFO: [ app_begin ] --END-- [ RunTime:0.001000s ]
INFO: [ action_begin ] --START--
SQL: SHOW COLUMNS FROM `fw_denyip` [ RunTime:0.0150s ]
SQL: SELECT * FROM `fw_denyip`  [ RunTime:0.0010s ]
INFO: Run Home\Behaviors\DenyipsBehavior [ RunTime:0.036002s ]
INFO: [ action_begin ] --END-- [ RunTime:0.036002s ]

[ 2018-11-17T11:18:57+08:00 ] 127.0.0.1 /Mp/Login/verify
INFO: [ app_init ] --START--
INFO: Run Behavior\BuildLiteBehavior [ RunTime:0.000000s ]
INFO: [ app_init ] --END-- [ RunTime:0.000000s ]
INFO: [ app_begin ] --START--
INFO: Run Behavior\ReadHtmlCacheBehavior [ RunTime:0.000000s ]
INFO: [ app_begin ] --END-- [ RunTime:0.000000s ]
INFO: [ action_begin ] --START--
SQL: SHOW COLUMNS FROM `fw_denyip` [ RunTime:0.0280s ]
SQL: SELECT * FROM `fw_denyip`  [ RunTime:0.0180s ]
INFO: Run Home\Behaviors\DenyipsBehavior [ RunTime:0.089005s ]
INFO: [ action_begin ] --END-- [ RunTime:0.090005s ]

[ 2018-11-17T11:19:30+08:00 ] 127.0.0.1 /Mp/Login/verify?0.9384832385912634
INFO: [ app_init ] --START--
INFO: Run Behavior\BuildLiteBehavior [ RunTime:0.000000s ]
INFO: [ app_init ] --END-- [ RunTime:0.001000s ]
INFO: [ app_begin ] --START--
INFO: Run Behavior\ReadHtmlCacheBehavior [ RunTime:0.001000s ]
INFO: [ app_begin ] --END-- [ RunTime:0.001000s ]
INFO: [ action_begin ] --START--
SQL: SHOW COLUMNS FROM `fw_denyip` [ RunTime:0.0170s ]
SQL: SELECT * FROM `fw_denyip`  [ RunTime:0.0010s ]
INFO: Run Home\Behaviors\DenyipsBehavior [ RunTime:0.038002s ]
INFO: [ action_begin ] --END-- [ RunTime:0.038002s ]

[ 2018-11-17T11:19:30+08:00 ] 127.0.0.1 /Mp/Login/verify?0.0539692913436538
INFO: [ app_init ] --START--
INFO: Run Behavior\BuildLiteBehavior [ RunTime:0.000000s ]
INFO: [ app_init ] --END-- [ RunTime:0.000000s ]
INFO: [ app_begin ] --START--
INFO: Run Behavior\ReadHtmlCacheBehavior [ RunTime:0.000000s ]
INFO: [ app_begin ] --END-- [ RunTime:0.000000s ]
INFO: [ action_begin ] --START--
SQL: SHOW COLUMNS FROM `fw_denyip` [ RunTime:0.0080s ]
SQL: SELECT * FROM `fw_denyip`  [ RunTime:0.0010s ]
INFO: Run Home\Behaviors\DenyipsBehavior [ RunTime:0.019002s ]
INFO: [ action_begin ] --END-- [ RunTime:0.019002s ]

[ 2018-11-17T11:19:31+08:00 ] 127.0.0.1 /Mp/Login/verify?0.41916457546463204
INFO: [ app_init ] --START--
INFO: Run Behavior\BuildLiteBehavior [ RunTime:0.000000s ]
INFO: [ app_init ] --END-- [ RunTime:0.000000s ]
INFO: [ app_begin ] --START--
INFO: Run Behavior\ReadHtmlCacheBehavior [ RunTime:0.001000s ]
INFO: [ app_begin ] --END-- [ RunTime:0.001000s ]
INFO: [ action_begin ] --START--
SQL: SHOW COLUMNS FROM `fw_denyip` [ RunTime:0.0140s ]
SQL: SELECT * FROM `fw_denyip`  [ RunTime:0.0010s ]
INFO: Run Home\Behaviors\DenyipsBehavior [ RunTime:0.035002s ]
INFO: [ action_begin ] --END-- [ RunTime:0.035002s ]

[ 2018-11-17T11:19:32+08:00 ] 127.0.0.1 /Mp/Login/verify?0.4158478944520019
INFO: [ app_init ] --START--
INFO: Run Behavior\BuildLiteBehavior [ RunTime:0.000000s ]
INFO: [ app_init ] --END-- [ RunTime:0.001000s ]
INFO: [ app_begin ] --START--
INFO: Run Behavior\ReadHtmlCacheBehavior [ RunTime:0.001000s ]
INFO: [ app_begin ] --END-- [ RunTime:0.001000s ]
INFO: [ action_begin ] --START--
SQL: SHOW COLUMNS FROM `fw_denyip` [ RunTime:0.0140s ]
SQL: SELECT * FROM `fw_denyip`  [ RunTime:0.0010s ]
INFO: Run Home\Behaviors\DenyipsBehavior [ RunTime:0.038002s ]
INFO: [ action_begin ] --END-- [ RunTime:0.038002s ]

[ 2018-11-17T11:19:33+08:00 ] 127.0.0.1 /Mp/Login/verify?0.17379132467316305
INFO: [ app_init ] --START--
INFO: Run Behavior\BuildLiteBehavior [ RunTime:0.000000s ]
INFO: [ app_init ] --END-- [ RunTime:0.001000s ]
INFO: [ app_begin ] --START--
INFO: Run Behavior\ReadHtmlCacheBehavior [ RunTime:0.001001s ]
INFO: [ app_begin ] --END-- [ RunTime:0.001001s ]
INFO: [ action_begin ] --START--
SQL: SHOW COLUMNS FROM `fw_denyip` [ RunTime:0.0250s ]
SQL: SELECT * FROM `fw_denyip`  [ RunTime:0.0020s ]
INFO: Run Home\Behaviors\DenyipsBehavior [ RunTime:0.050003s ]
INFO: [ action_begin ] --END-- [ RunTime:0.050003s ]

[ 2018-11-17T11:19:34+08:00 ] 127.0.0.1 /Mp/Login/verify?0.6781945279980848
INFO: [ app_init ] --START--
INFO: Run Behavior\BuildLiteBehavior [ RunTime:0.000000s ]
INFO: [ app_init ] --END-- [ RunTime:0.000000s ]
INFO: [ app_begin ] --START--
INFO: Run Behavior\ReadHtmlCacheBehavior [ RunTime:0.000000s ]
INFO: [ app_begin ] --END-- [ RunTime:0.000000s ]
INFO: [ action_begin ] --START--
SQL: SHOW COLUMNS FROM `fw_denyip` [ RunTime:0.0160s ]
SQL: SELECT * FROM `fw_denyip`  [ RunTime:0.0020s ]
INFO: Run Home\Behaviors\DenyipsBehavior [ RunTime:0.034001s ]
INFO: [ action_begin ] --END-- [ RunTime:0.034001s ]

[ 2018-11-17T11:19:35+08:00 ] 127.0.0.1 /Mp/Login/verify?0.11374813591249389
INFO: [ app_init ] --START--
INFO: Run Behavior\BuildLiteBehavior [ RunTime:0.000000s ]
INFO: [ app_init ] --END-- [ RunTime:0.000000s ]
INFO: [ app_begin ] --START--
INFO: Run Behavior\ReadHtmlCacheBehavior [ RunTime:0.000000s ]
INFO: [ app_begin ] --END-- [ RunTime:0.000000s ]
INFO: [ action_begin ] --START--
SQL: SHOW COLUMNS FROM `fw_denyip` [ RunTime:0.0120s ]
SQL: SELECT * FROM `fw_denyip`  [ RunTime:0.0010s ]
INFO: Run Home\Behaviors\DenyipsBehavior [ RunTime:0.030002s ]
INFO: [ action_begin ] --END-- [ RunTime:0.030002s ]

[ 2018-11-17T11:19:36+08:00 ] 127.0.0.1 /Mp/Login/verify?0.178919286772802
INFO: [ app_init ] --START--
INFO: Run Behavior\BuildLiteBehavior [ RunTime:0.000000s ]
INFO: [ app_init ] --END-- [ RunTime:0.000000s ]
INFO: [ app_begin ] --START--
INFO: Run Behavior\ReadHtmlCacheBehavior [ RunTime:0.001000s ]
INFO: [ app_begin ] --END-- [ RunTime:0.001000s ]
INFO: [ action_begin ] --START--
SQL: SHOW COLUMNS FROM `fw_denyip` [ RunTime:0.0110s ]
SQL: SELECT * FROM `fw_denyip`  [ RunTime:0.0020s ]
INFO: Run Home\Behaviors\DenyipsBehavior [ RunTime:0.030001s ]
INFO: [ action_begin ] --END-- [ RunTime:0.030001s ]

[ 2018-11-17T11:19:43+08:00 ] 127.0.0.1 /Mp/Login/logining
INFO: [ app_init ] --START--
INFO: Run Behavior\BuildLiteBehavior [ RunTime:0.000000s ]
INFO: [ app_init ] --END-- [ RunTime:0.000000s ]
INFO: [ app_begin ] --START--
INFO: Run Behavior\ReadHtmlCacheBehavior [ RunTime:0.000000s ]
INFO: [ app_begin ] --END-- [ RunTime:0.000000s ]
INFO: [ action_begin ] --START--
SQL: SHOW COLUMNS FROM `fw_denyip` [ RunTime:0.0120s ]
SQL: SELECT * FROM `fw_denyip`  [ RunTime:0.0000s ]
INFO: Run Home\Behaviors\DenyipsBehavior [ RunTime:0.031002s ]
INFO: [ action_begin ] --END-- [ RunTime:0.031002s ]
SQL: SHOW COLUMNS FROM `fw_qyinfo` [ RunTime:0.1270s ]
SQL: SELECT * FROM `fw_qyinfo` WHERE `qy_username` = 'test' LIMIT 1   [ RunTime:0.0040s ]
SQL: SHOW COLUMNS FROM `fw_log` [ RunTime:0.0740s ]
SQL: INSERT INTO `fw_log` (`log_qyid`,`log_user`,`log_qycode`,`log_action`,`log_type`,`log_addtime`,`log_ip`,`log_link`,`log_remark`) VALUES ('1191','test','3321','企业登录','1','1542424783','127.0.0.1','/Mp/Login/logining','') [ RunTime:0.0410s ]
SQL: UPDATE `fw_qyinfo` SET `qy_logintime`='1542424783',`qy_errtimes`='0' WHERE `qy_id` = 1191 [ RunTime:0.0350s ]

[ 2018-11-17T11:19:44+08:00 ] 127.0.0.1 /Mp/Index/index
INFO: [ app_init ] --START--
INFO: Run Behavior\BuildLiteBehavior [ RunTime:0.000000s ]
INFO: [ app_init ] --END-- [ RunTime:0.000000s ]
INFO: [ app_begin ] --START--
INFO: Run Behavior\ReadHtmlCacheBehavior [ RunTime:0.000000s ]
INFO: [ app_begin ] --END-- [ RunTime:0.000000s ]
INFO: [ action_begin ] --START--
SQL: SHOW COLUMNS FROM `fw_denyip` [ RunTime:0.0190s ]
SQL: SELECT * FROM `fw_denyip`  [ RunTime:0.0020s ]
INFO: Run Home\Behaviors\DenyipsBehavior [ RunTime:0.040002s ]
INFO: [ action_begin ] --END-- [ RunTime:0.040002s ]
SQL: SHOW COLUMNS FROM `fw_orders` [ RunTime:0.0350s ]
SQL: SELECT * FROM fw_orders a,fw_orderbelong b WHERE a.od_unitcode = '3321' AND a.od_state = 3 AND `od_expressdate` < 1541128783 AND a.od_id =b.odbl_odid AND a.od_oddlid =b.odbl_oddlid ORDER BY a.od_expressdate ASC LIMIT 100   [ RunTime:0.0100s ]
SQL: SHOW COLUMNS FROM `fw_orders` [ RunTime:0.0140s ]
SQL: SHOW COLUMNS FROM `fw_orderbelong` [ RunTime:0.0130s ]
SQL: SHOW COLUMNS FROM `fw_dealer` [ RunTime:0.0410s ]
SQL: SELECT COUNT(*) AS tp_count FROM `fw_dealer` WHERE `dl_unitcode` = '3321' AND `dl_status` = 0 LIMIT 1   [ RunTime:0.0010s ]
SQL: SHOW COLUMNS FROM `fw_orders` [ RunTime:0.0130s ]
SQL: SELECT COUNT(*) AS tp_count FROM fw_orders a,fw_orderbelong b WHERE a.od_unitcode = '3321' AND a.od_state IN ('0','1','2') AND b.odbl_rcdlid = 0 AND a.od_id =b.odbl_odid AND a.od_oddlid =b.odbl_oddlid LIMIT 1   [ RunTime:0.0010s ]
SQL: SHOW COLUMNS FROM `fw_recash` [ RunTime:0.0500s ]
SQL: SELECT COUNT(*) AS tp_count FROM `fw_recash` WHERE `rc_unitcode` = '3321' AND `rc_sdlid` = 0 AND `rc_state` = 0 LIMIT 1   [ RunTime:0.0010s ]
SQL: SHOW COLUMNS FROM `fw_dljfexchange` [ RunTime:0.0280s ]
SQL: SELECT COUNT(*) AS tp_count FROM `fw_dljfexchange` WHERE `exch_unitcode` = '3321' AND `exch_state` IN ('0','1') LIMIT 1   [ RunTime:0.0010s ]
SQL: SHOW COLUMNS FROM `fw_jffeedback` [ RunTime:0.0250s ]
SQL: SELECT COUNT(*) AS tp_count FROM `fw_jffeedback` WHERE `fb_unitcode` = '3321' AND `fb_state` = 0 LIMIT 1   [ RunTime:0.0010s ]
INFO: [ view_parse ] --START--
INFO: [ template_filter ] --START--
INFO: Run Behavior\ContentReplaceBehavior [ RunTime:0.001000s ]
INFO: [ template_filter ] --END-- [ RunTime:0.001000s ]
NOTIC: [8] Undefined variable: curr D:\Aroot\myphp_www\PHPTutorial\WWW\angels\Runtime\Cache\Mp\7b8faf8817bf995ca0c5f7bbae2f4c63.php 第 46 行.
NOTIC: [8] Undefined variable: curr D:\Aroot\myphp_www\PHPTutorial\WWW\angels\Runtime\Cache\Mp\7b8faf8817bf995ca0c5f7bbae2f4c63.php 第 47 行.
NOTIC: [8] Undefined variable: curr D:\Aroot\myphp_www\PHPTutorial\WWW\angels\Runtime\Cache\Mp\7b8faf8817bf995ca0c5f7bbae2f4c63.php 第 48 行.
NOTIC: [8] Undefined variable: curr D:\Aroot\myphp_www\PHPTutorial\WWW\angels\Runtime\Cache\Mp\7b8faf8817bf995ca0c5f7bbae2f4c63.php 第 49 行.
NOTIC: [8] Undefined variable: curr D:\Aroot\myphp_www\PHPTutorial\WWW\angels\Runtime\Cache\Mp\7b8faf8817bf995ca0c5f7bbae2f4c63.php 第 55 行.
NOTIC: [8] Undefined variable: curr D:\Aroot\myphp_www\PHPTutorial\WWW\angels\Runtime\Cache\Mp\7b8faf8817bf995ca0c5f7bbae2f4c63.php 第 56 行.
NOTIC: [8] Undefined variable: curr D:\Aroot\myphp_www\PHPTutorial\WWW\angels\Runtime\Cache\Mp\7b8faf8817bf995ca0c5f7bbae2f4c63.php 第 57 行.
NOTIC: [8] Undefined variable: curr D:\Aroot\myphp_www\PHPTutorial\WWW\angels\Runtime\Cache\Mp\7b8faf8817bf995ca0c5f7bbae2f4c63.php 第 64 行.
NOTIC: [8] Undefined variable: curr D:\Aroot\myphp_www\PHPTutorial\WWW\angels\Runtime\Cache\Mp\7b8faf8817bf995ca0c5f7bbae2f4c63.php 第 65 行.
NOTIC: [8] Undefined variable: curr D:\Aroot\myphp_www\PHPTutorial\WWW\angels\Runtime\Cache\Mp\7b8faf8817bf995ca0c5f7bbae2f4c63.php 第 66 行.
NOTIC: [8] Undefined variable: curr D:\Aroot\myphp_www\PHPTutorial\WWW\angels\Runtime\Cache\Mp\7b8faf8817bf995ca0c5f7bbae2f4c63.php 第 67 行.
NOTIC: [8] Undefined variable: curr D:\Aroot\myphp_www\PHPTutorial\WWW\angels\Runtime\Cache\Mp\7b8faf8817bf995ca0c5f7bbae2f4c63.php 第 68 行.
NOTIC: [8] Undefined variable: curr D:\Aroot\myphp_www\PHPTutorial\WWW\angels\Runtime\Cache\Mp\7b8faf8817bf995ca0c5f7bbae2f4c63.php 第 69 行.
NOTIC: [8] Undefined variable: curr D:\Aroot\myphp_www\PHPTutorial\WWW\angels\Runtime\Cache\Mp\7b8faf8817bf995ca0c5f7bbae2f4c63.php 第 70 行.
NOTIC: [8] Undefined variable: curr D:\Aroot\myphp_www\PHPTutorial\WWW\angels\Runtime\Cache\Mp\7b8faf8817bf995ca0c5f7bbae2f4c63.php 第 77 行.
NOTIC: [8] Undefined variable: curr D:\Aroot\myphp_www\PHPTutorial\WWW\angels\Runtime\Cache\Mp\7b8faf8817bf995ca0c5f7bbae2f4c63.php 第 78 行.
NOTIC: [8] Undefined variable: curr D:\Aroot\myphp_www\PHPTutorial\WWW\angels\Runtime\Cache\Mp\7b8faf8817bf995ca0c5f7bbae2f4c63.php 第 79 行.
NOTIC: [8] Undefined variable: curr D:\Aroot\myphp_www\PHPTutorial\WWW\angels\Runtime\Cache\Mp\7b8faf8817bf995ca0c5f7bbae2f4c63.php 第 80 行.
NOTIC: [8] Undefined variable: curr D:\Aroot\myphp_www\PHPTutorial\WWW\angels\Runtime\Cache\Mp\7b8faf8817bf995ca0c5f7bbae2f4c63.php 第 81 行.
NOTIC: [8] Undefined variable: curr D:\Aroot\myphp_www\PHPTutorial\WWW\angels\Runtime\Cache\Mp\7b8faf8817bf995ca0c5f7bbae2f4c63.php 第 82 行.
NOTIC: [8] Undefined offset: 18000 D:\Aroot\myphp_www\PHPTutorial\WWW\angels\Runtime\Cache\Mp\7b8faf8817bf995ca0c5f7bbae2f4c63.php 第 87 行.
NOTIC: [8] Undefined variable: curr D:\Aroot\myphp_www\PHPTutorial\WWW\angels\Runtime\Cache\Mp\7b8faf8817bf995ca0c5f7bbae2f4c63.php 第 104 行.
NOTIC: [8] Undefined variable: curr D:\Aroot\myphp_www\PHPTutorial\WWW\angels\Runtime\Cache\Mp\7b8faf8817bf995ca0c5f7bbae2f4c63.php 第 105 行.
NOTIC: [8] Undefined variable: curr D:\Aroot\myphp_www\PHPTutorial\WWW\angels\Runtime\Cache\Mp\7b8faf8817bf995ca0c5f7bbae2f4c63.php 第 106 行.
NOTIC: [8] Undefined variable: curr D:\Aroot\myphp_www\PHPTutorial\WWW\angels\Runtime\Cache\Mp\7b8faf8817bf995ca0c5f7bbae2f4c63.php 第 107 行.
NOTIC: [8] Undefined offset: 40000 D:\Aroot\myphp_www\PHPTutorial\WWW\angels\Runtime\Cache\Mp\7b8faf8817bf995ca0c5f7bbae2f4c63.php 第 111 行.
NOTIC: [8] Undefined offset: 12000 D:\Aroot\myphp_www\PHPTutorial\WWW\angels\Runtime\Cache\Mp\7b8faf8817bf995ca0c5f7bbae2f4c63.php 第 120 行.
NOTIC: [8] Undefined variable: curr D:\Aroot\myphp_www\PHPTutorial\WWW\angels\Runtime\Cache\Mp\7b8faf8817bf995ca0c5f7bbae2f4c63.php 第 132 行.
NOTIC: [8] Undefined offset: 70017 D:\Aroot\myphp_www\PHPTutorial\WWW\angels\Runtime\Cache\Mp\7b8faf8817bf995ca0c5f7bbae2f4c63.php 第 133 行.
NOTIC: [8] Undefined offset: 70019 D:\Aroot\myphp_www\PHPTutorial\WWW\angels\Runtime\Cache\Mp\7b8faf8817bf995ca0c5f7bbae2f4c63.php 第 134 行.
NOTIC: [8] Undefined variable: curr D:\Aroot\myphp_www\PHPTutorial\WWW\angels\Runtime\Cache\Mp\7b8faf8817bf995ca0c5f7bbae2f4c63.php 第 135 行.
NOTIC: [8] Undefined variable: curr D:\Aroot\myphp_www\PHPTutorial\WWW\angels\Runtime\Cache\Mp\7b8faf8817bf995ca0c5f7bbae2f4c63.php 第 136 行.
NOTIC: [8] Undefined variable: curr D:\Aroot\myphp_www\PHPTutorial\WWW\angels\Runtime\Cache\Mp\7b8faf8817bf995ca0c5f7bbae2f4c63.php 第 139 行.
NOTIC: [8] Undefined offset: 70021 D:\Aroot\myphp_www\PHPTutorial\WWW\angels\Runtime\Cache\Mp\7b8faf8817bf995ca0c5f7bbae2f4c63.php 第 141 行.
NOTIC: [8] Undefined offset: 70022 D:\Aroot\myphp_www\PHPTutorial\WWW\angels\Runtime\Cache\Mp\7b8faf8817bf995ca0c5f7bbae2f4c63.php 第 142 行.
NOTIC: [8] Undefined variable: curr D:\Aroot\myphp_www\PHPTutorial\WWW\angels\Runtime\Cache\Mp\7b8faf8817bf995ca0c5f7bbae2f4c63.php 第 143 行.
NOTIC: [8] Undefined variable: curr D:\Aroot\myphp_www\PHPTutorial\WWW\angels\Runtime\Cache\Mp\7b8faf8817bf995ca0c5f7bbae2f4c63.php 第 144 行.
NOTIC: [8] Undefined variable: curr D:\Aroot\myphp_www\PHPTutorial\WWW\angels\Runtime\Cache\Mp\7b8faf8817bf995ca0c5f7bbae2f4c63.php 第 146 行.
NOTIC: [8] Undefined variable: curr D:\Aroot\myphp_www\PHPTutorial\WWW\angels\Runtime\Cache\Mp\7b8faf8817bf995ca0c5f7bbae2f4c63.php 第 148 行.
NOTIC: [8] Undefined offset: 70014 D:\Aroot\myphp_www\PHPTutorial\WWW\angels\Runtime\Cache\Mp\7b8faf8817bf995ca0c5f7bbae2f4c63.php 第 149 行.
NOTIC: [8] Undefined offset: 80000 D:\Aroot\myphp_www\PHPTutorial\WWW\angels\Runtime\Cache\Mp\7b8faf8817bf995ca0c5f7bbae2f4c63.php 第 154 行.
NOTIC: [8] Undefined variable: curr D:\Aroot\myphp_www\PHPTutorial\WWW\angels\Runtime\Cache\Mp\7b8faf8817bf995ca0c5f7bbae2f4c63.php 第 164 行.
NOTIC: [8] Undefined variable: curr D:\Aroot\myphp_www\PHPTutorial\WWW\angels\Runtime\Cache\Mp\7b8faf8817bf995ca0c5f7bbae2f4c63.php 第 165 行.
INFO: Run Behavior\ParseTemplateBehavior [ RunTime:0.051003s ]
INFO: [ view_parse ] --END-- [ RunTime:0.051003s ]
INFO: [ view_filter ] --START--
INFO: Run Behavior\WriteHtmlCacheBehavior [ RunTime:0.000000s ]
INFO: [ view_filter ] --END-- [ RunTime:0.000000s ]
INFO: [ app_end ] --START--
INFO: Run Behavior\ShowPageTraceBehavior [ RunTime:0.000000s ]
INFO: [ app_end ] --END-- [ RunTime:0.000000s ]

[ 2018-11-17T11:19:49+08:00 ] 127.0.0.1 /Mp/Orders/cporders
INFO: [ app_init ] --START--
INFO: Run Behavior\BuildLiteBehavior [ RunTime:0.000000s ]
INFO: [ app_init ] --END-- [ RunTime:0.001000s ]
INFO: [ app_begin ] --START--
INFO: Run Behavior\ReadHtmlCacheBehavior [ RunTime:0.000000s ]
INFO: [ app_begin ] --END-- [ RunTime:0.000000s ]
INFO: [ action_begin ] --START--
SQL: SHOW COLUMNS FROM `fw_denyip` [ RunTime:0.0090s ]
SQL: SELECT * FROM `fw_denyip`  [ RunTime:0.0010s ]
INFO: Run Home\Behaviors\DenyipsBehavior [ RunTime:0.040002s ]
INFO: [ action_begin ] --END-- [ RunTime:0.040002s ]
SQL: SHOW COLUMNS FROM `fw_orders` [ RunTime:0.0110s ]
SQL: SELECT COUNT(*) AS tp_count FROM fw_orders a,fw_orderbelong b WHERE a.od_unitcode = '3321' AND b.odbl_rcdlid = 0 AND a.od_id =b.odbl_odid AND a.od_oddlid =b.odbl_oddlid LIMIT 1   [ RunTime:0.0010s ]
SQL: SHOW COLUMNS FROM `fw_orders` [ RunTime:0.0100s ]
SQL: SELECT * FROM fw_orders a,fw_orderbelong b WHERE a.od_unitcode = '3321' AND b.odbl_rcdlid = 0 AND a.od_id =b.odbl_odid AND a.od_oddlid =b.odbl_oddlid ORDER BY a.od_addtime DESC LIMIT 0,50   [ RunTime:0.0020s ]
SQL: SHOW COLUMNS FROM `fw_product` [ RunTime:0.0460s ]
SQL: SHOW COLUMNS FROM `fw_orderdetail` [ RunTime:0.0310s ]
SQL: SHOW COLUMNS FROM `fw_shipment` [ RunTime:0.0330s ]
SQL: SHOW COLUMNS FROM `fw_dealer` [ RunTime:0.0150s ]
INFO: [ view_parse ] --START--
INFO: [ template_filter ] --START--
INFO: Run Behavior\ContentReplaceBehavior [ RunTime:0.000000s ]
INFO: [ template_filter ] --END-- [ RunTime:0.000000s ]
NOTIC: [8] Undefined offset: 18000 D:\Aroot\myphp_www\PHPTutorial\WWW\angels\Runtime\Cache\Mp\13b1047dcf84d49f76a134019110e88b.php 第 81 行.
NOTIC: [8] Undefined offset: 40000 D:\Aroot\myphp_www\PHPTutorial\WWW\angels\Runtime\Cache\Mp\13b1047dcf84d49f76a134019110e88b.php 第 105 行.
NOTIC: [8] Undefined offset: 12000 D:\Aroot\myphp_www\PHPTutorial\WWW\angels\Runtime\Cache\Mp\13b1047dcf84d49f76a134019110e88b.php 第 114 行.
NOTIC: [8] Undefined offset: 70017 D:\Aroot\myphp_www\PHPTutorial\WWW\angels\Runtime\Cache\Mp\13b1047dcf84d49f76a134019110e88b.php 第 127 行.
NOTIC: [8] Undefined offset: 70019 D:\Aroot\myphp_www\PHPTutorial\WWW\angels\Runtime\Cache\Mp\13b1047dcf84d49f76a134019110e88b.php 第 128 行.
NOTIC: [8] Undefined offset: 70021 D:\Aroot\myphp_www\PHPTutorial\WWW\angels\Runtime\Cache\Mp\13b1047dcf84d49f76a134019110e88b.php 第 135 行.
NOTIC: [8] Undefined offset: 70022 D:\Aroot\myphp_www\PHPTutorial\WWW\angels\Runtime\Cache\Mp\13b1047dcf84d49f76a134019110e88b.php 第 136 行.
NOTIC: [8] Undefined offset: 70014 D:\Aroot\myphp_www\PHPTutorial\WWW\angels\Runtime\Cache\Mp\13b1047dcf84d49f76a134019110e88b.php 第 143 行.
NOTIC: [8] Undefined offset: 80000 D:\Aroot\myphp_www\PHPTutorial\WWW\angels\Runtime\Cache\Mp\13b1047dcf84d49f76a134019110e88b.php 第 148 行.
INFO: Run Behavior\ParseTemplateBehavior [ RunTime:0.108006s ]
INFO: [ view_parse ] --END-- [ RunTime:0.108006s ]
INFO: [ view_filter ] --START--
INFO: Run Behavior\WriteHtmlCacheBehavior [ RunTime:0.000000s ]
INFO: [ view_filter ] --END-- [ RunTime:0.000000s ]
INFO: [ app_end ] --START--
INFO: Run Behavior\ShowPageTraceBehavior [ RunTime:0.001000s ]
INFO: [ app_end ] --END-- [ RunTime:0.001000s ]

[ 2018-11-17T11:19:51+08:00 ] 127.0.0.1 /Mp/Orders/dlordersum
INFO: [ app_init ] --START--
INFO: Run Behavior\BuildLiteBehavior [ RunTime:0.000000s ]
INFO: [ app_init ] --END-- [ RunTime:0.000000s ]
INFO: [ app_begin ] --START--
INFO: Run Behavior\ReadHtmlCacheBehavior [ RunTime:0.000000s ]
INFO: [ app_begin ] --END-- [ RunTime:0.000000s ]
INFO: [ action_begin ] --START--
SQL: SHOW COLUMNS FROM `fw_denyip` [ RunTime:0.0160s ]
SQL: SELECT * FROM `fw_denyip`  [ RunTime:0.0010s ]
INFO: Run Home\Behaviors\DenyipsBehavior [ RunTime:0.034002s ]
INFO: [ action_begin ] --END-- [ RunTime:0.034002s ]
SQL: SHOW COLUMNS FROM `fw_dealer` [ RunTime:0.0150s ]
SQL: SHOW COLUMNS FROM `fw_orders` [ RunTime:0.0140s ]
SQL: SHOW COLUMNS FROM `fw_dltype` [ RunTime:0.0460s ]
SQL: SELECT COUNT(*) AS tp_count FROM `fw_dealer` WHERE `dl_unitcode` = '3321' LIMIT 1   [ RunTime:0.0010s ]
SQL: SELECT * FROM `fw_dealer` WHERE `dl_unitcode` = '3321' ORDER BY dl_type ASC,dl_id DESC LIMIT 0,50   [ RunTime:0.0010s ]
SQL: SELECT * FROM `fw_dltype` WHERE `dlt_id` = 9 AND `dlt_unitcode` = '3321' LIMIT 1   [ RunTime:0.0010s ]
SQL: SELECT SUM(od_total) AS tp_sum FROM `fw_orders` WHERE `od_oddlid` = 1 AND `od_unitcode` = '3321' AND `od_state` IN ('3','8') AND `od_expressdate` BETWEEN 1541001600 AND 1542470399 LIMIT 1   [ RunTime:0.0010s ]
SQL: SELECT * FROM `fw_dltype` WHERE `dlt_id` = 10 AND `dlt_unitcode` = '3321' LIMIT 1   [ RunTime:0.0010s ]
SQL: SELECT * FROM `fw_dealer` WHERE `dl_id` = 1 AND `dl_unitcode` = '3321' LIMIT 1   [ RunTime:0.0010s ]
SQL: SELECT * FROM `fw_dealer` WHERE `dl_id` = 1 AND `dl_unitcode` = '3321' LIMIT 1   [ RunTime:0.0000s ]
SQL: SELECT SUM(od_total) AS tp_sum FROM `fw_orders` WHERE `od_oddlid` = 2 AND `od_unitcode` = '3321' AND `od_state` IN ('3','8') AND `od_expressdate` BETWEEN 1541001600 AND 1542470399 LIMIT 1   [ RunTime:0.0000s ]
SQL: SELECT * FROM `fw_dltype` WHERE `dlt_unitcode` = '3321' ORDER BY dlt_level ASC,dlt_id ASC  [ RunTime:0.0000s ]
INFO: [ view_parse ] --START--
INFO: [ template_filter ] --START--
INFO: Run Behavior\ContentReplaceBehavior [ RunTime:0.000000s ]
INFO: [ template_filter ] --END-- [ RunTime:0.000000s ]
NOTIC: [8] Undefined offset: 18000 D:\Aroot\myphp_www\PHPTutorial\WWW\angels\Runtime\Cache\Mp\47357d5c6570aac07a8e4cc37401a539.php 第 81 行.
NOTIC: [8] Undefined offset: 40000 D:\Aroot\myphp_www\PHPTutorial\WWW\angels\Runtime\Cache\Mp\47357d5c6570aac07a8e4cc37401a539.php 第 105 行.
NOTIC: [8] Undefined offset: 12000 D:\Aroot\myphp_www\PHPTutorial\WWW\angels\Runtime\Cache\Mp\47357d5c6570aac07a8e4cc37401a539.php 第 114 行.
NOTIC: [8] Undefined offset: 70017 D:\Aroot\myphp_www\PHPTutorial\WWW\angels\Runtime\Cache\Mp\47357d5c6570aac07a8e4cc37401a539.php 第 127 行.
NOTIC: [8] Undefined offset: 70019 D:\Aroot\myphp_www\PHPTutorial\WWW\angels\Runtime\Cache\Mp\47357d5c6570aac07a8e4cc37401a539.php 第 128 行.
NOTIC: [8] Undefined offset: 70021 D:\Aroot\myphp_www\PHPTutorial\WWW\angels\Runtime\Cache\Mp\47357d5c6570aac07a8e4cc37401a539.php 第 135 行.
NOTIC: [8] Undefined offset: 70022 D:\Aroot\myphp_www\PHPTutorial\WWW\angels\Runtime\Cache\Mp\47357d5c6570aac07a8e4cc37401a539.php 第 136 行.
NOTIC: [8] Undefined offset: 70014 D:\Aroot\myphp_www\PHPTutorial\WWW\angels\Runtime\Cache\Mp\47357d5c6570aac07a8e4cc37401a539.php 第 143 行.
NOTIC: [8] Undefined offset: 80000 D:\Aroot\myphp_www\PHPTutorial\WWW\angels\Runtime\Cache\Mp\47357d5c6570aac07a8e4cc37401a539.php 第 148 行.
NOTIC: [8] Undefined variable: dl_type D:\Aroot\myphp_www\PHPTutorial\WWW\angels\Runtime\Cache\Mp\47357d5c6570aac07a8e4cc37401a539.php 第 191 行.
NOTIC: [8] Undefined variable: dl_type D:\Aroot\myphp_www\PHPTutorial\WWW\angels\Runtime\Cache\Mp\47357d5c6570aac07a8e4cc37401a539.php 第 191 行.
NOTIC: [8] Undefined variable: dl_type D:\Aroot\myphp_www\PHPTutorial\WWW\angels\Runtime\Cache\Mp\47357d5c6570aac07a8e4cc37401a539.php 第 191 行.
NOTIC: [8] Undefined variable: dl_type D:\Aroot\myphp_www\PHPTutorial\WWW\angels\Runtime\Cache\Mp\47357d5c6570aac07a8e4cc37401a539.php 第 191 行.
INFO: Run Behavior\ParseTemplateBehavior [ RunTime:0.039002s ]
INFO: [ view_parse ] --END-- [ RunTime:0.039002s ]
INFO: [ view_filter ] --START--
INFO: Run Behavior\WriteHtmlCacheBehavior [ RunTime:0.001000s ]
INFO: [ view_filter ] --END-- [ RunTime:0.001000s ]
INFO: [ app_end ] --START--
INFO: Run Behavior\ShowPageTraceBehavior [ RunTime:0.000000s ]
INFO: [ app_end ] --END-- [ RunTime:0.000000s ]

[ 2018-11-17T11:19:54+08:00 ] 127.0.0.1 /Mp/Orders/addresslist
INFO: [ app_init ] --START--
INFO: Run Behavior\BuildLiteBehavior [ RunTime:0.000000s ]
INFO: [ app_init ] --END-- [ RunTime:0.000000s ]
INFO: [ app_begin ] --START--
INFO: Run Behavior\ReadHtmlCacheBehavior [ RunTime:0.000000s ]
INFO: [ app_begin ] --END-- [ RunTime:0.000000s ]
INFO: [ action_begin ] --START--
SQL: SHOW COLUMNS FROM `fw_denyip` [ RunTime:0.0150s ]
SQL: SELECT * FROM `fw_denyip`  [ RunTime:0.0010s ]
INFO: Run Home\Behaviors\DenyipsBehavior [ RunTime:0.026001s ]
INFO: [ action_begin ] --END-- [ RunTime:0.026001s ]
SQL: SHOW COLUMNS FROM `fw_dladdress` [ RunTime:0.1700s ]
SQL: SELECT COUNT(*) AS tp_count FROM `fw_dladdress` WHERE `dladd_unitcode` = '3321' LIMIT 1   [ RunTime:0.0020s ]
SQL: SELECT * FROM `fw_dladdress` WHERE `dladd_unitcode` = '3321' ORDER BY dladd_id DESC LIMIT 0,50   [ RunTime:0.0030s ]
SQL: SHOW COLUMNS FROM `fw_dealer` [ RunTime:0.0210s ]
SQL: SELECT * FROM `fw_dealer` WHERE `dl_unitcode` = '3321' AND `dl_id` = 2 LIMIT 1   [ RunTime:0.0020s ]
INFO: [ view_parse ] --START--
INFO: [ template_filter ] --START--
INFO: Run Behavior\ContentReplaceBehavior [ RunTime:0.000000s ]
INFO: [ template_filter ] --END-- [ RunTime:0.000000s ]
NOTIC: [8] Undefined offset: 18000 D:\Aroot\myphp_www\PHPTutorial\WWW\angels\Runtime\Cache\Mp\7cc6182c7a086613c39de6cf283738cf.php 第 71 行.
NOTIC: [8] Undefined offset: 40000 D:\Aroot\myphp_www\PHPTutorial\WWW\angels\Runtime\Cache\Mp\7cc6182c7a086613c39de6cf283738cf.php 第 95 行.
NOTIC: [8] Undefined offset: 12000 D:\Aroot\myphp_www\PHPTutorial\WWW\angels\Runtime\Cache\Mp\7cc6182c7a086613c39de6cf283738cf.php 第 104 行.
NOTIC: [8] Undefined offset: 70017 D:\Aroot\myphp_www\PHPTutorial\WWW\angels\Runtime\Cache\Mp\7cc6182c7a086613c39de6cf283738cf.php 第 117 行.
NOTIC: [8] Undefined offset: 70019 D:\Aroot\myphp_www\PHPTutorial\WWW\angels\Runtime\Cache\Mp\7cc6182c7a086613c39de6cf283738cf.php 第 118 行.
NOTIC: [8] Undefined offset: 70021 D:\Aroot\myphp_www\PHPTutorial\WWW\angels\Runtime\Cache\Mp\7cc6182c7a086613c39de6cf283738cf.php 第 125 行.
NOTIC: [8] Undefined offset: 70022 D:\Aroot\myphp_www\PHPTutorial\WWW\angels\Runtime\Cache\Mp\7cc6182c7a086613c39de6cf283738cf.php 第 126 行.
NOTIC: [8] Undefined offset: 70014 D:\Aroot\myphp_www\PHPTutorial\WWW\angels\Runtime\Cache\Mp\7cc6182c7a086613c39de6cf283738cf.php 第 133 行.
NOTIC: [8] Undefined offset: 80000 D:\Aroot\myphp_www\PHPTutorial\WWW\angels\Runtime\Cache\Mp\7cc6182c7a086613c39de6cf283738cf.php 第 138 行.
NOTIC: [8] Undefined variable: page D:\Aroot\myphp_www\PHPTutorial\WWW\angels\Runtime\Cache\Mp\7cc6182c7a086613c39de6cf283738cf.php 第 203 行.
INFO: Run Behavior\ParseTemplateBehavior [ RunTime:0.032002s ]
INFO: [ view_parse ] --END-- [ RunTime:0.032002s ]
INFO: [ view_filter ] --START--
INFO: Run Behavior\WriteHtmlCacheBehavior [ RunTime:0.000000s ]
INFO: [ view_filter ] --END-- [ RunTime:0.000000s ]
INFO: [ app_end ] --START--
INFO: Run Behavior\ShowPageTraceBehavior [ RunTime:0.000000s ]
INFO: [ app_end ] --END-- [ RunTime:0.000000s ]

[ 2018-11-17T11:19:56+08:00 ] 127.0.0.1 /Mp/Dealer/index
INFO: [ app_init ] --START--
INFO: Run Behavior\BuildLiteBehavior [ RunTime:0.000000s ]
INFO: [ app_init ] --END-- [ RunTime:0.001000s ]
INFO: [ app_begin ] --START--
INFO: Run Behavior\ReadHtmlCacheBehavior [ RunTime:0.001000s ]
INFO: [ app_begin ] --END-- [ RunTime:0.001000s ]
INFO: [ action_begin ] --START--
SQL: SHOW COLUMNS FROM `fw_denyip` [ RunTime:0.0170s ]
SQL: SELECT * FROM `fw_denyip`  [ RunTime:0.0020s ]
INFO: Run Home\Behaviors\DenyipsBehavior [ RunTime:0.037002s ]
INFO: [ action_begin ] --END-- [ RunTime:0.037002s ]
SQL: SHOW COLUMNS FROM `fw_dealer` [ RunTime:0.0190s ]
SQL: SHOW COLUMNS FROM `fw_dltype` [ RunTime:0.0170s ]
SQL: SHOW COLUMNS FROM `fw_dlsttype` [ RunTime:0.0910s ]
SQL: SELECT COUNT(*) AS tp_count FROM `fw_dealer` WHERE `dl_unitcode` = '3321' LIMIT 1   [ RunTime:0.0030s ]
SQL: SELECT * FROM `fw_dealer` WHERE `dl_unitcode` = '3321' ORDER BY dl_id DESC LIMIT 0,50   [ RunTime:0.0030s ]
SQL: SELECT * FROM `fw_dltype` WHERE `dlt_id` = 10 AND `dlt_unitcode` = '3321' LIMIT 1   [ RunTime:0.0020s ]
SQL: SELECT * FROM `fw_dealer` WHERE `dl_id` = 1 AND `dl_unitcode` = '3321' LIMIT 1   [ RunTime:0.0030s ]
SQL: SELECT * FROM `fw_dltype` WHERE `dlt_id` = 9 AND `dlt_unitcode` = '3321' LIMIT 1   [ RunTime:0.0010s ]
SQL: SELECT * FROM `fw_dltype` WHERE `dlt_unitcode` = '3321' ORDER BY dlt_level ASC,dlt_id ASC  [ RunTime:0.0020s ]
INFO: [ view_parse ] --START--
INFO: [ template_filter ] --START--
INFO: Run Behavior\ContentReplaceBehavior [ RunTime:0.000000s ]
INFO: [ template_filter ] --END-- [ RunTime:0.000000s ]
NOTIC: [8] Undefined offset: 18000 D:\Aroot\myphp_www\PHPTutorial\WWW\angels\Runtime\Cache\Mp\2a39d99bd652d611eda0dd51ddecdabd.php 第 71 行.
NOTIC: [8] Undefined offset: 40000 D:\Aroot\myphp_www\PHPTutorial\WWW\angels\Runtime\Cache\Mp\2a39d99bd652d611eda0dd51ddecdabd.php 第 95 行.
NOTIC: [8] Undefined offset: 12000 D:\Aroot\myphp_www\PHPTutorial\WWW\angels\Runtime\Cache\Mp\2a39d99bd652d611eda0dd51ddecdabd.php 第 104 行.
NOTIC: [8] Undefined offset: 70017 D:\Aroot\myphp_www\PHPTutorial\WWW\angels\Runtime\Cache\Mp\2a39d99bd652d611eda0dd51ddecdabd.php 第 117 行.
NOTIC: [8] Undefined offset: 70019 D:\Aroot\myphp_www\PHPTutorial\WWW\angels\Runtime\Cache\Mp\2a39d99bd652d611eda0dd51ddecdabd.php 第 118 行.
NOTIC: [8] Undefined offset: 70021 D:\Aroot\myphp_www\PHPTutorial\WWW\angels\Runtime\Cache\Mp\2a39d99bd652d611eda0dd51ddecdabd.php 第 125 行.
NOTIC: [8] Undefined offset: 70022 D:\Aroot\myphp_www\PHPTutorial\WWW\angels\Runtime\Cache\Mp\2a39d99bd652d611eda0dd51ddecdabd.php 第 126 行.
NOTIC: [8] Undefined offset: 70014 D:\Aroot\myphp_www\PHPTutorial\WWW\angels\Runtime\Cache\Mp\2a39d99bd652d611eda0dd51ddecdabd.php 第 133 行.
NOTIC: [8] Undefined offset: 80000 D:\Aroot\myphp_www\PHPTutorial\WWW\angels\Runtime\Cache\Mp\2a39d99bd652d611eda0dd51ddecdabd.php 第 138 行.
INFO: Run Behavior\ParseTemplateBehavior [ RunTime:0.031002s ]
INFO: [ view_parse ] --END-- [ RunTime:0.031002s ]
INFO: [ view_filter ] --START--
INFO: Run Behavior\WriteHtmlCacheBehavior [ RunTime:0.000000s ]
INFO: [ view_filter ] --END-- [ RunTime:0.000000s ]
INFO: [ app_end ] --START--
INFO: Run Behavior\ShowPageTraceBehavior [ RunTime:0.000000s ]
INFO: [ app_end ] --END-- [ RunTime:0.000000s ]

[ 2018-11-17T11:19:59+08:00 ] 127.0.0.1 /Mp/Dealer/typelist
INFO: [ app_init ] --START--
INFO: Run Behavior\BuildLiteBehavior [ RunTime:0.000000s ]
INFO: [ app_init ] --END-- [ RunTime:0.000000s ]
INFO: [ app_begin ] --START--
INFO: Run Behavior\ReadHtmlCacheBehavior [ RunTime:0.001000s ]
INFO: [ app_begin ] --END-- [ RunTime:0.001000s ]
INFO: [ action_begin ] --START--
SQL: SHOW COLUMNS FROM `fw_denyip` [ RunTime:0.0120s ]
SQL: SELECT * FROM `fw_denyip`  [ RunTime:0.0010s ]
INFO: Run Home\Behaviors\DenyipsBehavior [ RunTime:0.031001s ]
INFO: [ action_begin ] --END-- [ RunTime:0.032002s ]
SQL: SHOW COLUMNS FROM `fw_dltype` [ RunTime:0.0110s ]
SQL: SELECT COUNT(*) AS tp_count FROM `fw_dltype` WHERE `dlt_unitcode` = '3321' LIMIT 1   [ RunTime:0.0010s ]
SQL: SELECT * FROM `fw_dltype` WHERE `dlt_unitcode` = '3321' ORDER BY dlt_level ASC,dlt_id ASC LIMIT 0,50   [ RunTime:0.0010s ]
SQL: SHOW COLUMNS FROM `fw_dealer` [ RunTime:0.0130s ]
SQL: SELECT COUNT(*) AS tp_count FROM `fw_dealer` WHERE `dl_unitcode` = '3321' AND `dl_type` = 9 LIMIT 1   [ RunTime:0.0010s ]
SQL: SELECT COUNT(*) AS tp_count FROM `fw_dealer` WHERE `dl_unitcode` = '3321' AND `dl_type` = 10 LIMIT 1   [ RunTime:0.0010s ]
SQL: SELECT COUNT(*) AS tp_count FROM `fw_dealer` WHERE `dl_unitcode` = '3321' AND `dl_type` = 11 LIMIT 1   [ RunTime:0.0010s ]
SQL: SELECT COUNT(*) AS tp_count FROM `fw_dealer` WHERE `dl_unitcode` = '3321' AND `dl_type` = 12 LIMIT 1   [ RunTime:0.0010s ]
INFO: [ view_parse ] --START--
INFO: [ template_filter ] --START--
INFO: Run Behavior\ContentReplaceBehavior [ RunTime:0.000000s ]
INFO: [ template_filter ] --END-- [ RunTime:0.000000s ]
NOTIC: [8] Undefined offset: 18000 D:\Aroot\myphp_www\PHPTutorial\WWW\angels\Runtime\Cache\Mp\f5cefdc3ca72022509a65cb4ad0b5708.php 第 71 行.
NOTIC: [8] Undefined offset: 40000 D:\Aroot\myphp_www\PHPTutorial\WWW\angels\Runtime\Cache\Mp\f5cefdc3ca72022509a65cb4ad0b5708.php 第 95 行.
NOTIC: [8] Undefined offset: 12000 D:\Aroot\myphp_www\PHPTutorial\WWW\angels\Runtime\Cache\Mp\f5cefdc3ca72022509a65cb4ad0b5708.php 第 104 行.
NOTIC: [8] Undefined offset: 70017 D:\Aroot\myphp_www\PHPTutorial\WWW\angels\Runtime\Cache\Mp\f5cefdc3ca72022509a65cb4ad0b5708.php 第 117 行.
NOTIC: [8] Undefined offset: 70019 D:\Aroot\myphp_www\PHPTutorial\WWW\angels\Runtime\Cache\Mp\f5cefdc3ca72022509a65cb4ad0b5708.php 第 118 行.
NOTIC: [8] Undefined offset: 70021 D:\Aroot\myphp_www\PHPTutorial\WWW\angels\Runtime\Cache\Mp\f5cefdc3ca72022509a65cb4ad0b5708.php 第 125 行.
NOTIC: [8] Undefined offset: 70022 D:\Aroot\myphp_www\PHPTutorial\WWW\angels\Runtime\Cache\Mp\f5cefdc3ca72022509a65cb4ad0b5708.php 第 126 行.
NOTIC: [8] Undefined offset: 70014 D:\Aroot\myphp_www\PHPTutorial\WWW\angels\Runtime\Cache\Mp\f5cefdc3ca72022509a65cb4ad0b5708.php 第 133 行.
NOTIC: [8] Undefined offset: 80000 D:\Aroot\myphp_www\PHPTutorial\WWW\angels\Runtime\Cache\Mp\f5cefdc3ca72022509a65cb4ad0b5708.php 第 138 行.
INFO: Run Behavior\ParseTemplateBehavior [ RunTime:0.023002s ]
INFO: [ view_parse ] --END-- [ RunTime:0.023002s ]
INFO: [ view_filter ] --START--
INFO: Run Behavior\WriteHtmlCacheBehavior [ RunTime:0.000000s ]
INFO: [ view_filter ] --END-- [ RunTime:0.000000s ]
INFO: [ app_end ] --START--
INFO: Run Behavior\ShowPageTraceBehavior [ RunTime:0.001000s ]
INFO: [ app_end ] --END-- [ RunTime:0.001000s ]

[ 2018-11-17T11:20:01+08:00 ] 127.0.0.1 /Mp/Dealer/typeedit/dlt_id/9
INFO: [ app_init ] --START--
INFO: Run Behavior\BuildLiteBehavior [ RunTime:0.000000s ]
INFO: [ app_init ] --END-- [ RunTime:0.000000s ]
INFO: [ app_begin ] --START--
INFO: Run Behavior\ReadHtmlCacheBehavior [ RunTime:0.001000s ]
INFO: [ app_begin ] --END-- [ RunTime:0.001000s ]
INFO: [ action_begin ] --START--
SQL: SHOW COLUMNS FROM `fw_denyip` [ RunTime:0.0140s ]
SQL: SELECT * FROM `fw_denyip`  [ RunTime:0.0010s ]
INFO: Run Home\Behaviors\DenyipsBehavior [ RunTime:0.027002s ]
INFO: [ action_begin ] --END-- [ RunTime:0.027002s ]
SQL: SHOW COLUMNS FROM `fw_dltype` [ RunTime:0.0140s ]
SQL: SELECT * FROM `fw_dltype` WHERE `dlt_id` = 9 AND `dlt_unitcode` = '3321' LIMIT 1   [ RunTime:0.0010s ]
INFO: [ view_parse ] --START--
INFO: [ template_filter ] --START--
INFO: Run Behavior\ContentReplaceBehavior [ RunTime:0.000000s ]
INFO: [ template_filter ] --END-- [ RunTime:0.000000s ]
NOTIC: [8] Undefined offset: 18000 D:\Aroot\myphp_www\PHPTutorial\WWW\angels\Runtime\Cache\Mp\7cb10ba0d1ce8943d51dad443e7cea26.php 第 71 行.
NOTIC: [8] Undefined offset: 40000 D:\Aroot\myphp_www\PHPTutorial\WWW\angels\Runtime\Cache\Mp\7cb10ba0d1ce8943d51dad443e7cea26.php 第 95 行.
NOTIC: [8] Undefined offset: 12000 D:\Aroot\myphp_www\PHPTutorial\WWW\angels\Runtime\Cache\Mp\7cb10ba0d1ce8943d51dad443e7cea26.php 第 104 行.
NOTIC: [8] Undefined offset: 70017 D:\Aroot\myphp_www\PHPTutorial\WWW\angels\Runtime\Cache\Mp\7cb10ba0d1ce8943d51dad443e7cea26.php 第 117 行.
NOTIC: [8] Undefined offset: 70019 D:\Aroot\myphp_www\PHPTutorial\WWW\angels\Runtime\Cache\Mp\7cb10ba0d1ce8943d51dad443e7cea26.php 第 118 行.
NOTIC: [8] Undefined offset: 70021 D:\Aroot\myphp_www\PHPTutorial\WWW\angels\Runtime\Cache\Mp\7cb10ba0d1ce8943d51dad443e7cea26.php 第 125 行.
NOTIC: [8] Undefined offset: 70022 D:\Aroot\myphp_www\PHPTutorial\WWW\angels\Runtime\Cache\Mp\7cb10ba0d1ce8943d51dad443e7cea26.php 第 126 行.
NOTIC: [8] Undefined offset: 70014 D:\Aroot\myphp_www\PHPTutorial\WWW\angels\Runtime\Cache\Mp\7cb10ba0d1ce8943d51dad443e7cea26.php 第 133 行.
NOTIC: [8] Undefined offset: 80000 D:\Aroot\myphp_www\PHPTutorial\WWW\angels\Runtime\Cache\Mp\7cb10ba0d1ce8943d51dad443e7cea26.php 第 138 行.
INFO: Run Behavior\ParseTemplateBehavior [ RunTime:0.029002s ]
INFO: [ view_parse ] --END-- [ RunTime:0.029002s ]
INFO: [ view_filter ] --START--
INFO: Run Behavior\WriteHtmlCacheBehavior [ RunTime:0.000000s ]
INFO: [ view_filter ] --END-- [ RunTime:0.000000s ]
INFO: [ app_end ] --START--
INFO: Run Behavior\ShowPageTraceBehavior [ RunTime:0.001000s ]
INFO: [ app_end ] --END-- [ RunTime:0.001000s ]

[ 2018-11-17T11:22:02+08:00 ] 127.0.0.1 /Mp/Dealer/type_save
INFO: [ app_init ] --START--
INFO: Run Behavior\BuildLiteBehavior [ RunTime:0.000000s ]
INFO: [ app_init ] --END-- [ RunTime:0.001000s ]
INFO: [ app_begin ] --START--
INFO: Run Behavior\ReadHtmlCacheBehavior [ RunTime:0.001000s ]
INFO: [ app_begin ] --END-- [ RunTime:0.001000s ]
INFO: [ action_begin ] --START--
SQL: SHOW COLUMNS FROM `fw_denyip` [ RunTime:0.0100s ]
SQL: SELECT * FROM `fw_denyip`  [ RunTime:0.0010s ]
INFO: Run Home\Behaviors\DenyipsBehavior [ RunTime:0.030001s ]
INFO: [ action_begin ] --END-- [ RunTime:0.030001s ]
SQL: SHOW COLUMNS FROM `fw_dltype` [ RunTime:0.0080s ]
SQL: SELECT * FROM `fw_dltype` WHERE `dlt_name` = 'CEO' AND `dlt_unitcode` = '3321' AND `dlt_id` <> 9 LIMIT 1   [ RunTime:0.0020s ]
SQL: SELECT * FROM `fw_dltype` WHERE `dlt_level` = 1 AND `dlt_unitcode` = '3321' AND `dlt_id` <> 9 LIMIT 1   [ RunTime:0.0010s ]
SQL: UPDATE `fw_dltype` SET `dlt_name`='CEO',`dlt_level`='1',`dlt_fanli1`='0',`dlt_fanli2`='0',`dlt_fanli3`='0',`dlt_fanli4`='0',`dlt_fanli5`='0',`dlt_fanli6`='0',`dlt_fanli7`='0',`dlt_fanli8`='0',`dlt_fanli9`='0',`dlt_fanli10`='0',`dlt_firstquota`='300000',`dlt_minnum`='0' WHERE `dlt_id` = 9 AND `dlt_unitcode` = '3321' [ RunTime:0.0590s ]
SQL: SHOW COLUMNS FROM `fw_log` [ RunTime:0.0090s ]
SQL: INSERT INTO `fw_log` (`log_qyid`,`log_user`,`log_qycode`,`log_action`,`log_type`,`log_addtime`,`log_ip`,`log_link`,`log_remark`) VALUES ('1191','test','3321','修改经销商级别','1','1542424922','127.0.0.1','/Mp/Dealer/type_save','{\"dlt_name\":\"CEO\",\"dlt_level\":1,\"dlt_fanli1\":0,\"dlt_fanli2\":0,\"dlt_fanli3\":0,\"dlt_fanli4\":0,\"dlt_fanli5\":0,\"dlt_fanli6\":0,\"dlt_fanli7\":0,\"dlt_fanli8\":0,\"dlt_fanli9\":0,\"dlt_fanli10\":0,\"dlt_firstquota\":\"300000\",\"dlt_minnum\":\"0\"}') [ RunTime:0.0600s ]
INFO: [ view_parse ] --START--
INFO: [ template_filter ] --START--
INFO: Run Behavior\ContentReplaceBehavior [ RunTime:0.000000s ]
INFO: [ template_filter ] --END-- [ RunTime:0.001000s ]
INFO: Run Behavior\ParseTemplateBehavior [ RunTime:0.053004s ]
INFO: [ view_parse ] --END-- [ RunTime:0.053004s ]
INFO: [ view_filter ] --START--
INFO: Run Behavior\WriteHtmlCacheBehavior [ RunTime:0.001000s ]
INFO: [ view_filter ] --END-- [ RunTime:0.001000s ]
INFO: [ app_end ] --START--
INFO: Run Behavior\ShowPageTraceBehavior [ RunTime:0.001000s ]
INFO: [ app_end ] --END-- [ RunTime:0.001000s ]

[ 2018-11-17T11:22:03+08:00 ] 127.0.0.1 /Mp/Dealer/typelist
INFO: [ app_init ] --START--
INFO: Run Behavior\BuildLiteBehavior [ RunTime:0.000000s ]
INFO: [ app_init ] --END-- [ RunTime:0.000000s ]
INFO: [ app_begin ] --START--
INFO: Run Behavior\ReadHtmlCacheBehavior [ RunTime:0.000000s ]
INFO: [ app_begin ] --END-- [ RunTime:0.000000s ]
INFO: [ action_begin ] --START--
SQL: SHOW COLUMNS FROM `fw_denyip` [ RunTime:0.0080s ]
SQL: SELECT * FROM `fw_denyip`  [ RunTime:0.0010s ]
INFO: Run Home\Behaviors\DenyipsBehavior [ RunTime:0.025001s ]
INFO: [ action_begin ] --END-- [ RunTime:0.025001s ]
SQL: SHOW COLUMNS FROM `fw_dltype` [ RunTime:0.0080s ]
SQL: SELECT COUNT(*) AS tp_count FROM `fw_dltype` WHERE `dlt_unitcode` = '3321' LIMIT 1   [ RunTime:0.0010s ]
SQL: SELECT * FROM `fw_dltype` WHERE `dlt_unitcode` = '3321' ORDER BY dlt_level ASC,dlt_id ASC LIMIT 0,50   [ RunTime:0.0010s ]
SQL: SHOW COLUMNS FROM `fw_dealer` [ RunTime:0.0080s ]
SQL: SELECT COUNT(*) AS tp_count FROM `fw_dealer` WHERE `dl_unitcode` = '3321' AND `dl_type` = 9 LIMIT 1   [ RunTime:0.0010s ]
SQL: SELECT COUNT(*) AS tp_count FROM `fw_dealer` WHERE `dl_unitcode` = '3321' AND `dl_type` = 10 LIMIT 1   [ RunTime:0.0010s ]
SQL: SELECT COUNT(*) AS tp_count FROM `fw_dealer` WHERE `dl_unitcode` = '3321' AND `dl_type` = 11 LIMIT 1   [ RunTime:0.0010s ]
SQL: SELECT COUNT(*) AS tp_count FROM `fw_dealer` WHERE `dl_unitcode` = '3321' AND `dl_type` = 12 LIMIT 1   [ RunTime:0.0000s ]
INFO: [ view_parse ] --START--
INFO: [ template_filter ] --START--
INFO: Run Behavior\ContentReplaceBehavior [ RunTime:0.000000s ]
INFO: [ template_filter ] --END-- [ RunTime:0.000000s ]
NOTIC: [8] Undefined offset: 18000 D:\Aroot\myphp_www\PHPTutorial\WWW\angels\Runtime\Cache\Mp\f5cefdc3ca72022509a65cb4ad0b5708.php 第 71 行.
NOTIC: [8] Undefined offset: 40000 D:\Aroot\myphp_www\PHPTutorial\WWW\angels\Runtime\Cache\Mp\f5cefdc3ca72022509a65cb4ad0b5708.php 第 95 行.
NOTIC: [8] Undefined offset: 12000 D:\Aroot\myphp_www\PHPTutorial\WWW\angels\Runtime\Cache\Mp\f5cefdc3ca72022509a65cb4ad0b5708.php 第 104 行.
NOTIC: [8] Undefined offset: 70017 D:\Aroot\myphp_www\PHPTutorial\WWW\angels\Runtime\Cache\Mp\f5cefdc3ca72022509a65cb4ad0b5708.php 第 117 行.
NOTIC: [8] Undefined offset: 70019 D:\Aroot\myphp_www\PHPTutorial\WWW\angels\Runtime\Cache\Mp\f5cefdc3ca72022509a65cb4ad0b5708.php 第 118 行.
NOTIC: [8] Undefined offset: 70021 D:\Aroot\myphp_www\PHPTutorial\WWW\angels\Runtime\Cache\Mp\f5cefdc3ca72022509a65cb4ad0b5708.php 第 125 行.
NOTIC: [8] Undefined offset: 70022 D:\Aroot\myphp_www\PHPTutorial\WWW\angels\Runtime\Cache\Mp\f5cefdc3ca72022509a65cb4ad0b5708.php 第 126 行.
NOTIC: [8] Undefined offset: 70014 D:\Aroot\myphp_www\PHPTutorial\WWW\angels\Runtime\Cache\Mp\f5cefdc3ca72022509a65cb4ad0b5708.php 第 133 行.
NOTIC: [8] Undefined offset: 80000 D:\Aroot\myphp_www\PHPTutorial\WWW\angels\Runtime\Cache\Mp\f5cefdc3ca72022509a65cb4ad0b5708.php 第 138 行.
INFO: Run Behavior\ParseTemplateBehavior [ RunTime:0.017001s ]
INFO: [ view_parse ] --END-- [ RunTime:0.017001s ]
INFO: [ view_filter ] --START--
INFO: Run Behavior\WriteHtmlCacheBehavior [ RunTime:0.000000s ]
INFO: [ view_filter ] --END-- [ RunTime:0.000000s ]
INFO: [ app_end ] --START--
INFO: Run Behavior\ShowPageTraceBehavior [ RunTime:0.001000s ]
INFO: [ app_end ] --END-- [ RunTime:0.001000s ]

[ 2018-11-17T11:22:05+08:00 ] 127.0.0.1 /Mp/Dealer/typeedit/dlt_id/10
INFO: [ app_init ] --START--
INFO: Run Behavior\BuildLiteBehavior [ RunTime:0.000000s ]
INFO: [ app_init ] --END-- [ RunTime:0.001000s ]
INFO: [ app_begin ] --START--
INFO: Run Behavior\ReadHtmlCacheBehavior [ RunTime:0.000000s ]
INFO: [ app_begin ] --END-- [ RunTime:0.000000s ]
INFO: [ action_begin ] --START--
SQL: SHOW COLUMNS FROM `fw_denyip` [ RunTime:0.0090s ]
SQL: SELECT * FROM `fw_denyip`  [ RunTime:0.0010s ]
INFO: Run Home\Behaviors\DenyipsBehavior [ RunTime:0.027001s ]
INFO: [ action_begin ] --END-- [ RunTime:0.027001s ]
SQL: SHOW COLUMNS FROM `fw_dltype` [ RunTime:0.0090s ]
SQL: SELECT * FROM `fw_dltype` WHERE `dlt_id` = 10 AND `dlt_unitcode` = '3321' LIMIT 1   [ RunTime:0.0010s ]
INFO: [ view_parse ] --START--
INFO: [ template_filter ] --START--
INFO: Run Behavior\ContentReplaceBehavior [ RunTime:0.000000s ]
INFO: [ template_filter ] --END-- [ RunTime:0.000000s ]
NOTIC: [8] Undefined offset: 18000 D:\Aroot\myphp_www\PHPTutorial\WWW\angels\Runtime\Cache\Mp\7cb10ba0d1ce8943d51dad443e7cea26.php 第 71 行.
NOTIC: [8] Undefined offset: 40000 D:\Aroot\myphp_www\PHPTutorial\WWW\angels\Runtime\Cache\Mp\7cb10ba0d1ce8943d51dad443e7cea26.php 第 95 行.
NOTIC: [8] Undefined offset: 12000 D:\Aroot\myphp_www\PHPTutorial\WWW\angels\Runtime\Cache\Mp\7cb10ba0d1ce8943d51dad443e7cea26.php 第 104 行.
NOTIC: [8] Undefined offset: 70017 D:\Aroot\myphp_www\PHPTutorial\WWW\angels\Runtime\Cache\Mp\7cb10ba0d1ce8943d51dad443e7cea26.php 第 117 行.
NOTIC: [8] Undefined offset: 70019 D:\Aroot\myphp_www\PHPTutorial\WWW\angels\Runtime\Cache\Mp\7cb10ba0d1ce8943d51dad443e7cea26.php 第 118 行.
NOTIC: [8] Undefined offset: 70021 D:\Aroot\myphp_www\PHPTutorial\WWW\angels\Runtime\Cache\Mp\7cb10ba0d1ce8943d51dad443e7cea26.php 第 125 行.
NOTIC: [8] Undefined offset: 70022 D:\Aroot\myphp_www\PHPTutorial\WWW\angels\Runtime\Cache\Mp\7cb10ba0d1ce8943d51dad443e7cea26.php 第 126 行.
NOTIC: [8] Undefined offset: 70014 D:\Aroot\myphp_www\PHPTutorial\WWW\angels\Runtime\Cache\Mp\7cb10ba0d1ce8943d51dad443e7cea26.php 第 133 行.
NOTIC: [8] Undefined offset: 80000 D:\Aroot\myphp_www\PHPTutorial\WWW\angels\Runtime\Cache\Mp\7cb10ba0d1ce8943d51dad443e7cea26.php 第 138 行.
INFO: Run Behavior\ParseTemplateBehavior [ RunTime:0.018001s ]
INFO: [ view_parse ] --END-- [ RunTime:0.018001s ]
INFO: [ view_filter ] --START--
INFO: Run Behavior\WriteHtmlCacheBehavior [ RunTime:0.000000s ]
INFO: [ view_filter ] --END-- [ RunTime:0.000000s ]
INFO: [ app_end ] --START--
INFO: Run Behavior\ShowPageTraceBehavior [ RunTime:0.001000s ]
INFO: [ app_end ] --END-- [ RunTime:0.001000s ]

[ 2018-11-17T11:22:11+08:00 ] 127.0.0.1 /Mp/Dealer/type_save
INFO: [ app_init ] --START--
INFO: Run Behavior\BuildLiteBehavior [ RunTime:0.000000s ]
INFO: [ app_init ] --END-- [ RunTime:0.001000s ]
INFO: [ app_begin ] --START--
INFO: Run Behavior\ReadHtmlCacheBehavior [ RunTime:0.001001s ]
INFO: [ app_begin ] --END-- [ RunTime:0.001001s ]
INFO: [ action_begin ] --START--
SQL: SHOW COLUMNS FROM `fw_denyip` [ RunTime:0.0090s ]
SQL: SELECT * FROM `fw_denyip`  [ RunTime:0.0010s ]
INFO: Run Home\Behaviors\DenyipsBehavior [ RunTime:0.026001s ]
INFO: [ action_begin ] --END-- [ RunTime:0.026001s ]
SQL: SHOW COLUMNS FROM `fw_dltype` [ RunTime:0.0090s ]
SQL: SELECT * FROM `fw_dltype` WHERE `dlt_name` = '执行董事' AND `dlt_unitcode` = '3321' AND `dlt_id` <> 10 LIMIT 1   [ RunTime:0.0010s ]
SQL: SELECT * FROM `fw_dltype` WHERE `dlt_level` = 2 AND `dlt_unitcode` = '3321' AND `dlt_id` <> 10 LIMIT 1   [ RunTime:0.0010s ]
SQL: UPDATE `fw_dltype` SET `dlt_name`='执行董事',`dlt_level`='2',`dlt_fanli1`='0',`dlt_fanli2`='0',`dlt_fanli3`='0',`dlt_fanli4`='0',`dlt_fanli5`='0',`dlt_fanli6`='0',`dlt_fanli7`='0',`dlt_fanli8`='0',`dlt_fanli9`='0',`dlt_fanli10`='0',`dlt_firstquota`='100000',`dlt_minnum`='0' WHERE `dlt_id` = 10 AND `dlt_unitcode` = '3321' [ RunTime:0.0480s ]
SQL: SHOW COLUMNS FROM `fw_log` [ RunTime:0.0310s ]
SQL: INSERT INTO `fw_log` (`log_qyid`,`log_user`,`log_qycode`,`log_action`,`log_type`,`log_addtime`,`log_ip`,`log_link`,`log_remark`) VALUES ('1191','test','3321','修改经销商级别','1','1542424931','127.0.0.1','/Mp/Dealer/type_save','{\"dlt_name\":\"\\u6267\\u884c\\u8463\\u4e8b\",\"dlt_level\":2,\"dlt_fanli1\":0,\"dlt_fanli2\":0,\"dlt_fanli3\":0,\"dlt_fanli4\":0,\"dlt_fanli5\":0,\"dlt_fanli6\":0,\"dlt_fanli7\":0,\"dlt_fanli8\":0,\"dlt_fanli9\":0,\"dlt_fanli10\":0,\"dlt_firstquota\":\"100000\",\"dlt_minnum\":\"0\"}') [ RunTime:0.0700s ]
INFO: [ view_parse ] --START--
INFO: [ template_filter ] --START--
INFO: Run Behavior\ContentReplaceBehavior [ RunTime:0.000000s ]
INFO: [ template_filter ] --END-- [ RunTime:0.000000s ]
INFO: Run Behavior\ParseTemplateBehavior [ RunTime:0.018001s ]
INFO: [ view_parse ] --END-- [ RunTime:0.018001s ]
INFO: [ view_filter ] --START--
INFO: Run Behavior\WriteHtmlCacheBehavior [ RunTime:0.001000s ]
INFO: [ view_filter ] --END-- [ RunTime:0.001000s ]
INFO: [ app_end ] --START--
INFO: Run Behavior\ShowPageTraceBehavior [ RunTime:0.001000s ]
INFO: [ app_end ] --END-- [ RunTime:0.001000s ]

[ 2018-11-17T11:22:12+08:00 ] 127.0.0.1 /Mp/Dealer/typelist
INFO: [ app_init ] --START--
INFO: Run Behavior\BuildLiteBehavior [ RunTime:0.000000s ]
INFO: [ app_init ] --END-- [ RunTime:0.001000s ]
INFO: [ app_begin ] --START--
INFO: Run Behavior\ReadHtmlCacheBehavior [ RunTime:0.000000s ]
INFO: [ app_begin ] --END-- [ RunTime:0.001000s ]
INFO: [ action_begin ] --START--
SQL: SHOW COLUMNS FROM `fw_denyip` [ RunTime:0.0090s ]
SQL: SELECT * FROM `fw_denyip`  [ RunTime:0.0010s ]
INFO: Run Home\Behaviors\DenyipsBehavior [ RunTime:0.027002s ]
INFO: [ action_begin ] --END-- [ RunTime:0.027002s ]
SQL: SHOW COLUMNS FROM `fw_dltype` [ RunTime:0.0090s ]
SQL: SELECT COUNT(*) AS tp_count FROM `fw_dltype` WHERE `dlt_unitcode` = '3321' LIMIT 1   [ RunTime:0.0010s ]
SQL: SELECT * FROM `fw_dltype` WHERE `dlt_unitcode` = '3321' ORDER BY dlt_level ASC,dlt_id ASC LIMIT 0,50   [ RunTime:0.0010s ]
SQL: SHOW COLUMNS FROM `fw_dealer` [ RunTime:0.0090s ]
SQL: SELECT COUNT(*) AS tp_count FROM `fw_dealer` WHERE `dl_unitcode` = '3321' AND `dl_type` = 9 LIMIT 1   [ RunTime:0.0010s ]
SQL: SELECT COUNT(*) AS tp_count FROM `fw_dealer` WHERE `dl_unitcode` = '3321' AND `dl_type` = 10 LIMIT 1   [ RunTime:0.0010s ]
SQL: SELECT COUNT(*) AS tp_count FROM `fw_dealer` WHERE `dl_unitcode` = '3321' AND `dl_type` = 11 LIMIT 1   [ RunTime:0.0010s ]
SQL: SELECT COUNT(*) AS tp_count FROM `fw_dealer` WHERE `dl_unitcode` = '3321' AND `dl_type` = 12 LIMIT 1   [ RunTime:0.0010s ]
INFO: [ view_parse ] --START--
INFO: [ template_filter ] --START--
INFO: Run Behavior\ContentReplaceBehavior [ RunTime:0.000000s ]
INFO: [ template_filter ] --END-- [ RunTime:0.000000s ]
NOTIC: [8] Undefined offset: 18000 D:\Aroot\myphp_www\PHPTutorial\WWW\angels\Runtime\Cache\Mp\f5cefdc3ca72022509a65cb4ad0b5708.php 第 71 行.
NOTIC: [8] Undefined offset: 40000 D:\Aroot\myphp_www\PHPTutorial\WWW\angels\Runtime\Cache\Mp\f5cefdc3ca72022509a65cb4ad0b5708.php 第 95 行.
NOTIC: [8] Undefined offset: 12000 D:\Aroot\myphp_www\PHPTutorial\WWW\angels\Runtime\Cache\Mp\f5cefdc3ca72022509a65cb4ad0b5708.php 第 104 行.
NOTIC: [8] Undefined offset: 70017 D:\Aroot\myphp_www\PHPTutorial\WWW\angels\Runtime\Cache\Mp\f5cefdc3ca72022509a65cb4ad0b5708.php 第 117 行.
NOTIC: [8] Undefined offset: 70019 D:\Aroot\myphp_www\PHPTutorial\WWW\angels\Runtime\Cache\Mp\f5cefdc3ca72022509a65cb4ad0b5708.php 第 118 行.
NOTIC: [8] Undefined offset: 70021 D:\Aroot\myphp_www\PHPTutorial\WWW\angels\Runtime\Cache\Mp\f5cefdc3ca72022509a65cb4ad0b5708.php 第 125 行.
NOTIC: [8] Undefined offset: 70022 D:\Aroot\myphp_www\PHPTutorial\WWW\angels\Runtime\Cache\Mp\f5cefdc3ca72022509a65cb4ad0b5708.php 第 126 行.
NOTIC: [8] Undefined offset: 70014 D:\Aroot\myphp_www\PHPTutorial\WWW\angels\Runtime\Cache\Mp\f5cefdc3ca72022509a65cb4ad0b5708.php 第 133 行.
NOTIC: [8] Undefined offset: 80000 D:\Aroot\myphp_www\PHPTutorial\WWW\angels\Runtime\Cache\Mp\f5cefdc3ca72022509a65cb4ad0b5708.php 第 138 行.
INFO: Run Behavior\ParseTemplateBehavior [ RunTime:0.017001s ]
INFO: [ view_parse ] --END-- [ RunTime:0.017001s ]
INFO: [ view_filter ] --START--
INFO: Run Behavior\WriteHtmlCacheBehavior [ RunTime:0.000000s ]
INFO: [ view_filter ] --END-- [ RunTime:0.000000s ]
INFO: [ app_end ] --START--
INFO: Run Behavior\ShowPageTraceBehavior [ RunTime:0.000000s ]
INFO: [ app_end ] --END-- [ RunTime:0.000000s ]

[ 2018-11-17T11:22:21+08:00 ] 127.0.0.1 /Mp/Dealer/typeedit/dlt_id/11
INFO: [ app_init ] --START--
INFO: Run Behavior\BuildLiteBehavior [ RunTime:0.000000s ]
INFO: [ app_init ] --END-- [ RunTime:0.001000s ]
INFO: [ app_begin ] --START--
INFO: Run Behavior\ReadHtmlCacheBehavior [ RunTime:0.001001s ]
INFO: [ app_begin ] --END-- [ RunTime:0.001001s ]
INFO: [ action_begin ] --START--
SQL: SHOW COLUMNS FROM `fw_denyip` [ RunTime:0.0080s ]
SQL: SELECT * FROM `fw_denyip`  [ RunTime:0.0010s ]
INFO: Run Home\Behaviors\DenyipsBehavior [ RunTime:0.019001s ]
INFO: [ action_begin ] --END-- [ RunTime:0.019001s ]
SQL: SHOW COLUMNS FROM `fw_dltype` [ RunTime:0.0080s ]
SQL: SELECT * FROM `fw_dltype` WHERE `dlt_id` = 11 AND `dlt_unitcode` = '3321' LIMIT 1   [ RunTime:0.0010s ]
INFO: [ view_parse ] --START--
INFO: [ template_filter ] --START--
INFO: Run Behavior\ContentReplaceBehavior [ RunTime:0.000000s ]
INFO: [ template_filter ] --END-- [ RunTime:0.000000s ]
NOTIC: [8] Undefined offset: 18000 D:\Aroot\myphp_www\PHPTutorial\WWW\angels\Runtime\Cache\Mp\7cb10ba0d1ce8943d51dad443e7cea26.php 第 71 行.
NOTIC: [8] Undefined offset: 40000 D:\Aroot\myphp_www\PHPTutorial\WWW\angels\Runtime\Cache\Mp\7cb10ba0d1ce8943d51dad443e7cea26.php 第 95 行.
NOTIC: [8] Undefined offset: 12000 D:\Aroot\myphp_www\PHPTutorial\WWW\angels\Runtime\Cache\Mp\7cb10ba0d1ce8943d51dad443e7cea26.php 第 104 行.
NOTIC: [8] Undefined offset: 70017 D:\Aroot\myphp_www\PHPTutorial\WWW\angels\Runtime\Cache\Mp\7cb10ba0d1ce8943d51dad443e7cea26.php 第 117 行.
NOTIC: [8] Undefined offset: 70019 D:\Aroot\myphp_www\PHPTutorial\WWW\angels\Runtime\Cache\Mp\7cb10ba0d1ce8943d51dad443e7cea26.php 第 118 行.
NOTIC: [8] Undefined offset: 70021 D:\Aroot\myphp_www\PHPTutorial\WWW\angels\Runtime\Cache\Mp\7cb10ba0d1ce8943d51dad443e7cea26.php 第 125 行.
NOTIC: [8] Undefined offset: 70022 D:\Aroot\myphp_www\PHPTutorial\WWW\angels\Runtime\Cache\Mp\7cb10ba0d1ce8943d51dad443e7cea26.php 第 126 行.
NOTIC: [8] Undefined offset: 70014 D:\Aroot\myphp_www\PHPTutorial\WWW\angels\Runtime\Cache\Mp\7cb10ba0d1ce8943d51dad443e7cea26.php 第 133 行.
NOTIC: [8] Undefined offset: 80000 D:\Aroot\myphp_www\PHPTutorial\WWW\angels\Runtime\Cache\Mp\7cb10ba0d1ce8943d51dad443e7cea26.php 第 138 行.
INFO: Run Behavior\ParseTemplateBehavior [ RunTime:0.017001s ]
INFO: [ view_parse ] --END-- [ RunTime:0.017001s ]
INFO: [ view_filter ] --START--
INFO: Run Behavior\WriteHtmlCacheBehavior [ RunTime:0.001000s ]
INFO: [ view_filter ] --END-- [ RunTime:0.001000s ]
INFO: [ app_end ] --START--
INFO: Run Behavior\ShowPageTraceBehavior [ RunTime:0.000000s ]
INFO: [ app_end ] --END-- [ RunTime:0.000000s ]

[ 2018-11-17T11:22:25+08:00 ] 127.0.0.1 /Mp/Dealer/type_save
INFO: [ app_init ] --START--
INFO: Run Behavior\BuildLiteBehavior [ RunTime:0.000000s ]
INFO: [ app_init ] --END-- [ RunTime:0.000000s ]
INFO: [ app_begin ] --START--
INFO: Run Behavior\ReadHtmlCacheBehavior [ RunTime:0.001000s ]
INFO: [ app_begin ] --END-- [ RunTime:0.001000s ]
INFO: [ action_begin ] --START--
SQL: SHOW COLUMNS FROM `fw_denyip` [ RunTime:0.0080s ]
SQL: SELECT * FROM `fw_denyip`  [ RunTime:0.0010s ]
INFO: Run Home\Behaviors\DenyipsBehavior [ RunTime:0.025001s ]
INFO: [ action_begin ] --END-- [ RunTime:0.026001s ]
SQL: SHOW COLUMNS FROM `fw_dltype` [ RunTime:0.0080s ]
SQL: SELECT * FROM `fw_dltype` WHERE `dlt_name` = '销售总监' AND `dlt_unitcode` = '3321' AND `dlt_id` <> 11 LIMIT 1   [ RunTime:0.0010s ]
SQL: SELECT * FROM `fw_dltype` WHERE `dlt_level` = 3 AND `dlt_unitcode` = '3321' AND `dlt_id` <> 11 LIMIT 1   [ RunTime:0.0010s ]
SQL: UPDATE `fw_dltype` SET `dlt_name`='销售总监',`dlt_level`='3',`dlt_fanli1`='0',`dlt_fanli2`='0',`dlt_fanli3`='0',`dlt_fanli4`='0',`dlt_fanli5`='0',`dlt_fanli6`='0',`dlt_fanli7`='0',`dlt_fanli8`='0',`dlt_fanli9`='0',`dlt_fanli10`='0',`dlt_firstquota`='300000',`dlt_minnum`='0' WHERE `dlt_id` = 11 AND `dlt_unitcode` = '3321' [ RunTime:0.0610s ]
SQL: SHOW COLUMNS FROM `fw_log` [ RunTime:0.0340s ]
SQL: INSERT INTO `fw_log` (`log_qyid`,`log_user`,`log_qycode`,`log_action`,`log_type`,`log_addtime`,`log_ip`,`log_link`,`log_remark`) VALUES ('1191','test','3321','修改经销商级别','1','1542424945','127.0.0.1','/Mp/Dealer/type_save','{\"dlt_name\":\"\\u9500\\u552e\\u603b\\u76d1\",\"dlt_level\":3,\"dlt_fanli1\":0,\"dlt_fanli2\":0,\"dlt_fanli3\":0,\"dlt_fanli4\":0,\"dlt_fanli5\":0,\"dlt_fanli6\":0,\"dlt_fanli7\":0,\"dlt_fanli8\":0,\"dlt_fanli9\":0,\"dlt_fanli10\":0,\"dlt_firstquota\":\"300000\",\"dlt_minnum\":\"0\"}') [ RunTime:0.0980s ]
INFO: [ view_parse ] --START--
INFO: [ template_filter ] --START--
INFO: Run Behavior\ContentReplaceBehavior [ RunTime:0.000000s ]
INFO: [ template_filter ] --END-- [ RunTime:0.000000s ]
INFO: Run Behavior\ParseTemplateBehavior [ RunTime:0.015001s ]
INFO: [ view_parse ] --END-- [ RunTime:0.015001s ]
INFO: [ view_filter ] --START--
INFO: Run Behavior\WriteHtmlCacheBehavior [ RunTime:0.001000s ]
INFO: [ view_filter ] --END-- [ RunTime:0.001000s ]
INFO: [ app_end ] --START--
INFO: Run Behavior\ShowPageTraceBehavior [ RunTime:0.001000s ]
INFO: [ app_end ] --END-- [ RunTime:0.001000s ]

[ 2018-11-17T11:22:26+08:00 ] 127.0.0.1 /Mp/Dealer/typelist
INFO: [ app_init ] --START--
INFO: Run Behavior\BuildLiteBehavior [ RunTime:0.000000s ]
INFO: [ app_init ] --END-- [ RunTime:0.000000s ]
INFO: [ app_begin ] --START--
INFO: Run Behavior\ReadHtmlCacheBehavior [ RunTime:0.001000s ]
INFO: [ app_begin ] --END-- [ RunTime:0.001000s ]
INFO: [ action_begin ] --START--
SQL: SHOW COLUMNS FROM `fw_denyip` [ RunTime:0.0070s ]
SQL: SELECT * FROM `fw_denyip`  [ RunTime:0.0000s ]
INFO: Run Home\Behaviors\DenyipsBehavior [ RunTime:0.016001s ]
INFO: [ action_begin ] --END-- [ RunTime:0.016001s ]
SQL: SHOW COLUMNS FROM `fw_dltype` [ RunTime:0.0060s ]
SQL: SELECT COUNT(*) AS tp_count FROM `fw_dltype` WHERE `dlt_unitcode` = '3321' LIMIT 1   [ RunTime:0.0010s ]
SQL: SELECT * FROM `fw_dltype` WHERE `dlt_unitcode` = '3321' ORDER BY dlt_level ASC,dlt_id ASC LIMIT 0,50   [ RunTime:0.0010s ]
SQL: SHOW COLUMNS FROM `fw_dealer` [ RunTime:0.0070s ]
SQL: SELECT COUNT(*) AS tp_count FROM `fw_dealer` WHERE `dl_unitcode` = '3321' AND `dl_type` = 9 LIMIT 1   [ RunTime:0.0010s ]
SQL: SELECT COUNT(*) AS tp_count FROM `fw_dealer` WHERE `dl_unitcode` = '3321' AND `dl_type` = 10 LIMIT 1   [ RunTime:0.0010s ]
SQL: SELECT COUNT(*) AS tp_count FROM `fw_dealer` WHERE `dl_unitcode` = '3321' AND `dl_type` = 11 LIMIT 1   [ RunTime:0.0010s ]
SQL: SELECT COUNT(*) AS tp_count FROM `fw_dealer` WHERE `dl_unitcode` = '3321' AND `dl_type` = 12 LIMIT 1   [ RunTime:0.0010s ]
INFO: [ view_parse ] --START--
INFO: [ template_filter ] --START--
INFO: Run Behavior\ContentReplaceBehavior [ RunTime:0.000000s ]
INFO: [ template_filter ] --END-- [ RunTime:0.000000s ]
NOTIC: [8] Undefined offset: 18000 D:\Aroot\myphp_www\PHPTutorial\WWW\angels\Runtime\Cache\Mp\f5cefdc3ca72022509a65cb4ad0b5708.php 第 71 行.
NOTIC: [8] Undefined offset: 40000 D:\Aroot\myphp_www\PHPTutorial\WWW\angels\Runtime\Cache\Mp\f5cefdc3ca72022509a65cb4ad0b5708.php 第 95 行.
NOTIC: [8] Undefined offset: 12000 D:\Aroot\myphp_www\PHPTutorial\WWW\angels\Runtime\Cache\Mp\f5cefdc3ca72022509a65cb4ad0b5708.php 第 104 行.
NOTIC: [8] Undefined offset: 70017 D:\Aroot\myphp_www\PHPTutorial\WWW\angels\Runtime\Cache\Mp\f5cefdc3ca72022509a65cb4ad0b5708.php 第 117 行.
NOTIC: [8] Undefined offset: 70019 D:\Aroot\myphp_www\PHPTutorial\WWW\angels\Runtime\Cache\Mp\f5cefdc3ca72022509a65cb4ad0b5708.php 第 118 行.
NOTIC: [8] Undefined offset: 70021 D:\Aroot\myphp_www\PHPTutorial\WWW\angels\Runtime\Cache\Mp\f5cefdc3ca72022509a65cb4ad0b5708.php 第 125 行.
NOTIC: [8] Undefined offset: 70022 D:\Aroot\myphp_www\PHPTutorial\WWW\angels\Runtime\Cache\Mp\f5cefdc3ca72022509a65cb4ad0b5708.php 第 126 行.
NOTIC: [8] Undefined offset: 70014 D:\Aroot\myphp_www\PHPTutorial\WWW\angels\Runtime\Cache\Mp\f5cefdc3ca72022509a65cb4ad0b5708.php 第 133 行.
NOTIC: [8] Undefined offset: 80000 D:\Aroot\myphp_www\PHPTutorial\WWW\angels\Runtime\Cache\Mp\f5cefdc3ca72022509a65cb4ad0b5708.php 第 138 行.
INFO: Run Behavior\ParseTemplateBehavior [ RunTime:0.017001s ]
INFO: [ view_parse ] --END-- [ RunTime:0.017001s ]
INFO: [ view_filter ] --START--
INFO: Run Behavior\WriteHtmlCacheBehavior [ RunTime:0.000000s ]
INFO: [ view_filter ] --END-- [ RunTime:0.000000s ]
INFO: [ app_end ] --START--
INFO: Run Behavior\ShowPageTraceBehavior [ RunTime:0.000000s ]
INFO: [ app_end ] --END-- [ RunTime:0.000000s ]

[ 2018-11-17T11:22:41+08:00 ] 127.0.0.1 /Mp/Dealer/typeedit/dlt_id/12
INFO: [ app_init ] --START--
INFO: Run Behavior\BuildLiteBehavior [ RunTime:0.000000s ]
INFO: [ app_init ] --END-- [ RunTime:0.001000s ]
INFO: [ app_begin ] --START--
INFO: Run Behavior\ReadHtmlCacheBehavior [ RunTime:0.001000s ]
INFO: [ app_begin ] --END-- [ RunTime:0.001000s ]
INFO: [ action_begin ] --START--
SQL: SHOW COLUMNS FROM `fw_denyip` [ RunTime:0.0100s ]
SQL: SELECT * FROM `fw_denyip`  [ RunTime:0.0010s ]
INFO: Run Home\Behaviors\DenyipsBehavior [ RunTime:0.030002s ]
INFO: [ action_begin ] --END-- [ RunTime:0.030002s ]
SQL: SHOW COLUMNS FROM `fw_dltype` [ RunTime:0.0100s ]
SQL: SELECT * FROM `fw_dltype` WHERE `dlt_id` = 12 AND `dlt_unitcode` = '3321' LIMIT 1   [ RunTime:0.0020s ]
INFO: [ view_parse ] --START--
INFO: [ template_filter ] --START--
INFO: Run Behavior\ContentReplaceBehavior [ RunTime:0.000000s ]
INFO: [ template_filter ] --END-- [ RunTime:0.000000s ]
NOTIC: [8] Undefined offset: 18000 D:\Aroot\myphp_www\PHPTutorial\WWW\angels\Runtime\Cache\Mp\7cb10ba0d1ce8943d51dad443e7cea26.php 第 71 行.
NOTIC: [8] Undefined offset: 40000 D:\Aroot\myphp_www\PHPTutorial\WWW\angels\Runtime\Cache\Mp\7cb10ba0d1ce8943d51dad443e7cea26.php 第 95 行.
NOTIC: [8] Undefined offset: 12000 D:\Aroot\myphp_www\PHPTutorial\WWW\angels\Runtime\Cache\Mp\7cb10ba0d1ce8943d51dad443e7cea26.php 第 104 行.
NOTIC: [8] Undefined offset: 70017 D:\Aroot\myphp_www\PHPTutorial\WWW\angels\Runtime\Cache\Mp\7cb10ba0d1ce8943d51dad443e7cea26.php 第 117 行.
NOTIC: [8] Undefined offset: 70019 D:\Aroot\myphp_www\PHPTutorial\WWW\angels\Runtime\Cache\Mp\7cb10ba0d1ce8943d51dad443e7cea26.php 第 118 行.
NOTIC: [8] Undefined offset: 70021 D:\Aroot\myphp_www\PHPTutorial\WWW\angels\Runtime\Cache\Mp\7cb10ba0d1ce8943d51dad443e7cea26.php 第 125 行.
NOTIC: [8] Undefined offset: 70022 D:\Aroot\myphp_www\PHPTutorial\WWW\angels\Runtime\Cache\Mp\7cb10ba0d1ce8943d51dad443e7cea26.php 第 126 行.
NOTIC: [8] Undefined offset: 70014 D:\Aroot\myphp_www\PHPTutorial\WWW\angels\Runtime\Cache\Mp\7cb10ba0d1ce8943d51dad443e7cea26.php 第 133 行.
NOTIC: [8] Undefined offset: 80000 D:\Aroot\myphp_www\PHPTutorial\WWW\angels\Runtime\Cache\Mp\7cb10ba0d1ce8943d51dad443e7cea26.php 第 138 行.
INFO: Run Behavior\ParseTemplateBehavior [ RunTime:0.021001s ]
INFO: [ view_parse ] --END-- [ RunTime:0.021001s ]
INFO: [ view_filter ] --START--
INFO: Run Behavior\WriteHtmlCacheBehavior [ RunTime:0.000000s ]
INFO: [ view_filter ] --END-- [ RunTime:0.000000s ]
INFO: [ app_end ] --START--
INFO: Run Behavior\ShowPageTraceBehavior [ RunTime:0.001000s ]
INFO: [ app_end ] --END-- [ RunTime:0.001000s ]

[ 2018-11-17T11:22:47+08:00 ] 127.0.0.1 /Mp/Dealer/type_save
INFO: [ app_init ] --START--
INFO: Run Behavior\BuildLiteBehavior [ RunTime:0.000000s ]
INFO: [ app_init ] --END-- [ RunTime:0.001000s ]
INFO: [ app_begin ] --START--
INFO: Run Behavior\ReadHtmlCacheBehavior [ RunTime:0.001000s ]
INFO: [ app_begin ] --END-- [ RunTime:0.001000s ]
INFO: [ action_begin ] --START--
SQL: SHOW COLUMNS FROM `fw_denyip` [ RunTime:0.0080s ]
SQL: SELECT * FROM `fw_denyip`  [ RunTime:0.0010s ]
INFO: Run Home\Behaviors\DenyipsBehavior [ RunTime:0.025002s ]
INFO: [ action_begin ] --END-- [ RunTime:0.025002s ]
SQL: SHOW COLUMNS FROM `fw_dltype` [ RunTime:0.0090s ]
SQL: SELECT * FROM `fw_dltype` WHERE `dlt_name` = '销售经理' AND `dlt_unitcode` = '3321' AND `dlt_id` <> 12 LIMIT 1   [ RunTime:0.0010s ]
SQL: SELECT * FROM `fw_dltype` WHERE `dlt_level` = 4 AND `dlt_unitcode` = '3321' AND `dlt_id` <> 12 LIMIT 1   [ RunTime:0.0010s ]
SQL: UPDATE `fw_dltype` SET `dlt_name`='销售经理',`dlt_level`='4',`dlt_fanli1`='0',`dlt_fanli2`='0',`dlt_fanli3`='0',`dlt_fanli4`='0',`dlt_fanli5`='0',`dlt_fanli6`='0',`dlt_fanli7`='0',`dlt_fanli8`='0',`dlt_fanli9`='0',`dlt_fanli10`='0',`dlt_firstquota`='10000',`dlt_minnum`='0' WHERE `dlt_id` = 12 AND `dlt_unitcode` = '3321' [ RunTime:0.0930s ]
SQL: SHOW COLUMNS FROM `fw_log` [ RunTime:0.0250s ]
SQL: INSERT INTO `fw_log` (`log_qyid`,`log_user`,`log_qycode`,`log_action`,`log_type`,`log_addtime`,`log_ip`,`log_link`,`log_remark`) VALUES ('1191','test','3321','修改经销商级别','1','1542424967','127.0.0.1','/Mp/Dealer/type_save','{\"dlt_name\":\"\\u9500\\u552e\\u7ecf\\u7406\",\"dlt_level\":4,\"dlt_fanli1\":0,\"dlt_fanli2\":0,\"dlt_fanli3\":0,\"dlt_fanli4\":0,\"dlt_fanli5\":0,\"dlt_fanli6\":0,\"dlt_fanli7\":0,\"dlt_fanli8\":0,\"dlt_fanli9\":0,\"dlt_fanli10\":0,\"dlt_firstquota\":\"10000\",\"dlt_minnum\":\"0\"}') [ RunTime:0.0640s ]
INFO: [ view_parse ] --START--
INFO: [ template_filter ] --START--
INFO: Run Behavior\ContentReplaceBehavior [ RunTime:0.000000s ]
INFO: [ template_filter ] --END-- [ RunTime:0.000000s ]
INFO: Run Behavior\ParseTemplateBehavior [ RunTime:0.012001s ]
INFO: [ view_parse ] --END-- [ RunTime:0.012001s ]
INFO: [ view_filter ] --START--
INFO: Run Behavior\WriteHtmlCacheBehavior [ RunTime:0.000000s ]
INFO: [ view_filter ] --END-- [ RunTime:0.000000s ]
INFO: [ app_end ] --START--
INFO: Run Behavior\ShowPageTraceBehavior [ RunTime:0.001000s ]
INFO: [ app_end ] --END-- [ RunTime:0.001000s ]

[ 2018-11-17T11:22:48+08:00 ] 127.0.0.1 /Mp/Dealer/typelist
INFO: [ app_init ] --START--
INFO: Run Behavior\BuildLiteBehavior [ RunTime:0.000000s ]
INFO: [ app_init ] --END-- [ RunTime:0.001000s ]
INFO: [ app_begin ] --START--
INFO: Run Behavior\ReadHtmlCacheBehavior [ RunTime:0.000000s ]
INFO: [ app_begin ] --END-- [ RunTime:0.001000s ]
INFO: [ action_begin ] --START--
SQL: SHOW COLUMNS FROM `fw_denyip` [ RunTime:0.0080s ]
SQL: SELECT * FROM `fw_denyip`  [ RunTime:0.0010s ]
INFO: Run Home\Behaviors\DenyipsBehavior [ RunTime:0.028002s ]
INFO: [ action_begin ] --END-- [ RunTime:0.029002s ]
SQL: SHOW COLUMNS FROM `fw_dltype` [ RunTime:0.0080s ]
SQL: SELECT COUNT(*) AS tp_count FROM `fw_dltype` WHERE `dlt_unitcode` = '3321' LIMIT 1   [ RunTime:0.0010s ]
SQL: SELECT * FROM `fw_dltype` WHERE `dlt_unitcode` = '3321' ORDER BY dlt_level ASC,dlt_id ASC LIMIT 0,50   [ RunTime:0.0010s ]
SQL: SHOW COLUMNS FROM `fw_dealer` [ RunTime:0.0090s ]
SQL: SELECT COUNT(*) AS tp_count FROM `fw_dealer` WHERE `dl_unitcode` = '3321' AND `dl_type` = 9 LIMIT 1   [ RunTime:0.0010s ]
SQL: SELECT COUNT(*) AS tp_count FROM `fw_dealer` WHERE `dl_unitcode` = '3321' AND `dl_type` = 10 LIMIT 1   [ RunTime:0.0010s ]
SQL: SELECT COUNT(*) AS tp_count FROM `fw_dealer` WHERE `dl_unitcode` = '3321' AND `dl_type` = 11 LIMIT 1   [ RunTime:0.0010s ]
SQL: SELECT COUNT(*) AS tp_count FROM `fw_dealer` WHERE `dl_unitcode` = '3321' AND `dl_type` = 12 LIMIT 1   [ RunTime:0.0010s ]
INFO: [ view_parse ] --START--
INFO: [ template_filter ] --START--
INFO: Run Behavior\ContentReplaceBehavior [ RunTime:0.000000s ]
INFO: [ template_filter ] --END-- [ RunTime:0.000000s ]
NOTIC: [8] Undefined offset: 18000 D:\Aroot\myphp_www\PHPTutorial\WWW\angels\Runtime\Cache\Mp\f5cefdc3ca72022509a65cb4ad0b5708.php 第 71 行.
NOTIC: [8] Undefined offset: 40000 D:\Aroot\myphp_www\PHPTutorial\WWW\angels\Runtime\Cache\Mp\f5cefdc3ca72022509a65cb4ad0b5708.php 第 95 行.
NOTIC: [8] Undefined offset: 12000 D:\Aroot\myphp_www\PHPTutorial\WWW\angels\Runtime\Cache\Mp\f5cefdc3ca72022509a65cb4ad0b5708.php 第 104 行.
NOTIC: [8] Undefined offset: 70017 D:\Aroot\myphp_www\PHPTutorial\WWW\angels\Runtime\Cache\Mp\f5cefdc3ca72022509a65cb4ad0b5708.php 第 117 行.
NOTIC: [8] Undefined offset: 70019 D:\Aroot\myphp_www\PHPTutorial\WWW\angels\Runtime\Cache\Mp\f5cefdc3ca72022509a65cb4ad0b5708.php 第 118 行.
NOTIC: [8] Undefined offset: 70021 D:\Aroot\myphp_www\PHPTutorial\WWW\angels\Runtime\Cache\Mp\f5cefdc3ca72022509a65cb4ad0b5708.php 第 125 行.
NOTIC: [8] Undefined offset: 70022 D:\Aroot\myphp_www\PHPTutorial\WWW\angels\Runtime\Cache\Mp\f5cefdc3ca72022509a65cb4ad0b5708.php 第 126 行.
NOTIC: [8] Undefined offset: 70014 D:\Aroot\myphp_www\PHPTutorial\WWW\angels\Runtime\Cache\Mp\f5cefdc3ca72022509a65cb4ad0b5708.php 第 133 行.
NOTIC: [8] Undefined offset: 80000 D:\Aroot\myphp_www\PHPTutorial\WWW\angels\Runtime\Cache\Mp\f5cefdc3ca72022509a65cb4ad0b5708.php 第 138 行.
INFO: Run Behavior\ParseTemplateBehavior [ RunTime:0.016000s ]
INFO: [ view_parse ] --END-- [ RunTime:0.016000s ]
INFO: [ view_filter ] --START--
INFO: Run Behavior\WriteHtmlCacheBehavior [ RunTime:0.001000s ]
INFO: [ view_filter ] --END-- [ RunTime:0.001000s ]
INFO: [ app_end ] --START--
INFO: Run Behavior\ShowPageTraceBehavior [ RunTime:0.000000s ]
INFO: [ app_end ] --END-- [ RunTime:0.000000s ]

[ 2018-11-17T11:22:50+08:00 ] 127.0.0.1 /Mp/Dealer/typeedit/dlt_id/9
INFO: [ app_init ] --START--
INFO: Run Behavior\BuildLiteBehavior [ RunTime:0.000000s ]
INFO: [ app_init ] --END-- [ RunTime:0.000000s ]
INFO: [ app_begin ] --START--
INFO: Run Behavior\ReadHtmlCacheBehavior [ RunTime:0.001000s ]
INFO: [ app_begin ] --END-- [ RunTime:0.001000s ]
INFO: [ action_begin ] --START--
SQL: SHOW COLUMNS FROM `fw_denyip` [ RunTime:0.0080s ]
SQL: SELECT * FROM `fw_denyip`  [ RunTime:0.0010s ]
INFO: Run Home\Behaviors\DenyipsBehavior [ RunTime:0.027001s ]
INFO: [ action_begin ] --END-- [ RunTime:0.027001s ]
SQL: SHOW COLUMNS FROM `fw_dltype` [ RunTime:0.0080s ]
SQL: SELECT * FROM `fw_dltype` WHERE `dlt_id` = 9 AND `dlt_unitcode` = '3321' LIMIT 1   [ RunTime:0.0010s ]
INFO: [ view_parse ] --START--
INFO: [ template_filter ] --START--
INFO: Run Behavior\ContentReplaceBehavior [ RunTime:0.001001s ]
INFO: [ template_filter ] --END-- [ RunTime:0.001001s ]
NOTIC: [8] Undefined offset: 18000 D:\Aroot\myphp_www\PHPTutorial\WWW\angels\Runtime\Cache\Mp\7cb10ba0d1ce8943d51dad443e7cea26.php 第 71 行.
NOTIC: [8] Undefined offset: 40000 D:\Aroot\myphp_www\PHPTutorial\WWW\angels\Runtime\Cache\Mp\7cb10ba0d1ce8943d51dad443e7cea26.php 第 95 行.
NOTIC: [8] Undefined offset: 12000 D:\Aroot\myphp_www\PHPTutorial\WWW\angels\Runtime\Cache\Mp\7cb10ba0d1ce8943d51dad443e7cea26.php 第 104 行.
NOTIC: [8] Undefined offset: 70017 D:\Aroot\myphp_www\PHPTutorial\WWW\angels\Runtime\Cache\Mp\7cb10ba0d1ce8943d51dad443e7cea26.php 第 117 行.
NOTIC: [8] Undefined offset: 70019 D:\Aroot\myphp_www\PHPTutorial\WWW\angels\Runtime\Cache\Mp\7cb10ba0d1ce8943d51dad443e7cea26.php 第 118 行.
NOTIC: [8] Undefined offset: 70021 D:\Aroot\myphp_www\PHPTutorial\WWW\angels\Runtime\Cache\Mp\7cb10ba0d1ce8943d51dad443e7cea26.php 第 125 行.
NOTIC: [8] Undefined offset: 70022 D:\Aroot\myphp_www\PHPTutorial\WWW\angels\Runtime\Cache\Mp\7cb10ba0d1ce8943d51dad443e7cea26.php 第 126 行.
NOTIC: [8] Undefined offset: 70014 D:\Aroot\myphp_www\PHPTutorial\WWW\angels\Runtime\Cache\Mp\7cb10ba0d1ce8943d51dad443e7cea26.php 第 133 行.
NOTIC: [8] Undefined offset: 80000 D:\Aroot\myphp_www\PHPTutorial\WWW\angels\Runtime\Cache\Mp\7cb10ba0d1ce8943d51dad443e7cea26.php 第 138 行.
INFO: Run Behavior\ParseTemplateBehavior [ RunTime:0.016001s ]
INFO: [ view_parse ] --END-- [ RunTime:0.017001s ]
INFO: [ view_filter ] --START--
INFO: Run Behavior\WriteHtmlCacheBehavior [ RunTime:0.000000s ]
INFO: [ view_filter ] --END-- [ RunTime:0.000000s ]
INFO: [ app_end ] --START--
INFO: Run Behavior\ShowPageTraceBehavior [ RunTime:0.001000s ]
INFO: [ app_end ] --END-- [ RunTime:0.001000s ]

