[ 2018-11-16T16:36:55+08:00 ] 127.0.0.1 /
INFO: [ app_init ] --START--
INFO: Run Behavior\BuildLiteBehavior [ RunTime:0.000000s ]
INFO: [ app_init ] --END-- [ RunTime:0.031002s ]
INFO: [ app_begin ] --START--
INFO: Run Behavior\ReadHtmlCacheBehavior [ RunTime:0.001000s ]
INFO: [ app_begin ] --END-- [ RunTime:0.001000s ]
INFO: [ action_begin ] --START--
SQL: SHOW COLUMNS FROM `fw_denyip` [ RunTime:0.0440s ]
SQL: SELECT * FROM `fw_denyip`  [ RunTime:0.0020s ]
INFO: Run Home\Behaviors\DenyipsBehavior [ RunTime:0.154009s ]
INFO: [ action_begin ] --END-- [ RunTime:0.154009s ]
SQL: SHOW COLUMNS FROM `fw_jfmonews` [ RunTime:0.0410s ]
SQL: SELECT * FROM `fw_jfmonews` WHERE `news_isgg` = 1 AND `news_unitcode` = '3321' ORDER BY news_addtime DESC LIMIT 1   [ RunTime:0.0010s ]
SQL: SHOW COLUMNS FROM `fw_jfmobasic` [ RunTime:0.0350s ]
SQL: SELECT * FROM `fw_jfmobasic` WHERE `bas_unitcode` = '3321' LIMIT 1   [ RunTime:0.0010s ]
SQL: SHOW COLUMNS FROM `fw_adinfo` [ RunTime:0.0350s ]
SQL: SELECT * FROM `fw_adinfo` WHERE `ad_unitcode` = '3321' ORDER BY ad_addtime DESC LIMIT 5   [ RunTime:0.0010s ]
INFO: [ view_parse ] --START--
INFO: [ template_filter ] --START--
INFO: Run Behavior\ContentReplaceBehavior [ RunTime:0.000000s ]
INFO: [ template_filter ] --END-- [ RunTime:0.000000s ]
INFO: Run Behavior\ParseTemplateBehavior [ RunTime:0.124008s ]
INFO: [ view_parse ] --END-- [ RunTime:0.124008s ]
INFO: [ view_filter ] --START--
INFO: Run Behavior\WriteHtmlCacheBehavior [ RunTime:0.007000s ]
INFO: [ view_filter ] --END-- [ RunTime:0.007000s ]
INFO: [ app_end ] --START--
INFO: Run Behavior\ShowPageTraceBehavior [ RunTime:0.005000s ]
INFO: [ app_end ] --END-- [ RunTime:0.005000s ]

