[ 2018-11-17T09:25:58+08:00 ] 127.0.0.1 /
INFO: [ app_init ] --START--
INFO: Run Behavior\BuildLiteBehavior [ RunTime:0.000000s ]
INFO: [ app_init ] --END-- [ RunTime:0.157009s ]
INFO: [ app_begin ] --START--
INFO: Run Behavior\ReadHtmlCacheBehavior [ RunTime:0.003000s ]
INFO: [ app_begin ] --END-- [ RunTime:0.003000s ]
INFO: [ action_begin ] --START--
SQL: SHOW COLUMNS FROM `fw_denyip` [ RunTime:0.1250s ]
SQL: SELECT * FROM `fw_denyip`  [ RunTime:0.0010s ]
INFO: Run Home\Behaviors\DenyipsBehavior [ RunTime:0.415024s ]
INFO: [ action_begin ] --END-- [ RunTime:0.415024s ]
SQL: SHOW COLUMNS FROM `fw_jfmonews` [ RunTime:0.2200s ]
SQL: SELECT * FROM `fw_jfmonews` WHERE `news_isgg` = 1 AND `news_unitcode` = '3321' ORDER BY news_addtime DESC LIMIT 1   [ RunTime:0.0010s ]
SQL: SHOW COLUMNS FROM `fw_jfmobasic` [ RunTime:0.1810s ]
SQL: SELECT * FROM `fw_jfmobasic` WHERE `bas_unitcode` = '3321' LIMIT 1   [ RunTime:0.0030s ]
SQL: SHOW COLUMNS FROM `fw_adinfo` [ RunTime:0.0800s ]
SQL: SELECT * FROM `fw_adinfo` WHERE `ad_unitcode` = '3321' ORDER BY ad_addtime DESC LIMIT 5   [ RunTime:0.0010s ]
INFO: [ view_parse ] --START--
INFO: [ template_filter ] --START--
INFO: Run Behavior\ContentReplaceBehavior [ RunTime:0.000000s ]
INFO: [ template_filter ] --END-- [ RunTime:0.001000s ]
INFO: Run Behavior\ParseTemplateBehavior [ RunTime:0.424024s ]
INFO: [ view_parse ] --END-- [ RunTime:0.424024s ]
INFO: [ view_filter ] --START--
INFO: Run Behavior\WriteHtmlCacheBehavior [ RunTime:0.054003s ]
INFO: [ view_filter ] --END-- [ RunTime:0.054003s ]
INFO: [ app_end ] --START--
INFO: Run Behavior\ShowPageTraceBehavior [ RunTime:0.033002s ]
INFO: [ app_end ] --END-- [ RunTime:0.033002s ]

[ 2018-11-17T11:18:51+08:00 ] 127.0.0.1 /
INFO: [ app_init ] --START--
INFO: Run Behavior\BuildLiteBehavior [ RunTime:0.000000s ]
INFO: [ app_init ] --END-- [ RunTime:0.002000s ]
INFO: [ app_begin ] --START--
INFO: Run Behavior\ReadHtmlCacheBehavior [ RunTime:0.001000s ]
INFO: [ app_begin ] --END-- [ RunTime:0.002000s ]
INFO: [ action_begin ] --START--
SQL: SHOW COLUMNS FROM `fw_denyip` [ RunTime:0.0360s ]
SQL: SELECT * FROM `fw_denyip`  [ RunTime:0.0020s ]
INFO: Run Home\Behaviors\DenyipsBehavior [ RunTime:0.144008s ]
INFO: [ action_begin ] --END-- [ RunTime:0.144008s ]
SQL: SHOW COLUMNS FROM `fw_jfmonews` [ RunTime:0.0350s ]
SQL: SELECT * FROM `fw_jfmonews` WHERE `news_isgg` = 1 AND `news_unitcode` = '3321' ORDER BY news_addtime DESC LIMIT 1   [ RunTime:0.0020s ]
SQL: SHOW COLUMNS FROM `fw_jfmobasic` [ RunTime:0.0210s ]
SQL: SELECT * FROM `fw_jfmobasic` WHERE `bas_unitcode` = '3321' LIMIT 1   [ RunTime:0.0020s ]
SQL: SHOW COLUMNS FROM `fw_adinfo` [ RunTime:0.0150s ]
SQL: SELECT * FROM `fw_adinfo` WHERE `ad_unitcode` = '3321' ORDER BY ad_addtime DESC LIMIT 5   [ RunTime:0.0010s ]
INFO: [ view_parse ] --START--
INFO: [ template_filter ] --START--
INFO: Run Behavior\ContentReplaceBehavior [ RunTime:0.000000s ]
INFO: [ template_filter ] --END-- [ RunTime:0.000000s ]
INFO: Run Behavior\ParseTemplateBehavior [ RunTime:0.156009s ]
INFO: [ view_parse ] --END-- [ RunTime:0.156009s ]
INFO: [ view_filter ] --START--
INFO: Run Behavior\WriteHtmlCacheBehavior [ RunTime:0.009000s ]
INFO: [ view_filter ] --END-- [ RunTime:0.009000s ]
INFO: [ app_end ] --START--
INFO: Run Behavior\ShowPageTraceBehavior [ RunTime:0.006001s ]
INFO: [ app_end ] --END-- [ RunTime:0.006001s ]

[ 2018-11-17T11:33:57+08:00 ] 127.0.0.1 /
INFO: [ app_init ] --START--
INFO: Run Behavior\BuildLiteBehavior [ RunTime:0.000000s ]
INFO: [ app_init ] --END-- [ RunTime:0.000000s ]
INFO: [ app_begin ] --START--
INFO: Run Behavior\ReadHtmlCacheBehavior [ RunTime:0.000000s ]
INFO: [ app_begin ] --END-- [ RunTime:0.000000s ]
INFO: [ action_begin ] --START--
SQL: SHOW COLUMNS FROM `fw_denyip` [ RunTime:0.0150s ]
SQL: SELECT * FROM `fw_denyip`  [ RunTime:0.0630s ]
INFO: Run Home\Behaviors\DenyipsBehavior [ RunTime:0.146008s ]
INFO: [ action_begin ] --END-- [ RunTime:0.147008s ]
SQL: SHOW COLUMNS FROM `fw_jfmonews` [ RunTime:0.0900s ]
SQL: SELECT * FROM `fw_jfmonews` WHERE `news_isgg` = 1 AND `news_unitcode` = '3321' ORDER BY news_addtime DESC LIMIT 1   [ RunTime:0.0010s ]
SQL: SHOW COLUMNS FROM `fw_jfmobasic` [ RunTime:0.0860s ]
SQL: SELECT * FROM `fw_jfmobasic` WHERE `bas_unitcode` = '3321' LIMIT 1   [ RunTime:0.0010s ]
SQL: SHOW COLUMNS FROM `fw_adinfo` [ RunTime:0.0090s ]
SQL: SELECT * FROM `fw_adinfo` WHERE `ad_unitcode` = '3321' ORDER BY ad_addtime DESC LIMIT 5   [ RunTime:0.0010s ]
INFO: [ view_parse ] --START--
INFO: [ template_filter ] --START--
INFO: Run Behavior\ContentReplaceBehavior [ RunTime:0.000000s ]
INFO: [ template_filter ] --END-- [ RunTime:0.000000s ]
INFO: Run Behavior\ParseTemplateBehavior [ RunTime:0.018001s ]
INFO: [ view_parse ] --END-- [ RunTime:0.018001s ]
INFO: [ view_filter ] --START--
INFO: Run Behavior\WriteHtmlCacheBehavior [ RunTime:0.000000s ]
INFO: [ view_filter ] --END-- [ RunTime:0.000000s ]
INFO: [ app_end ] --START--
INFO: Run Behavior\ShowPageTraceBehavior [ RunTime:0.000000s ]
INFO: [ app_end ] --END-- [ RunTime:0.000000s ]

[ 2018-11-17T11:34:02+08:00 ] 127.0.0.1 /Angels/Product
INFO: [ app_init ] --START--
INFO: Run Behavior\BuildLiteBehavior [ RunTime:0.000000s ]
INFO: [ app_init ] --END-- [ RunTime:0.000000s ]
INFO: [ app_begin ] --START--
INFO: Run Behavior\ReadHtmlCacheBehavior [ RunTime:0.001000s ]
INFO: [ app_begin ] --END-- [ RunTime:0.001000s ]
INFO: [ action_begin ] --START--
SQL: SHOW COLUMNS FROM `fw_denyip` [ RunTime:0.0080s ]
SQL: SELECT * FROM `fw_denyip`  [ RunTime:0.0010s ]
INFO: Run Home\Behaviors\DenyipsBehavior [ RunTime:0.025001s ]
INFO: [ action_begin ] --END-- [ RunTime:0.025001s ]
SQL: SHOW COLUMNS FROM `fw_jfproduct` [ RunTime:0.0180s ]
SQL: SELECT COUNT(*) AS tp_count FROM `fw_jfproduct` WHERE `pro_unitcode` = '3321' AND `pro_active` = 1 LIMIT 1   [ RunTime:0.0020s ]
SQL: SELECT * FROM `fw_jfproduct` WHERE `pro_unitcode` = '3321' AND `pro_active` = 1 ORDER BY pro_addtime DESC LIMIT 0,20   [ RunTime:0.0020s ]
INFO: [ view_parse ] --START--
INFO: [ template_filter ] --START--
INFO: Run Behavior\ContentReplaceBehavior [ RunTime:0.000000s ]
INFO: [ template_filter ] --END-- [ RunTime:0.000000s ]
INFO: Run Behavior\ParseTemplateBehavior [ RunTime:0.031002s ]
INFO: [ view_parse ] --END-- [ RunTime:0.031002s ]
INFO: [ view_filter ] --START--
INFO: Run Behavior\WriteHtmlCacheBehavior [ RunTime:0.001000s ]
INFO: [ view_filter ] --END-- [ RunTime:0.001000s ]
INFO: [ app_end ] --START--
INFO: Run Behavior\ShowPageTraceBehavior [ RunTime:0.000000s ]
INFO: [ app_end ] --END-- [ RunTime:0.000000s ]

[ 2018-11-17T11:34:04+08:00 ] 127.0.0.1 /Angels/Index/index
INFO: [ app_init ] --START--
INFO: Run Behavior\BuildLiteBehavior [ RunTime:0.000000s ]
INFO: [ app_init ] --END-- [ RunTime:0.000000s ]
INFO: [ app_begin ] --START--
INFO: Run Behavior\ReadHtmlCacheBehavior [ RunTime:0.001000s ]
INFO: [ app_begin ] --END-- [ RunTime:0.001000s ]
INFO: [ action_begin ] --START--
SQL: SHOW COLUMNS FROM `fw_denyip` [ RunTime:0.0090s ]
SQL: SELECT * FROM `fw_denyip`  [ RunTime:0.0010s ]
INFO: Run Home\Behaviors\DenyipsBehavior [ RunTime:0.026001s ]
INFO: [ action_begin ] --END-- [ RunTime:0.026001s ]
SQL: SHOW COLUMNS FROM `fw_jfmonews` [ RunTime:0.0090s ]
SQL: SELECT * FROM `fw_jfmonews` WHERE `news_isgg` = 1 AND `news_unitcode` = '3321' ORDER BY news_addtime DESC LIMIT 1   [ RunTime:0.0010s ]
SQL: SHOW COLUMNS FROM `fw_jfmobasic` [ RunTime:0.0090s ]
SQL: SELECT * FROM `fw_jfmobasic` WHERE `bas_unitcode` = '3321' LIMIT 1   [ RunTime:0.0010s ]
SQL: SHOW COLUMNS FROM `fw_adinfo` [ RunTime:0.0080s ]
SQL: SELECT * FROM `fw_adinfo` WHERE `ad_unitcode` = '3321' ORDER BY ad_addtime DESC LIMIT 5   [ RunTime:0.0010s ]
INFO: [ view_parse ] --START--
INFO: [ template_filter ] --START--
INFO: Run Behavior\ContentReplaceBehavior [ RunTime:0.000000s ]
INFO: [ template_filter ] --END-- [ RunTime:0.000000s ]
INFO: Run Behavior\ParseTemplateBehavior [ RunTime:0.006000s ]
INFO: [ view_parse ] --END-- [ RunTime:0.006000s ]
INFO: [ view_filter ] --START--
INFO: Run Behavior\WriteHtmlCacheBehavior [ RunTime:0.000000s ]
INFO: [ view_filter ] --END-- [ RunTime:0.000000s ]
INFO: [ app_end ] --START--
INFO: Run Behavior\ShowPageTraceBehavior [ RunTime:0.000000s ]
INFO: [ app_end ] --END-- [ RunTime:0.000000s ]

[ 2018-11-17T11:34:05+08:00 ] 127.0.0.1 /Angels/Product
INFO: [ app_init ] --START--
INFO: Run Behavior\BuildLiteBehavior [ RunTime:0.000000s ]
INFO: [ app_init ] --END-- [ RunTime:0.000000s ]
INFO: [ app_begin ] --START--
INFO: Run Behavior\ReadHtmlCacheBehavior [ RunTime:0.001000s ]
INFO: [ app_begin ] --END-- [ RunTime:0.001000s ]
INFO: [ action_begin ] --START--
SQL: SHOW COLUMNS FROM `fw_denyip` [ RunTime:0.0090s ]
SQL: SELECT * FROM `fw_denyip`  [ RunTime:0.0010s ]
INFO: Run Home\Behaviors\DenyipsBehavior [ RunTime:0.026001s ]
INFO: [ action_begin ] --END-- [ RunTime:0.026001s ]
SQL: SHOW COLUMNS FROM `fw_jfproduct` [ RunTime:0.0120s ]
SQL: SELECT COUNT(*) AS tp_count FROM `fw_jfproduct` WHERE `pro_unitcode` = '3321' AND `pro_active` = 1 LIMIT 1   [ RunTime:0.0020s ]
SQL: SELECT * FROM `fw_jfproduct` WHERE `pro_unitcode` = '3321' AND `pro_active` = 1 ORDER BY pro_addtime DESC LIMIT 0,20   [ RunTime:0.0020s ]
INFO: [ view_parse ] --START--
INFO: [ template_filter ] --START--
INFO: Run Behavior\ContentReplaceBehavior [ RunTime:0.000000s ]
INFO: [ template_filter ] --END-- [ RunTime:0.000000s ]
INFO: Run Behavior\ParseTemplateBehavior [ RunTime:0.006000s ]
INFO: [ view_parse ] --END-- [ RunTime:0.006000s ]
INFO: [ view_filter ] --START--
INFO: Run Behavior\WriteHtmlCacheBehavior [ RunTime:0.000000s ]
INFO: [ view_filter ] --END-- [ RunTime:0.000000s ]
INFO: [ app_end ] --START--
INFO: Run Behavior\ShowPageTraceBehavior [ RunTime:0.000000s ]
INFO: [ app_end ] --END-- [ RunTime:0.000000s ]

[ 2018-11-17T11:34:07+08:00 ] 127.0.0.1 /Angels/Index/index
INFO: [ app_init ] --START--
INFO: Run Behavior\BuildLiteBehavior [ RunTime:0.000000s ]
INFO: [ app_init ] --END-- [ RunTime:0.000000s ]
INFO: [ app_begin ] --START--
INFO: Run Behavior\ReadHtmlCacheBehavior [ RunTime:0.000000s ]
INFO: [ app_begin ] --END-- [ RunTime:0.000000s ]
INFO: [ action_begin ] --START--
SQL: SHOW COLUMNS FROM `fw_denyip` [ RunTime:0.0080s ]
SQL: SELECT * FROM `fw_denyip`  [ RunTime:0.0010s ]
INFO: Run Home\Behaviors\DenyipsBehavior [ RunTime:0.025001s ]
INFO: [ action_begin ] --END-- [ RunTime:0.025001s ]
SQL: SHOW COLUMNS FROM `fw_jfmonews` [ RunTime:0.0090s ]
SQL: SELECT * FROM `fw_jfmonews` WHERE `news_isgg` = 1 AND `news_unitcode` = '3321' ORDER BY news_addtime DESC LIMIT 1   [ RunTime:0.0010s ]
SQL: SHOW COLUMNS FROM `fw_jfmobasic` [ RunTime:0.0090s ]
SQL: SELECT * FROM `fw_jfmobasic` WHERE `bas_unitcode` = '3321' LIMIT 1   [ RunTime:0.0010s ]
SQL: SHOW COLUMNS FROM `fw_adinfo` [ RunTime:0.0080s ]
SQL: SELECT * FROM `fw_adinfo` WHERE `ad_unitcode` = '3321' ORDER BY ad_addtime DESC LIMIT 5   [ RunTime:0.0010s ]
INFO: [ view_parse ] --START--
INFO: [ template_filter ] --START--
INFO: Run Behavior\ContentReplaceBehavior [ RunTime:0.000000s ]
INFO: [ template_filter ] --END-- [ RunTime:0.000000s ]
INFO: Run Behavior\ParseTemplateBehavior [ RunTime:0.006000s ]
INFO: [ view_parse ] --END-- [ RunTime:0.006000s ]
INFO: [ view_filter ] --START--
INFO: Run Behavior\WriteHtmlCacheBehavior [ RunTime:0.000000s ]
INFO: [ view_filter ] --END-- [ RunTime:0.000000s ]
INFO: [ app_end ] --START--
INFO: Run Behavior\ShowPageTraceBehavior [ RunTime:0.001000s ]
INFO: [ app_end ] --END-- [ RunTime:0.001000s ]

[ 2018-11-17T11:34:09+08:00 ] 127.0.0.1 /Angels/Product
INFO: [ app_init ] --START--
INFO: Run Behavior\BuildLiteBehavior [ RunTime:0.000000s ]
INFO: [ app_init ] --END-- [ RunTime:0.000000s ]
INFO: [ app_begin ] --START--
INFO: Run Behavior\ReadHtmlCacheBehavior [ RunTime:0.001000s ]
INFO: [ app_begin ] --END-- [ RunTime:0.001000s ]
INFO: [ action_begin ] --START--
SQL: SHOW COLUMNS FROM `fw_denyip` [ RunTime:0.0080s ]
SQL: SELECT * FROM `fw_denyip`  [ RunTime:0.0010s ]
INFO: Run Home\Behaviors\DenyipsBehavior [ RunTime:0.025002s ]
INFO: [ action_begin ] --END-- [ RunTime:0.025002s ]
SQL: SHOW COLUMNS FROM `fw_jfproduct` [ RunTime:0.0080s ]
SQL: SELECT COUNT(*) AS tp_count FROM `fw_jfproduct` WHERE `pro_unitcode` = '3321' AND `pro_active` = 1 LIMIT 1   [ RunTime:0.0010s ]
SQL: SELECT * FROM `fw_jfproduct` WHERE `pro_unitcode` = '3321' AND `pro_active` = 1 ORDER BY pro_addtime DESC LIMIT 0,20   [ RunTime:0.0010s ]
INFO: [ view_parse ] --START--
INFO: [ template_filter ] --START--
INFO: Run Behavior\ContentReplaceBehavior [ RunTime:0.000000s ]
INFO: [ template_filter ] --END-- [ RunTime:0.000000s ]
INFO: Run Behavior\ParseTemplateBehavior [ RunTime:0.006001s ]
INFO: [ view_parse ] --END-- [ RunTime:0.006001s ]
INFO: [ view_filter ] --START--
INFO: Run Behavior\WriteHtmlCacheBehavior [ RunTime:0.000000s ]
INFO: [ view_filter ] --END-- [ RunTime:0.000000s ]
INFO: [ app_end ] --START--
INFO: Run Behavior\ShowPageTraceBehavior [ RunTime:0.001000s ]
INFO: [ app_end ] --END-- [ RunTime:0.001000s ]

[ 2018-11-17T11:34:10+08:00 ] 127.0.0.1 /Angels/Product/detail/proid/1
INFO: [ app_init ] --START--
INFO: Run Behavior\BuildLiteBehavior [ RunTime:0.000000s ]
INFO: [ app_init ] --END-- [ RunTime:0.000000s ]
INFO: [ app_begin ] --START--
INFO: Run Behavior\ReadHtmlCacheBehavior [ RunTime:0.001001s ]
INFO: [ app_begin ] --END-- [ RunTime:0.001001s ]
INFO: [ action_begin ] --START--
SQL: SHOW COLUMNS FROM `fw_denyip` [ RunTime:0.0080s ]
SQL: SELECT * FROM `fw_denyip`  [ RunTime:0.0000s ]
INFO: Run Home\Behaviors\DenyipsBehavior [ RunTime:0.025001s ]
INFO: [ action_begin ] --END-- [ RunTime:0.025001s ]
SQL: SHOW COLUMNS FROM `fw_jfproduct` [ RunTime:0.0080s ]
SQL: SELECT * FROM `fw_jfproduct` WHERE `pro_id` = 1 AND `pro_unitcode` = '3321' AND `pro_active` = 1 LIMIT 1   [ RunTime:0.0010s ]
INFO: [ view_parse ] --START--
INFO: [ template_filter ] --START--
INFO: Run Behavior\ContentReplaceBehavior [ RunTime:0.000000s ]
INFO: [ template_filter ] --END-- [ RunTime:0.000000s ]
INFO: Run Behavior\ParseTemplateBehavior [ RunTime:0.025001s ]
INFO: [ view_parse ] --END-- [ RunTime:0.025001s ]
INFO: [ view_filter ] --START--
INFO: Run Behavior\WriteHtmlCacheBehavior [ RunTime:0.000000s ]
INFO: [ view_filter ] --END-- [ RunTime:0.000000s ]
INFO: [ app_end ] --START--
INFO: Run Behavior\ShowPageTraceBehavior [ RunTime:0.001000s ]
INFO: [ app_end ] --END-- [ RunTime:0.001000s ]

[ 2018-11-17T11:34:12+08:00 ] 127.0.0.1 /Angels/Product/index
INFO: [ app_init ] --START--
INFO: Run Behavior\BuildLiteBehavior [ RunTime:0.000000s ]
INFO: [ app_init ] --END-- [ RunTime:0.000000s ]
INFO: [ app_begin ] --START--
INFO: Run Behavior\ReadHtmlCacheBehavior [ RunTime:0.000000s ]
INFO: [ app_begin ] --END-- [ RunTime:0.000000s ]
INFO: [ action_begin ] --START--
SQL: SHOW COLUMNS FROM `fw_denyip` [ RunTime:0.0080s ]
SQL: SELECT * FROM `fw_denyip`  [ RunTime:0.0010s ]
INFO: Run Home\Behaviors\DenyipsBehavior [ RunTime:0.025002s ]
INFO: [ action_begin ] --END-- [ RunTime:0.025002s ]
SQL: SHOW COLUMNS FROM `fw_jfproduct` [ RunTime:0.0080s ]
SQL: SELECT COUNT(*) AS tp_count FROM `fw_jfproduct` WHERE `pro_unitcode` = '3321' AND `pro_active` = 1 LIMIT 1   [ RunTime:0.0000s ]
SQL: SELECT * FROM `fw_jfproduct` WHERE `pro_unitcode` = '3321' AND `pro_active` = 1 ORDER BY pro_addtime DESC LIMIT 0,20   [ RunTime:0.0010s ]
INFO: [ view_parse ] --START--
INFO: [ template_filter ] --START--
INFO: Run Behavior\ContentReplaceBehavior [ RunTime:0.000000s ]
INFO: [ template_filter ] --END-- [ RunTime:0.000000s ]
INFO: Run Behavior\ParseTemplateBehavior [ RunTime:0.006001s ]
INFO: [ view_parse ] --END-- [ RunTime:0.006001s ]
INFO: [ view_filter ] --START--
INFO: Run Behavior\WriteHtmlCacheBehavior [ RunTime:0.000000s ]
INFO: [ view_filter ] --END-- [ RunTime:0.000000s ]
INFO: [ app_end ] --START--
INFO: Run Behavior\ShowPageTraceBehavior [ RunTime:0.001000s ]
INFO: [ app_end ] --END-- [ RunTime:0.001000s ]

[ 2018-11-17T11:34:13+08:00 ] 127.0.0.1 /Angels/Index/index
INFO: [ app_init ] --START--
INFO: Run Behavior\BuildLiteBehavior [ RunTime:0.000000s ]
INFO: [ app_init ] --END-- [ RunTime:0.001000s ]
INFO: [ app_begin ] --START--
INFO: Run Behavior\ReadHtmlCacheBehavior [ RunTime:0.000000s ]
INFO: [ app_begin ] --END-- [ RunTime:0.000000s ]
INFO: [ action_begin ] --START--
SQL: SHOW COLUMNS FROM `fw_denyip` [ RunTime:0.0080s ]
SQL: SELECT * FROM `fw_denyip`  [ RunTime:0.0000s ]
INFO: Run Home\Behaviors\DenyipsBehavior [ RunTime:0.026001s ]
INFO: [ action_begin ] --END-- [ RunTime:0.027002s ]
SQL: SHOW COLUMNS FROM `fw_jfmonews` [ RunTime:0.0080s ]
SQL: SELECT * FROM `fw_jfmonews` WHERE `news_isgg` = 1 AND `news_unitcode` = '3321' ORDER BY news_addtime DESC LIMIT 1   [ RunTime:0.0010s ]
SQL: SHOW COLUMNS FROM `fw_jfmobasic` [ RunTime:0.0090s ]
SQL: SELECT * FROM `fw_jfmobasic` WHERE `bas_unitcode` = '3321' LIMIT 1   [ RunTime:0.0010s ]
SQL: SHOW COLUMNS FROM `fw_adinfo` [ RunTime:0.0070s ]
SQL: SELECT * FROM `fw_adinfo` WHERE `ad_unitcode` = '3321' ORDER BY ad_addtime DESC LIMIT 5   [ RunTime:0.0010s ]
INFO: [ view_parse ] --START--
INFO: [ template_filter ] --START--
INFO: Run Behavior\ContentReplaceBehavior [ RunTime:0.000000s ]
INFO: [ template_filter ] --END-- [ RunTime:0.000000s ]
INFO: Run Behavior\ParseTemplateBehavior [ RunTime:0.006000s ]
INFO: [ view_parse ] --END-- [ RunTime:0.006000s ]
INFO: [ view_filter ] --START--
INFO: Run Behavior\WriteHtmlCacheBehavior [ RunTime:0.000000s ]
INFO: [ view_filter ] --END-- [ RunTime:0.000000s ]
INFO: [ app_end ] --START--
INFO: Run Behavior\ShowPageTraceBehavior [ RunTime:0.001001s ]
INFO: [ app_end ] --END-- [ RunTime:0.001001s ]

[ 2018-11-17T11:36:50+08:00 ] 127.0.0.1 /Angels/Product
INFO: [ app_init ] --START--
INFO: Run Behavior\BuildLiteBehavior [ RunTime:0.000000s ]
INFO: [ app_init ] --END-- [ RunTime:0.000000s ]
INFO: [ app_begin ] --START--
INFO: Run Behavior\ReadHtmlCacheBehavior [ RunTime:0.000000s ]
INFO: [ app_begin ] --END-- [ RunTime:0.000000s ]
INFO: [ action_begin ] --START--
SQL: SHOW COLUMNS FROM `fw_denyip` [ RunTime:0.0090s ]
SQL: SELECT * FROM `fw_denyip`  [ RunTime:0.0010s ]
INFO: Run Home\Behaviors\DenyipsBehavior [ RunTime:0.028002s ]
INFO: [ action_begin ] --END-- [ RunTime:0.028002s ]
SQL: SHOW COLUMNS FROM `fw_jfproduct` [ RunTime:0.0080s ]
SQL: SELECT COUNT(*) AS tp_count FROM `fw_jfproduct` WHERE `pro_unitcode` = '3321' AND `pro_active` = 1 LIMIT 1   [ RunTime:0.0010s ]
SQL: SELECT * FROM `fw_jfproduct` WHERE `pro_unitcode` = '3321' AND `pro_active` = 1 ORDER BY pro_addtime DESC LIMIT 0,20   [ RunTime:0.0010s ]
INFO: [ view_parse ] --START--
INFO: [ template_filter ] --START--
INFO: Run Behavior\ContentReplaceBehavior [ RunTime:0.000000s ]
INFO: [ template_filter ] --END-- [ RunTime:0.000000s ]
INFO: Run Behavior\ParseTemplateBehavior [ RunTime:0.007001s ]
INFO: [ view_parse ] --END-- [ RunTime:0.007001s ]
INFO: [ view_filter ] --START--
INFO: Run Behavior\WriteHtmlCacheBehavior [ RunTime:0.000000s ]
INFO: [ view_filter ] --END-- [ RunTime:0.000000s ]
INFO: [ app_end ] --START--
INFO: Run Behavior\ShowPageTraceBehavior [ RunTime:0.000000s ]
INFO: [ app_end ] --END-- [ RunTime:0.001000s ]

[ 2018-11-17T11:36:51+08:00 ] 127.0.0.1 /Angels/Product/detail/proid/1
INFO: [ app_init ] --START--
INFO: Run Behavior\BuildLiteBehavior [ RunTime:0.000000s ]
INFO: [ app_init ] --END-- [ RunTime:0.000000s ]
INFO: [ app_begin ] --START--
INFO: Run Behavior\ReadHtmlCacheBehavior [ RunTime:0.001000s ]
INFO: [ app_begin ] --END-- [ RunTime:0.001000s ]
INFO: [ action_begin ] --START--
SQL: SHOW COLUMNS FROM `fw_denyip` [ RunTime:0.0090s ]
SQL: SELECT * FROM `fw_denyip`  [ RunTime:0.0010s ]
INFO: Run Home\Behaviors\DenyipsBehavior [ RunTime:0.028002s ]
INFO: [ action_begin ] --END-- [ RunTime:0.028002s ]
SQL: SHOW COLUMNS FROM `fw_jfproduct` [ RunTime:0.0080s ]
SQL: SELECT * FROM `fw_jfproduct` WHERE `pro_id` = 1 AND `pro_unitcode` = '3321' AND `pro_active` = 1 LIMIT 1   [ RunTime:0.0010s ]
INFO: [ view_parse ] --START--
INFO: [ template_filter ] --START--
INFO: Run Behavior\ContentReplaceBehavior [ RunTime:0.000000s ]
INFO: [ template_filter ] --END-- [ RunTime:0.000000s ]
INFO: Run Behavior\ParseTemplateBehavior [ RunTime:0.005001s ]
INFO: [ view_parse ] --END-- [ RunTime:0.006001s ]
INFO: [ view_filter ] --START--
INFO: Run Behavior\WriteHtmlCacheBehavior [ RunTime:0.000000s ]
INFO: [ view_filter ] --END-- [ RunTime:0.000000s ]
INFO: [ app_end ] --START--
INFO: Run Behavior\ShowPageTraceBehavior [ RunTime:0.000000s ]
INFO: [ app_end ] --END-- [ RunTime:0.000000s ]

